This file contains any messages produced by compilers while
running configure, to aid debugging if configure makes a mistake.

It was created by libctf configure 1.2.0, which was
generated by GNU Autoconf 2.69.  Invocation command line was

  $ /home/rjhd/Desktop/insight/bundle/libctf/configure --srcdir=.././libctf --cache-file=./config.cache --with-gnu-ld --enable-sim --with-expat --with-python --without-libunwind --with-tcl=/usr/lib/ --with-tk=/usr/lib/ --disable-gas --disable-binutils --enable-gdbtk --program-transform-name=s,y,y, --disable-option-checking --build=x86_64-pc-linux-gnu --host=x86_64-pc-linux-gnu --target=x86_64-pc-linux-gnu

## --------- ##
## Platform. ##
## --------- ##

hostname = ubuntu
uname -m = x86_64
uname -r = 5.11.0-43-generic
uname -s = Linux
uname -v = #47~20.04.2-Ubuntu SMP Mon Dec 13 11:06:56 UTC 2021

/usr/bin/uname -p = x86_64
/bin/uname -X     = unknown

/bin/arch              = x86_64
/usr/bin/arch -k       = unknown
/usr/convex/getsysinfo = unknown
/usr/bin/hostinfo      = unknown
/bin/machine           = unknown
/usr/bin/oslevel       = unknown
/bin/universe          = unknown

PATH: /usr/local/sbin
PATH: /usr/local/bin
PATH: /usr/sbin
PATH: /usr/bin
PATH: /sbin
PATH: /bin
PATH: /usr/games
PATH: /usr/local/games
PATH: /snap/bin
PATH: /root/.local/bin


## ----------- ##
## Core tests. ##
## ----------- ##

configure:2218: loading cache ./config.cache
configure:2343: checking build system type
configure:2357: result: x86_64-pc-linux-gnu
configure:2377: checking host system type
configure:2390: result: x86_64-pc-linux-gnu
configure:2410: checking target system type
configure:2423: result: x86_64-pc-linux-gnu
configure:2460: checking for x86_64-pc-linux-gnu-gcc
configure:2487: result: gcc
configure:2756: checking for C compiler version
configure:2765: gcc --version >&5
gcc (Ubuntu 9.3.0-17ubuntu1~20.04) 9.3.0
Copyright (C) 2019 Free Software Foundation, Inc.
This is free software; see the source for copying conditions.  There is NO
warranty; not even for MERCHANTABILITY or FITNESS FOR A PARTICULAR PURPOSE.

configure:2776: $? = 0
configure:2765: gcc -v >&5
Using built-in specs.
COLLECT_GCC=gcc
COLLECT_LTO_WRAPPER=/usr/lib/gcc/x86_64-linux-gnu/9/lto-wrapper
OFFLOAD_TARGET_NAMES=nvptx-none:hsa
OFFLOAD_TARGET_DEFAULT=1
Target: x86_64-linux-gnu
Configured with: ../src/configure -v --with-pkgversion='Ubuntu 9.3.0-17ubuntu1~20.04' --with-bugurl=file:///usr/share/doc/gcc-9/README.Bugs --enable-languages=c,ada,c++,go,brig,d,fortran,objc,obj-c++,gm2 --prefix=/usr --with-gcc-major-version-only --program-suffix=-9 --program-prefix=x86_64-linux-gnu- --enable-shared --enable-linker-build-id --libexecdir=/usr/lib --without-included-gettext --enable-threads=posix --libdir=/usr/lib --enable-nls --enable-clocale=gnu --enable-libstdcxx-debug --enable-libstdcxx-time=yes --with-default-libstdcxx-abi=new --enable-gnu-unique-object --disable-vtable-verify --enable-plugin --enable-default-pie --with-system-zlib --with-target-system-zlib=auto --enable-objc-gc=auto --enable-multiarch --disable-werror --with-arch-32=i686 --with-abi=m64 --with-multilib-list=m32,m64,mx32 --enable-multilib --with-tune=generic --enable-offload-targets=nvptx-none=/build/gcc-9-HskZEa/gcc-9-9.3.0/debian/tmp-nvptx/usr,hsa --without-cuda-driver --enable-checking=release --build=x86_64-linux-gnu --host=x86_64-linux-gnu --target=x86_64-linux-gnu
Thread model: posix
gcc version 9.3.0 (Ubuntu 9.3.0-17ubuntu1~20.04) 
configure:2776: $? = 0
configure:2765: gcc -V >&5
gcc: error: unrecognized command line option '-V'
gcc: fatal error: no input files
compilation terminated.
configure:2776: $? = 1
configure:2765: gcc -qversion >&5
gcc: error: unrecognized command line option '-qversion'; did you mean '--version'?
gcc: fatal error: no input files
compilation terminated.
configure:2776: $? = 1
configure:2796: checking whether the C compiler works
configure:2818: gcc -g -O2        conftest.c  >&5
configure:2822: $? = 0
configure:2870: result: yes
configure:2873: checking for C compiler default output file name
configure:2875: result: a.out
configure:2881: checking for suffix of executables
configure:2888: gcc -o conftest -g -O2        conftest.c  >&5
configure:2892: $? = 0
configure:2914: result: 
configure:2936: checking whether we are cross compiling
configure:2944: gcc -o conftest -g -O2        conftest.c  >&5
configure:2948: $? = 0
configure:2955: ./conftest
configure:2959: $? = 0
configure:2947: result: no
configure:2952: checking for suffix of object files
configure:2999: result: o
configure:3003: checking whether we are using the GNU C compiler
configure:3031: result: yes
configure:3040: checking whether gcc accepts -g
configure:3101: result: yes
configure:3118: checking for gcc option to accept ISO C89
configure:3194: result: none needed
configure:3219: checking whether gcc understands -c and -o together
configure:3256: result: yes
configure:3279: checking how to run the C preprocessor
configure:3349: result: gcc -E
configure:3369: gcc -E  conftest.c
configure:3369: $? = 0
configure:3383: gcc -E  conftest.c
conftest.c:9:10: fatal error: ac_nonexistent.h: No such file or directory
    9 | #include <ac_nonexistent.h>
      |          ^~~~~~~~~~~~~~~~~~
compilation terminated.
configure:3383: $? = 1
configure: failed program was:
| /* confdefs.h */
| #define PACKAGE_NAME "libctf"
| #define PACKAGE_TARNAME "libctf"
| #define PACKAGE_VERSION "1.2.0"
| #define PACKAGE_STRING "libctf 1.2.0"
| #define PACKAGE_BUGREPORT ""
| #define PACKAGE_URL ""
| /* end confdefs.h.  */
| #include <ac_nonexistent.h>
configure:3412: checking for grep that handles long lines and -e
configure:3470: result: /usr/bin/grep
configure:3475: checking for egrep
configure:3537: result: /usr/bin/grep -E
configure:3542: checking for ANSI C header files
configure:3646: result: yes
configure:3659: checking for sys/types.h
configure:3659: result: yes
configure:3659: checking for sys/stat.h
configure:3659: result: yes
configure:3659: checking for stdlib.h
configure:3659: result: yes
configure:3659: checking for string.h
configure:3659: result: yes
configure:3659: checking for memory.h
configure:3659: result: yes
configure:3659: checking for strings.h
configure:3659: result: yes
configure:3659: checking for inttypes.h
configure:3659: result: yes
configure:3659: checking for stdint.h
configure:3659: result: yes
configure:3659: checking for unistd.h
configure:3659: result: yes
configure:3672: checking for minix/config.h
configure:3672: result: no
configure:3693: checking whether it is safe to define __EXTENSIONS__
configure:3718: result: yes
configure:3748: checking for a BSD-compatible install
configure:3816: result: /usr/bin/install -c
configure:3827: checking whether build environment is sane
configure:3882: result: yes
configure:4028: checking for a thread-safe mkdir -p
configure:4067: result: /usr/bin/mkdir -p
configure:4074: checking for gawk
configure:4101: result: mawk
configure:4112: checking whether make sets $(MAKE)
configure:4134: result: yes
configure:4164: checking for style of include used by make
configure:4192: result: GNU
configure:4226: checking whether make supports nested variables
configure:4243: result: yes
configure:4328: checking dependency style of gcc
configure:4439: result: gcc3
configure:4508: checking whether make supports nested variables
configure:4525: result: yes
configure:4538: checking whether make sets $(MAKE)
configure:4560: result: yes
configure:4577: checking for x86_64-pc-linux-gnu-gcc
configure:4604: result: gcc
configure:4873: checking for C compiler version
configure:4882: gcc --version >&5
gcc (Ubuntu 9.3.0-17ubuntu1~20.04) 9.3.0
Copyright (C) 2019 Free Software Foundation, Inc.
This is free software; see the source for copying conditions.  There is NO
warranty; not even for MERCHANTABILITY or FITNESS FOR A PARTICULAR PURPOSE.

configure:4893: $? = 0
configure:4882: gcc -v >&5
Using built-in specs.
COLLECT_GCC=gcc
COLLECT_LTO_WRAPPER=/usr/lib/gcc/x86_64-linux-gnu/9/lto-wrapper
OFFLOAD_TARGET_NAMES=nvptx-none:hsa
OFFLOAD_TARGET_DEFAULT=1
Target: x86_64-linux-gnu
Configured with: ../src/configure -v --with-pkgversion='Ubuntu 9.3.0-17ubuntu1~20.04' --with-bugurl=file:///usr/share/doc/gcc-9/README.Bugs --enable-languages=c,ada,c++,go,brig,d,fortran,objc,obj-c++,gm2 --prefix=/usr --with-gcc-major-version-only --program-suffix=-9 --program-prefix=x86_64-linux-gnu- --enable-shared --enable-linker-build-id --libexecdir=/usr/lib --without-included-gettext --enable-threads=posix --libdir=/usr/lib --enable-nls --enable-clocale=gnu --enable-libstdcxx-debug --enable-libstdcxx-time=yes --with-default-libstdcxx-abi=new --enable-gnu-unique-object --disable-vtable-verify --enable-plugin --enable-default-pie --with-system-zlib --with-target-system-zlib=auto --enable-objc-gc=auto --enable-multiarch --disable-werror --with-arch-32=i686 --with-abi=m64 --with-multilib-list=m32,m64,mx32 --enable-multilib --with-tune=generic --enable-offload-targets=nvptx-none=/build/gcc-9-HskZEa/gcc-9-9.3.0/debian/tmp-nvptx/usr,hsa --without-cuda-driver --enable-checking=release --build=x86_64-linux-gnu --host=x86_64-linux-gnu --target=x86_64-linux-gnu
Thread model: posix
gcc version 9.3.0 (Ubuntu 9.3.0-17ubuntu1~20.04) 
configure:4893: $? = 0
configure:4882: gcc -V >&5
gcc: error: unrecognized command line option '-V'
gcc: fatal error: no input files
compilation terminated.
configure:4893: $? = 1
configure:4882: gcc -qversion >&5
gcc: error: unrecognized command line option '-qversion'; did you mean '--version'?
gcc: fatal error: no input files
compilation terminated.
configure:4893: $? = 1
configure:4897: checking whether we are using the GNU C compiler
configure:4925: result: yes
configure:4934: checking whether gcc accepts -g
configure:4995: result: yes
configure:5012: checking for gcc option to accept ISO C89
configure:5088: result: none needed
configure:5113: checking whether gcc understands -c and -o together
configure:5150: result: yes
configure:5170: checking for x86_64-pc-linux-gnu-ranlib
configure:5197: result: ranlib --plugin /usr/lib/gcc/x86_64-linux-gnu/9/liblto_plugin.so
configure:5264: checking for x86_64-pc-linux-gnu-ar
configure:5291: result: ar --plugin /usr/lib/gcc/x86_64-linux-gnu/9/liblto_plugin.so
configure:5361: checking the archiver (ar --plugin /usr/lib/gcc/x86_64-linux-gnu/9/liblto_plugin.so) interface
configure:5410: result: ar
configure:5443: checking whether NLS is requested
configure:5449: result: yes
configure:5455: checking for catalogs to be installed
configure:5487: result: 
configure:5579: checking how to print strings
configure:5606: result: printf
configure:5627: checking for a sed that does not truncate output
configure:5691: result: /usr/bin/sed
configure:5709: checking for fgrep
configure:5771: result: /usr/bin/grep -F
configure:5806: checking for ld used by gcc
configure:5873: result: ld
configure:5880: checking if the linker (ld) is GNU ld
configure:5895: result: yes
configure:5907: checking for BSD- or MS-compatible name lister (nm)
configure:5957: result: /usr/bin/nm -B
configure:6087: checking the name lister (/usr/bin/nm -B) interface
configure:6107: result: BSD nm
configure:6110: checking whether ln -s works
configure:6114: result: yes
configure:6122: checking the maximum length of command line arguments
configure:6247: result: 1572864
configure:6264: checking whether the shell understands some XSI constructs
configure:6273: result: yes
configure:6277: checking whether the shell understands "+="
configure:6281: result: yes
configure:6316: checking for ld option to reload object files
configure:6323: result: -r
configure:6352: checking for x86_64-pc-linux-gnu-objdump
configure:6379: result: objdump
configure:6451: checking how to recognize dependent libraries
configure:6652: result: pass_all
configure:6685: checking for x86_64-pc-linux-gnu-ar
configure:6712: result: ar --plugin /usr/lib/gcc/x86_64-linux-gnu/9/liblto_plugin.so
configure:6803: checking for x86_64-pc-linux-gnu-strip
configure:6833: result: no
configure:6843: checking for strip
configure:6870: result: strip
configure:6902: checking for x86_64-pc-linux-gnu-ranlib
configure:6929: result: ranlib --plugin /usr/lib/gcc/x86_64-linux-gnu/9/liblto_plugin.so
configure:7076: checking command to parse /usr/bin/nm -B output from gcc object
configure:7299: result: ok
configure:7394: gcc -c -g -O2      conftest.c >&5
configure:7397: $? = 0
configure:8147: checking for dlfcn.h
configure:8147: result: yes
configure:8304: checking for objdir
configure:8319: result: .libs
configure:8590: checking if gcc supports -fno-rtti -fno-exceptions
configure:8625: result: no
configure:8645: checking for gcc option to produce PIC
configure:8931: result: -fPIC -DPIC
configure:8943: checking if gcc PIC flag -fPIC -DPIC works
configure:8978: result: yes
configure:9002: checking if gcc static flag -static works
configure:9030: result: yes
configure:9045: checking if gcc supports -c -o file.o
configure:9092: result: yes
configure:9100: checking if gcc supports -c -o file.o
configure:9147: result: yes
configure:9180: checking whether the gcc linker (ld -m elf_x86_64) supports shared libraries
configure:10251: result: yes
configure:10496: checking dynamic linker characteristics
configure:11159: result: GNU/Linux ld.so
configure:11266: checking how to hardcode library paths into programs
configure:11291: result: immediate
configure:11831: checking whether stripping libraries is possible
configure:11836: result: yes
configure:11871: checking if libtool supports shared libraries
configure:11873: result: yes
configure:11876: checking whether to build shared libraries
configure:11897: result: no
configure:11900: checking whether to build static libraries
configure:11904: result: yes
configure:11946: checking for special C compiler options needed for large files
configure:11991: result: no
configure:11997: checking for _FILE_OFFSET_BITS value needed for large files
configure:12054: result: no
configure:12145: checking for aclocal
configure:12172: result: ${SHELL} /home/rjhd/Desktop/insight/bundle/missing aclocal-1.15
configure:12188: checking for autoconf
configure:12215: result: ${SHELL} /home/rjhd/Desktop/insight/bundle/missing autoconf
configure:12231: checking for autoheader
configure:12258: result: ${SHELL} /home/rjhd/Desktop/insight/bundle/missing autoheader
configure:12292: checking whether gcc supports -W
configure:12318: result: yes
configure:12292: checking whether gcc supports -Wall
configure:12318: result: yes
configure:12292: checking whether gcc supports -Wnarrowing
configure:12318: result: yes
configure:12292: checking whether gcc supports -Wwrite-strings
configure:12318: result: yes
configure:12292: checking whether gcc supports -Wmissing-format-attribute
configure:12318: result: yes
configure:12350: checking whether gcc supports -Wstrict-prototypes
configure:12376: result: yes
configure:12350: checking whether gcc supports -Wmissing-prototypes
configure:12376: result: yes
configure:12350: checking whether gcc supports -Wold-style-definition
configure:12376: result: yes
configure:12400: checking whether gcc supports -pedantic -Wlong-long
configure:12426: result: yes
configure:12470: checking whether to enable maintainer-specific portions of Makefiles
configure:12479: result: no
configure:12507: checking whether to install libbfd
configure:12520: result: yes
configure:12565: checking whether gcc supports -Wall
configure:12591: result: yes
configure:12612: checking for stdlib.h
configure:12612: result: yes
configure:12612: checking for unistd.h
configure:12612: result: yes
configure:12612: checking for sys/param.h
configure:12612: result: yes
configure:12632: checking for getpagesize
configure:12632: result: yes
configure:12641: checking for working mmap
configure:12798: result: yes
configure:12808: checking for library containing dlsym
configure:12856: result: -ldl
configure:12921: checking for ELF support in BFD
configure:12949: result: yes
configure:12961: checking whether byte ordering is bigendian
configure:13167: result: no
configure:13188: checking for byteswap.h
configure:13188: result: yes
configure:13188: checking for endian.h
configure:13188: result: yes
configure:13200: checking for pread
configure:13200: result: yes
configure:13210: checking whether bswap_16 is declared
configure:13210: result: yes
configure:13221: checking whether bswap_32 is declared
configure:13221: result: yes
configure:13232: checking whether bswap_64 is declared
configure:13232: result: yes
configure:13244: checking whether asprintf is declared
configure:13244: result: yes
configure:13254: checking whether vasprintf is declared
configure:13254: result: yes
configure:13264: checking whether stpcpy is declared
configure:13264: result: yes
configure:13282: checking for qsort_r
configure:13282: result: yes
configure:13295: checking for qsort_r signature
configure:13355: result: GNU
configure:13378: checking for O_CLOEXEC
configure:13406: result: yes
configure:13421: checking for makeinfo
configure:13448: result: makeinfo --split-size=5000000
configure:13526: checking for expect
configure:13559: result: no
configure:13564: checking for Tcl supporting try/catch
configure:13575: result: no
configure:13588: checking for linker versioning flags
configure:13632: result: -Wl,--version-script='./libctf.ver'
configure:13757: checking that generated files are newer than configure
configure:13763: result: done
configure:13811: creating ./config.status

## ---------------------- ##
## Running config.status. ##
## ---------------------- ##

This file was extended by libctf config.status 1.2.0, which was
generated by GNU Autoconf 2.69.  Invocation command line was

  CONFIG_FILES    = 
  CONFIG_HEADERS  = 
  CONFIG_LINKS    = 
  CONFIG_COMMANDS = 
  $ ./config.status 

on ubuntu

config.status:1133: creating Makefile
config.status:1133: creating config.h
config.status:1314: config.h is unchanged
config.status:1362: executing depfiles commands
config.status:1362: executing libtool commands

## ---------------- ##
## Cache variables. ##
## ---------------- ##

ac_cv_build=x86_64-pc-linux-gnu
ac_cv_c_bigendian=no
ac_cv_c_compiler_gnu=yes
ac_cv_env_CC_set=set
ac_cv_env_CC_value=gcc
ac_cv_env_CFLAGS_set=set
ac_cv_env_CFLAGS_value='-g -O2    '
ac_cv_env_CPPFLAGS_set=
ac_cv_env_CPPFLAGS_value=
ac_cv_env_CPP_set=
ac_cv_env_CPP_value=
ac_cv_env_LDFLAGS_set=set
ac_cv_env_LDFLAGS_value=' '
ac_cv_env_LIBS_set=
ac_cv_env_LIBS_value=
ac_cv_env_build_alias_set=set
ac_cv_env_build_alias_value=x86_64-pc-linux-gnu
ac_cv_env_host_alias_set=set
ac_cv_env_host_alias_value=x86_64-pc-linux-gnu
ac_cv_env_target_alias_set=set
ac_cv_env_target_alias_value=x86_64-pc-linux-gnu
ac_cv_func_getpagesize=yes
ac_cv_func_mmap_fixed_mapped=yes
ac_cv_func_pread=yes
ac_cv_func_qsort_r=yes
ac_cv_have_decl_asprintf=yes
ac_cv_have_decl_bswap_16=yes
ac_cv_have_decl_bswap_32=yes
ac_cv_have_decl_bswap_64=yes
ac_cv_have_decl_stpcpy=yes
ac_cv_have_decl_vasprintf=yes
ac_cv_header_byteswap_h=yes
ac_cv_header_dlfcn_h=yes
ac_cv_header_endian_h=yes
ac_cv_header_inttypes_h=yes
ac_cv_header_memory_h=yes
ac_cv_header_minix_config_h=no
ac_cv_header_stdc=yes
ac_cv_header_stdint_h=yes
ac_cv_header_stdlib_h=yes
ac_cv_header_string_h=yes
ac_cv_header_strings_h=yes
ac_cv_header_sys_param_h=yes
ac_cv_header_sys_stat_h=yes
ac_cv_header_sys_types_h=yes
ac_cv_header_unistd_h=yes
ac_cv_host=x86_64-pc-linux-gnu
ac_cv_libctf_bfd_elf=yes
ac_cv_libctf_macro_O_CLOEXEC=yes
ac_cv_libctf_qsort_r_signature=GNU
ac_cv_libctf_tcl_try=no
ac_cv_libctf_version_script='-Wl,--version-script='\''./libctf.ver'\'''
ac_cv_objext=o
ac_cv_path_EGREP='/usr/bin/grep -E'
ac_cv_path_FGREP='/usr/bin/grep -F'
ac_cv_path_GREP=/usr/bin/grep
ac_cv_path_SED=/usr/bin/sed
ac_cv_path_mkdir=/usr/bin/mkdir
ac_cv_prog_ACLOCAL='${SHELL} /home/rjhd/Desktop/insight/bundle/missing aclocal-1.15'
ac_cv_prog_AR='ar --plugin /usr/lib/gcc/x86_64-linux-gnu/9/liblto_plugin.so'
ac_cv_prog_AUTOCONF='${SHELL} /home/rjhd/Desktop/insight/bundle/missing autoconf'
ac_cv_prog_AUTOHEADER='${SHELL} /home/rjhd/Desktop/insight/bundle/missing autoheader'
ac_cv_prog_AWK=mawk
ac_cv_prog_CC=gcc
ac_cv_prog_CPP='gcc -E'
ac_cv_prog_MAKEINFO='makeinfo --split-size=5000000'
ac_cv_prog_OBJDUMP=objdump
ac_cv_prog_RANLIB='ranlib --plugin /usr/lib/gcc/x86_64-linux-gnu/9/liblto_plugin.so'
ac_cv_prog_ac_ct_STRIP=strip
ac_cv_prog_cc_c89=
ac_cv_prog_cc_g=yes
ac_cv_prog_make_make_set=yes
ac_cv_safe_to_define___extensions__=yes
ac_cv_search_dlsym=-ldl
ac_cv_sys_file_offset_bits=no
ac_cv_sys_largefile_CC=no
ac_cv_target=x86_64-pc-linux-gnu
acx_cv_prog_cc_pedantic__Wlong_long=yes
acx_cv_prog_cc_warning__W=yes
acx_cv_prog_cc_warning__Wall=yes
acx_cv_prog_cc_warning__Wmissing_format_attribute=yes
acx_cv_prog_cc_warning__Wmissing_prototypes=yes
acx_cv_prog_cc_warning__Wnarrowing=yes
acx_cv_prog_cc_warning__Wold_style_definition=yes
acx_cv_prog_cc_warning__Wstrict_prototypes=yes
acx_cv_prog_cc_warning__Wwrite_strings=yes
am_cv_CC_dependencies_compiler_type=gcc3
am_cv_ar_interface=ar
am_cv_make_support_nested_variables=yes
am_cv_prog_cc_c_o=yes
lt_cv_deplibs_check_method=pass_all
lt_cv_file_magic_cmd='$MAGIC_CMD'
lt_cv_file_magic_test_file=
lt_cv_ld_reload_flag=-r
lt_cv_nm_interface='BSD nm'
lt_cv_objdir=.libs
lt_cv_path_LD=ld
lt_cv_path_NM='/usr/bin/nm -B'
lt_cv_prog_compiler_c_o=yes
lt_cv_prog_compiler_pic_works=yes
lt_cv_prog_compiler_rtti_exceptions=no
lt_cv_prog_compiler_static_works=yes
lt_cv_prog_gnu_ld=yes
lt_cv_shlibpath_overrides_runpath=yes
lt_cv_sys_global_symbol_pipe='sed -n -e '\''s/^.*[	 ]\([ABCDGIRSTW][ABCDGIRSTW]*\)[	 ][	 ]*\([_A-Za-z][_A-Za-z0-9]*\)$/\1 \2 \2/p'\'''
lt_cv_sys_global_symbol_to_c_name_address='sed -n -e '\''s/^: \([^ ]*\) $/  {\"\1\", (void *) 0},/p'\'' -e '\''s/^[ABCDGIRSTW]* \([^ ]*\) \([^ ]*\)$/  {"\2", (void *) \&\2},/p'\'''
lt_cv_sys_global_symbol_to_c_name_address_lib_prefix='sed -n -e '\''s/^: \([^ ]*\) $/  {\"\1\", (void *) 0},/p'\'' -e '\''s/^[ABCDGIRSTW]* \([^ ]*\) \(lib[^ ]*\)$/  {"\2", (void *) \&\2},/p'\'' -e '\''s/^[ABCDGIRSTW]* \([^ ]*\) \([^ ]*\)$/  {"lib\2", (void *) \&\2},/p'\'''
lt_cv_sys_global_symbol_to_cdecl='sed -n -e '\''s/^T .* \(.*\)$/extern int \1();/p'\'' -e '\''s/^[ABCDGIRSTW]* .* \(.*\)$/extern char \1;/p'\'''
lt_cv_sys_max_cmd_len=1572864

## ----------------- ##
## Output variables. ##
## ----------------- ##

ACLOCAL='${SHELL} /home/rjhd/Desktop/insight/bundle/missing aclocal-1.15'
AMDEPBACKSLASH='\'
AMDEP_FALSE='#'
AMDEP_TRUE=''
AMTAR='$${TAR-tar}'
AM_BACKSLASH='\'
AM_DEFAULT_V='$(AM_DEFAULT_VERBOSITY)'
AM_DEFAULT_VERBOSITY='0'
AM_V='$(V)'
AR='ar --plugin /usr/lib/gcc/x86_64-linux-gnu/9/liblto_plugin.so --plugin /usr/lib/gcc/x86_64-linux-gnu/9/liblto_plugin.so'
AUTOCONF='${SHELL} /home/rjhd/Desktop/insight/bundle/missing autoconf'
AUTOHEADER='${SHELL} /home/rjhd/Desktop/insight/bundle/missing autoheader'
AUTOMAKE='${SHELL} /home/rjhd/Desktop/insight/bundle/missing automake-1.15'
AWK='mawk'
BUILD_INFO_FALSE='#'
BUILD_INFO_TRUE=''
CATALOGS=''
CATOBJEXT='.gmo'
CC='gcc'
CCDEPMODE='depmode=gcc3'
CFLAGS='-g -O2    '
CPP='gcc -E'
CPPFLAGS=''
CTF_LIBADD='-L/home/rjhd/Desktop/insight/bundle/libctf/../libiberty -liberty '
CYGPATH_W='echo'
DATADIRNAME='share'
DEFS='-DHAVE_CONFIG_H'
DEPDIR='.deps'
DSYMUTIL='@DSYMUTIL@'
DUMPBIN=''
ECHO_C=''
ECHO_N='-n'
ECHO_T=''
EGREP='/usr/bin/grep -E'
ENABLE_LIBCTF_HASH_DEBUGGING_FALSE=''
ENABLE_LIBCTF_HASH_DEBUGGING_TRUE='#'
EXEEXT=''
EXPECT=''
FGREP='/usr/bin/grep -F'
GENCAT='gencat'
GMSGFMT=':'
GREP='/usr/bin/grep'
INCINTL=''
INSTALL_DATA='/usr/bin/install -c -m 644'
INSTALL_LIBBFD_FALSE='#'
INSTALL_LIBBFD_TRUE=''
INSTALL_PROGRAM='/usr/bin/install -c'
INSTALL_SCRIPT='/usr/bin/install -c'
INSTALL_STRIP_PROGRAM='$(install_sh) -c -s'
INSTOBJEXT='.mo'
LD='ld -m elf_x86_64'
LDFLAGS=' '
LIBINTL=''
LIBINTL_DEP=''
LIBOBJS=''
LIBS='-ldl '
LIBTOOL='$(SHELL) $(top_builddir)/libtool'
LIPO=''
LN_S='ln -s'
LTLIBOBJS=''
MAINT='#'
MAINTAINER_MODE_FALSE=''
MAINTAINER_MODE_TRUE='#'
MAKEINFO='makeinfo --split-size=5000000'
MKDIR_P='/usr/bin/mkdir -p'
NEED_CTF_QSORT_R_FALSE=''
NEED_CTF_QSORT_R_TRUE='#'
NM='/usr/bin/nm -B'
NMEDIT=''
OBJDUMP='objdump'
OBJEXT='o'
OTOOL64=''
OTOOL='@OTOOL@'
PACKAGE='libctf'
PACKAGE_BUGREPORT=''
PACKAGE_NAME='libctf'
PACKAGE_STRING='libctf 1.2.0'
PACKAGE_TARNAME='libctf'
PACKAGE_URL=''
PACKAGE_VERSION='1.2.0'
PATH_SEPARATOR=':'
POSUB='po'
RANLIB='ranlib --plugin /usr/lib/gcc/x86_64-linux-gnu/9/liblto_plugin.so --plugin /usr/lib/gcc/x86_64-linux-gnu/9/liblto_plugin.so'
SED='/usr/bin/sed'
SET_MAKE=''
SHARED_LDFLAGS=''
SHELL='/bin/bash'
STRIP='strip'
TCL_TRY_FALSE=''
TCL_TRY_TRUE='#'
USE_NLS='yes'
VERSION='1.2.0'
VERSION_FLAGS='-Wl,--version-script='\''./libctf.ver'\'''
VERSION_FLAGS_NOBFD='-Wl,--version-script='\''./libctf.ver'\'''
WARN_PEDANTIC='-pedantic -Wno-long-long'
WERROR=''
XGETTEXT=':'
ac_ct_AR=''
ac_ct_CC=''
ac_ct_DUMPBIN=''
ac_libctf_warn_cflags='-Wall'
am__EXEEXT_FALSE=''
am__EXEEXT_TRUE='#'
am__fastdepCC_FALSE='#'
am__fastdepCC_TRUE=''
am__include='include'
am__isrc=''
am__leading_dot='.'
am__nodep='_no'
am__quote=''
am__tar='$${TAR-tar} chof - "$$tardir"'
am__untar='$${TAR-tar} xf -'
bfdincludedir='$(includedir)'
bfdlibdir='$(libdir)'
bindir='${exec_prefix}/bin'
build='x86_64-pc-linux-gnu'
build_alias='x86_64-pc-linux-gnu'
build_cpu='x86_64'
build_os='linux-gnu'
build_vendor='pc'
c_warn='-Wstrict-prototypes -Wmissing-prototypes -Wold-style-definition'
datadir='${datarootdir}'
datarootdir='${prefix}/share'
docdir='${datarootdir}/doc/${PACKAGE_TARNAME}'
dvidir='${docdir}'
exec_prefix='${prefix}'
host='x86_64-pc-linux-gnu'
host_alias='x86_64-pc-linux-gnu'
host_cpu='x86_64'
host_noncanonical='x86_64-pc-linux-gnu'
host_os='linux-gnu'
host_vendor='pc'
htmldir='${docdir}'
includedir='${prefix}/include'
infodir='${datarootdir}/info'
install_sh='${SHELL} /home/rjhd/Desktop/insight/bundle/install-sh'
libdir='${exec_prefix}/lib'
libexecdir='${exec_prefix}/libexec'
localedir='${datarootdir}/locale'
localstatedir='${prefix}/var'
mandir='${datarootdir}/man'
mkdir_p='$(MKDIR_P)'
oldincludedir='/usr/include'
pdfdir='${docdir}'
prefix='/usr/local'
program_transform_name='s,y,y,'
psdir='${docdir}'
sbindir='${exec_prefix}/sbin'
sharedstatedir='${prefix}/com'
sysconfdir='${prefix}/etc'
target='x86_64-pc-linux-gnu'
target_alias='x86_64-pc-linux-gnu'
target_cpu='x86_64'
target_noncanonical='x86_64-pc-linux-gnu'
target_os='linux-gnu'
target_vendor='pc'
warn='-W -Wall -Wno-narrowing -Wwrite-strings -Wmissing-format-attribute'
zlibdir='-L$(top_builddir)/../zlib'
zlibinc='-I$(top_srcdir)/../zlib'

## ----------- ##
## confdefs.h. ##
## ----------- ##

/* confdefs.h */
#define PACKAGE_NAME "libctf"
#define PACKAGE_TARNAME "libctf"
#define PACKAGE_VERSION "1.2.0"
#define PACKAGE_STRING "libctf 1.2.0"
#define PACKAGE_BUGREPORT ""
#define PACKAGE_URL ""
#define STDC_HEADERS 1
#define HAVE_SYS_TYPES_H 1
#define HAVE_SYS_STAT_H 1
#define HAVE_STDLIB_H 1
#define HAVE_STRING_H 1
#define HAVE_MEMORY_H 1
#define HAVE_STRINGS_H 1
#define HAVE_INTTYPES_H 1
#define HAVE_STDINT_H 1
#define HAVE_UNISTD_H 1
#define __EXTENSIONS__ 1
#define _ALL_SOURCE 1
#define _GNU_SOURCE 1
#define _POSIX_PTHREAD_SEMANTICS 1
#define _TANDEM_SOURCE 1
#define PACKAGE "libctf"
#define VERSION "1.2.0"
#define ENABLE_NLS 1
#define HAVE_DLFCN_H 1
#define LT_OBJDIR ".libs/"
#define HAVE_STDLIB_H 1
#define HAVE_UNISTD_H 1
#define HAVE_SYS_PARAM_H 1
#define HAVE_GETPAGESIZE 1
#define HAVE_MMAP 1
#define HAVE_BFD_ELF 1
#define HAVE_BYTESWAP_H 1
#define HAVE_ENDIAN_H 1
#define HAVE_PREAD 1
#define HAVE_DECL_BSWAP_16 1
#define HAVE_DECL_BSWAP_32 1
#define HAVE_DECL_BSWAP_64 1
#define HAVE_DECL_ASPRINTF 1
#define HAVE_DECL_VASPRINTF 1
#define HAVE_DECL_STPCPY 1
#define HAVE_QSORT_R 1
#define HAVE_QSORT_R_ARG_LAST 1
#define HAVE_O_CLOEXEC 1

configure: exit 0
