This file contains any messages produced by compilers while
running configure, to aid debugging if configure makes a mistake.

It was created by configure, which was
generated by GNU Autoconf 2.69.  Invocation command line was

  $ /home/rjhd/Desktop/insight/bundle/gdb/configure --srcdir=.././gdb --cache-file=./config.cache --with-gnu-ld --enable-sim --with-expat --with-python --without-libunwind --with-tcl=/usr/lib/ --with-tk=/usr/lib/ --disable-gas --disable-binutils --enable-gdbtk --program-transform-name=s,y,y, --disable-option-checking --build=x86_64-pc-linux-gnu --host=x86_64-pc-linux-gnu --target=x86_64-pc-linux-gnu

## --------- ##
## Platform. ##
## --------- ##

hostname = ubuntu
uname -m = x86_64
uname -r = 5.11.0-43-generic
uname -s = Linux
uname -v = #47~20.04.2-Ubuntu SMP Mon Dec 13 11:06:56 UTC 2021

/usr/bin/uname -p = x86_64
/bin/uname -X     = unknown

/bin/arch              = x86_64
/usr/bin/arch -k       = unknown
/usr/convex/getsysinfo = unknown
/usr/bin/hostinfo      = unknown
/bin/machine           = unknown
/usr/bin/oslevel       = unknown
/bin/universe          = unknown

PATH: /usr/local/sbin
PATH: /usr/local/bin
PATH: /usr/sbin
PATH: /usr/bin
PATH: /sbin
PATH: /bin
PATH: /usr/games
PATH: /usr/local/games
PATH: /snap/bin
PATH: /root/.local/bin


## ----------- ##
## Core tests. ##
## ----------- ##

configure:2923: loading cache ./config.cache
configure:3015: checking whether to enable maintainer-specific portions of Makefiles
configure:3024: result: no
configure:3046: checking for x86_64-pc-linux-gnu-gcc
configure:3073: result: gcc
configure:3342: checking for C compiler version
configure:3351: gcc --version >&5
gcc (Ubuntu 9.3.0-17ubuntu1~20.04) 9.3.0
Copyright (C) 2019 Free Software Foundation, Inc.
This is free software; see the source for copying conditions.  There is NO
warranty; not even for MERCHANTABILITY or FITNESS FOR A PARTICULAR PURPOSE.

configure:3362: $? = 0
configure:3351: gcc -v >&5
Using built-in specs.
COLLECT_GCC=gcc
COLLECT_LTO_WRAPPER=/usr/lib/gcc/x86_64-linux-gnu/9/lto-wrapper
OFFLOAD_TARGET_NAMES=nvptx-none:hsa
OFFLOAD_TARGET_DEFAULT=1
Target: x86_64-linux-gnu
Configured with: ../src/configure -v --with-pkgversion='Ubuntu 9.3.0-17ubuntu1~20.04' --with-bugurl=file:///usr/share/doc/gcc-9/README.Bugs --enable-languages=c,ada,c++,go,brig,d,fortran,objc,obj-c++,gm2 --prefix=/usr --with-gcc-major-version-only --program-suffix=-9 --program-prefix=x86_64-linux-gnu- --enable-shared --enable-linker-build-id --libexecdir=/usr/lib --without-included-gettext --enable-threads=posix --libdir=/usr/lib --enable-nls --enable-clocale=gnu --enable-libstdcxx-debug --enable-libstdcxx-time=yes --with-default-libstdcxx-abi=new --enable-gnu-unique-object --disable-vtable-verify --enable-plugin --enable-default-pie --with-system-zlib --with-target-system-zlib=auto --enable-objc-gc=auto --enable-multiarch --disable-werror --with-arch-32=i686 --with-abi=m64 --with-multilib-list=m32,m64,mx32 --enable-multilib --with-tune=generic --enable-offload-targets=nvptx-none=/build/gcc-9-HskZEa/gcc-9-9.3.0/debian/tmp-nvptx/usr,hsa --without-cuda-driver --enable-checking=release --build=x86_64-linux-gnu --host=x86_64-linux-gnu --target=x86_64-linux-gnu
Thread model: posix
gcc version 9.3.0 (Ubuntu 9.3.0-17ubuntu1~20.04) 
configure:3362: $? = 0
configure:3351: gcc -V >&5
gcc: error: unrecognized command line option '-V'
gcc: fatal error: no input files
compilation terminated.
configure:3362: $? = 1
configure:3351: gcc -qversion >&5
gcc: error: unrecognized command line option '-qversion'; did you mean '--version'?
gcc: fatal error: no input files
compilation terminated.
configure:3362: $? = 1
configure:3382: checking whether the C compiler works
configure:3404: gcc -g -O2        conftest.c  >&5
configure:3408: $? = 0
configure:3456: result: yes
configure:3459: checking for C compiler default output file name
configure:3461: result: a.out
configure:3467: checking for suffix of executables
configure:3474: gcc -o conftest -g -O2        conftest.c  >&5
configure:3478: $? = 0
configure:3500: result: 
configure:3522: checking whether we are cross compiling
configure:3530: gcc -o conftest -g -O2        conftest.c  >&5
configure:3534: $? = 0
configure:3541: ./conftest
configure:3545: $? = 0
configure:3533: result: no
configure:3538: checking for suffix of object files
configure:3585: result: o
configure:3589: checking whether we are using the GNU C compiler
configure:3617: result: yes
configure:3626: checking whether gcc accepts -g
configure:3687: result: yes
configure:3704: checking for gcc option to accept ISO C89
configure:3780: result: none needed
configure:3912: checking for C++ compiler version
configure:3921: g++ --version >&5
g++ (Ubuntu 9.3.0-17ubuntu1~20.04) 9.3.0
Copyright (C) 2019 Free Software Foundation, Inc.
This is free software; see the source for copying conditions.  There is NO
warranty; not even for MERCHANTABILITY or FITNESS FOR A PARTICULAR PURPOSE.

configure:3932: $? = 0
configure:3921: g++ -v >&5
Using built-in specs.
COLLECT_GCC=g++
COLLECT_LTO_WRAPPER=/usr/lib/gcc/x86_64-linux-gnu/9/lto-wrapper
OFFLOAD_TARGET_NAMES=nvptx-none:hsa
OFFLOAD_TARGET_DEFAULT=1
Target: x86_64-linux-gnu
Configured with: ../src/configure -v --with-pkgversion='Ubuntu 9.3.0-17ubuntu1~20.04' --with-bugurl=file:///usr/share/doc/gcc-9/README.Bugs --enable-languages=c,ada,c++,go,brig,d,fortran,objc,obj-c++,gm2 --prefix=/usr --with-gcc-major-version-only --program-suffix=-9 --program-prefix=x86_64-linux-gnu- --enable-shared --enable-linker-build-id --libexecdir=/usr/lib --without-included-gettext --enable-threads=posix --libdir=/usr/lib --enable-nls --enable-clocale=gnu --enable-libstdcxx-debug --enable-libstdcxx-time=yes --with-default-libstdcxx-abi=new --enable-gnu-unique-object --disable-vtable-verify --enable-plugin --enable-default-pie --with-system-zlib --with-target-system-zlib=auto --enable-objc-gc=auto --enable-multiarch --disable-werror --with-arch-32=i686 --with-abi=m64 --with-multilib-list=m32,m64,mx32 --enable-multilib --with-tune=generic --enable-offload-targets=nvptx-none=/build/gcc-9-HskZEa/gcc-9-9.3.0/debian/tmp-nvptx/usr,hsa --without-cuda-driver --enable-checking=release --build=x86_64-linux-gnu --host=x86_64-linux-gnu --target=x86_64-linux-gnu
Thread model: posix
gcc version 9.3.0 (Ubuntu 9.3.0-17ubuntu1~20.04) 
configure:3932: $? = 0
configure:3921: g++ -V >&5
g++: error: unrecognized command line option '-V'
g++: fatal error: no input files
compilation terminated.
configure:3932: $? = 1
configure:3921: g++ -qversion >&5
g++: error: unrecognized command line option '-qversion'; did you mean '--version'?
g++: fatal error: no input files
compilation terminated.
configure:3932: $? = 1
configure:3936: checking whether we are using the GNU C++ compiler
configure:3964: result: yes
configure:3973: checking whether g++ accepts -g
configure:4034: result: yes
configure:4064: checking how to run the C preprocessor
configure:4134: result: gcc -E
configure:4154: gcc -E  conftest.c
configure:4154: $? = 0
configure:4168: gcc -E  conftest.c
conftest.c:9:10: fatal error: ac_nonexistent.h: No such file or directory
    9 | #include <ac_nonexistent.h>
      |          ^~~~~~~~~~~~~~~~~~
compilation terminated.
configure:4168: $? = 1
configure: failed program was:
| /* confdefs.h */
| #define PACKAGE_NAME ""
| #define PACKAGE_TARNAME ""
| #define PACKAGE_VERSION ""
| #define PACKAGE_STRING ""
| #define PACKAGE_BUGREPORT ""
| #define PACKAGE_URL ""
| /* end confdefs.h.  */
| #include <ac_nonexistent.h>
configure:4197: checking for grep that handles long lines and -e
configure:4255: result: /usr/bin/grep
configure:4260: checking for egrep
configure:4322: result: /usr/bin/grep -E
configure:4327: checking for ANSI C header files
configure:4431: result: yes
configure:4444: checking for sys/types.h
configure:4444: result: yes
configure:4444: checking for sys/stat.h
configure:4444: result: yes
configure:4444: checking for stdlib.h
configure:4444: result: yes
configure:4444: checking for string.h
configure:4444: result: yes
configure:4444: checking for memory.h
configure:4444: result: yes
configure:4444: checking for strings.h
configure:4444: result: yes
configure:4444: checking for inttypes.h
configure:4444: result: yes
configure:4444: checking for stdint.h
configure:4444: result: yes
configure:4444: checking for unistd.h
configure:4444: result: yes
configure:4457: checking for minix/config.h
configure:4457: result: no
configure:4478: checking whether it is safe to define __EXTENSIONS__
configure:4503: result: yes
configure:4550: checking build system type
configure:4564: result: x86_64-pc-linux-gnu
configure:4584: checking host system type
configure:4597: result: x86_64-pc-linux-gnu
configure:4617: checking target system type
configure:4630: result: x86_64-pc-linux-gnu
configure:4669: checking for dlfcn.h
configure:4669: result: yes
configure:4682: checking for windows.h
configure:4682: result: no
configure:4709: checking for library containing dlsym
configure:4757: result: -ldl
configure:4829: checking for special C compiler options needed for large files
configure:4874: result: no
configure:4880: checking for _FILE_OFFSET_BITS value needed for large files
configure:4937: result: no
configure:5215: checking whether g++ supports C++11 features by default
configure:5516: result: yes
configure:6214: checking dependency style of gcc
configure:6299: result: gcc3
configure:6332: checking whether NLS is requested
configure:6338: result: yes
configure:6344: checking for catalogs to be installed
configure:6376: result: 
configure:6414: checking whether makeinfo --split-size=5000000 supports @click
configure:6426: result: yes
configure:6566: checking for default auto-load directory
configure:6588: result: $debugdir:$datadir/auto-load
configure:6591: checking for default auto-load safe-path
configure:6615: result: $debugdir:$datadir/auto-load
configure:6866: checking for x86_64-pc-linux-gnu-pkg-config
configure:6896: result: /usr/bin/x86_64-pc-linux-gnu-pkg-config
configure:6964: checking pkg-config is at least version 0.9.0
configure:6967: result: yes
configure:6985: checking whether to use debuginfod
configure:6987: result: auto
configure:6993: checking for libdebuginfod >= 0.179
configure:7000: $PKG_CONFIG --exists --print-errors "libdebuginfod >= 0.179"
Package libdebuginfod was not found in the pkg-config search path.
Perhaps you should add the directory containing `libdebuginfod.pc'
to the PKG_CONFIG_PATH environment variable
No package 'libdebuginfod' found
configure:7003: $? = 1
configure:7017: $PKG_CONFIG --exists --print-errors "libdebuginfod >= 0.179"
Package libdebuginfod was not found in the pkg-config search path.
Perhaps you should add the directory containing `libdebuginfod.pc'
to the PKG_CONFIG_PATH environment variable
No package 'libdebuginfod' found
configure:7020: $? = 1
configure:7058: result: no
No package 'libdebuginfod' found
configure:7077: WARNING: libdebuginfod is missing or unusable; some features may be unavailable.
configure:7119: WARNING: option --with-libunwind is deprecated, use --with-libunwind-ia64
configure:7198: checking for monstartup
configure:7198: result: yes
configure:7198: checking for _mcleanup
configure:7198: result: yes
configure:7207: checking for _etext
configure:7235: result: yes
configure:7242: checking for etext
configure:7270: result: yes
configure:7392: checking for gawk
configure:7419: result: mawk
configure:7444: checking for a BSD-compatible install
configure:7512: result: /usr/bin/install -c
configure:7523: checking whether ln -s works
configure:7527: result: yes
configure:7537: checking for x86_64-pc-linux-gnu-ranlib
configure:7564: result: ranlib --plugin /usr/lib/gcc/x86_64-linux-gnu/9/liblto_plugin.so
configure:7630: checking for bison
configure:7657: result: bison -y
configure:7673: checking for x86_64-pc-linux-gnu-ar
configure:7700: result: ar --plugin /usr/lib/gcc/x86_64-linux-gnu/9/liblto_plugin.so
configure:7765: checking for x86_64-pc-linux-gnu-dlltool
configure:7792: result: dlltool
configure:7857: checking for x86_64-pc-linux-gnu-windres
configure:7884: result: windres
configure:8053: checking for main in -lm
configure:8081: result: yes
configure:8094: checking for library containing gethostbyname
configure:8142: result: none required
configure:8152: checking for library containing socketpair
configure:8200: result: none required
configure:8268: checking for ld used by GCC
configure:8331: result: ld
configure:8338: checking if the linker (ld) is GNU ld
configure:8350: result: yes
configure:8356: checking for shared library run path origin
configure:8369: result: done
configure:8789: checking for iconv
configure:8887: result: yes
configure:8930: checking for iconv declaration
configure:8970: result: 
         extern size_t iconv (iconv_t cd, char * *inbuf, size_t *inbytesleft, char * *outbuf, size_t *outbytesleft);
configure:9046: checking for library containing waddstr
configure:9094: result: no
configure:9121: WARNING: no enhanced curses library found; disabling TUI
configure:9144: checking for library containing tgetent
configure:9192: result: no
configure:9289: checking size of unsigned long long
configure:9308: result: 8
configure:9322: checking size of unsigned long
configure:9341: result: 8
configure:9355: checking size of unsigned __int128
configure:9374: result: 16
configure:9399: checking for library containing dlopen
configure:9447: result: none required
configure:9511: checking whether to use expat
configure:9513: result: yes
configure:9946: checking for libexpat
configure:9975: result: yes
configure:9982: checking how to link with libexpat
configure:9984: result: -lexpat
configure:10010: checking for XML_StopParser
configure:10010: result: yes
configure:10449: checking for libgmp
configure:10479: result: yes
configure:10486: checking how to link with libgmp
configure:10488: result: -lgmp
configure:10514: checking whether to use MPFR
configure:10516: result: auto
configure:10949: checking for libmpfr
configure:10979: result: no
configure:11006: WARNING: MPFR is missing or unusable; some features may be unavailable.
configure:11028: checking whether to use python
configure:11030: result: yes
configure:11079: checking for python
configure:11110: result: /usr/bin/python
configure:11228: checking for python
configure:11246: gcc -o conftest -g -O2      -I/usr/include/python2.7 -I/usr/include/python2.7   conftest.c -lpython2.7 -lpthread -ldl -lutil -lm -Xlinker -export-dynamic -Wl,-O1 -Wl,-Bsymbolic-functions -lm -ldl  >&5
configure:11246: $? = 0
configure:11256: result: yes
configure:11453: checking compiler flags for python code
configure:11470: gcc -c -g -O2     -fno-strict-aliasing  conftest.c >&5
configure:11470: $? = 0
configure:11470: gcc -c -g -O2     -fwrapv  conftest.c >&5
configure:11470: $? = 0
configure:11476: result:  -fno-strict-aliasing -fwrapv
configure:11537: checking whether to use guile
configure:11539: result: auto
configure:11544: checking for pkg-config
configure:11575: result: /usr/bin/pkg-config
configure:11602: checking for usable guile from /usr/bin/pkg-config
configure:11671: result: no
configure:12093: checking for the source-highlight library
configure:12177: result: no
configure:12192: checking for ANSI C header files
configure:12296: result: yes
configure:12313: checking for nlist.h
configure:12313: result: no
configure:12313: checking for machine/reg.h
configure:12313: result: no
configure:12313: checking for thread_db.h
configure:12313: result: yes
configure:12313: checking for sys/file.h
configure:12313: result: yes
configure:12313: checking for sys/filio.h
configure:12313: result: no
configure:12313: checking for sys/ioctl.h
configure:12313: result: yes
configure:12313: checking for sys/param.h
configure:12313: result: yes
configure:12313: checking for sys/procctl.h
configure:12313: result: no
configure:12313: checking for sys/resource.h
configure:12313: result: yes
configure:12313: checking for sys/ptrace.h
configure:12313: result: yes
configure:12313: checking for ptrace.h
configure:12313: result: no
configure:12313: checking for sys/reg.h
configure:12313: result: yes
configure:12313: checking for sys/debugreg.h
configure:12313: result: yes
configure:12313: checking for termios.h
configure:12313: result: yes
configure:12313: checking for elf_hp.h
configure:12313: result: no
configure:12325: checking for sys/user.h
configure:12325: result: yes
configure:12343: checking for curses.h
configure:12343: result: no
configure:12343: checking for cursesX.h
configure:12343: result: no
configure:12343: checking for ncurses.h
configure:12343: result: no
configure:12343: checking for ncursesw/ncurses.h
configure:12343: result: no
configure:12343: checking for ncurses/ncurses.h
configure:12343: result: no
configure:12343: checking for ncurses/term.h
configure:12343: result: no
configure:12355: checking for term.h
configure:12355: result: no
configure:12372: checking for sys/socket.h
configure:12372: result: yes
configure:12384: checking for ws2tcpip.h
configure:12384: result: no
configure:12396: checking for execinfo.h
configure:12396: result: yes
configure:12413: checking for long long
configure:12413: result: yes
configure:12424: checking size of long long
configure:12443: result: 8
configure:12457: checking whether basename is declared
configure:12457: result: yes
configure:12467: checking whether ffs is declared
configure:12467: result: yes
configure:12477: checking whether asprintf is declared
configure:12477: result: yes
configure:12487: checking whether vasprintf is declared
configure:12487: result: yes
configure:12497: checking whether snprintf is declared
configure:12497: result: yes
configure:12507: checking whether vsnprintf is declared
configure:12507: result: yes
configure:12518: checking whether strtol is declared
configure:12518: result: yes
configure:12528: checking whether strtoul is declared
configure:12528: result: yes
configure:12538: checking whether strtoll is declared
configure:12538: result: yes
configure:12548: checking whether strtoull is declared
configure:12548: result: yes
configure:12559: checking whether strverscmp is declared
configure:12559: result: yes
configure:12572: checking whether snprintf is declared
configure:12572: result: yes
configure:12584: checking for LC_MESSAGES
configure:12608: result: yes
configure:12621: checking for socklen_t
configure:12621: result: yes
configure:12643: checking for an ANSI C-conforming const
configure:12716: result: yes
configure:12724: checking for inline
configure:12748: result: inline
configure:12766: checking whether byte ordering is bigendian
configure:12972: result: no
configure:13004: checking for getuid
configure:13004: result: yes
configure:13004: checking for getgid
configure:13004: result: yes
configure:13004: checking for pipe
configure:13004: result: yes
configure:13004: checking for pread
configure:13004: result: yes
configure:13004: checking for pread64
configure:13004: result: yes
configure:13004: checking for pwrite
configure:13004: result: yes
configure:13004: checking for resize_term
configure:13004: result: no
configure:13004: checking for getpgid
configure:13004: result: yes
configure:13004: checking for setsid
configure:13004: result: yes
configure:13004: checking for sigaction
configure:13004: result: yes
configure:13004: checking for sigsetmask
configure:13004: result: yes
configure:13004: checking for socketpair
configure:13004: result: yes
configure:13004: checking for ttrace
configure:13004: result: no
configure:13004: checking for wborder
configure:13004: result: no
configure:13004: checking for wresize
configure:13004: result: no
configure:13004: checking for setlocale
configure:13004: result: yes
configure:13004: checking for iconvlist
configure:13004: result: no
configure:13004: checking for libiconvlist
configure:13004: result: no
configure:13004: checking for btowc
configure:13004: result: yes
configure:13004: checking for setrlimit
configure:13004: result: yes
configure:13004: checking for getrlimit
configure:13004: result: yes
configure:13004: checking for posix_madvise
configure:13004: result: yes
configure:13004: checking for waitpid
configure:13004: result: yes
configure:13004: checking for use_default_colors
configure:13004: result: no
configure:13014: checking for nl_langinfo and CODESET
configure:13039: result: yes
configure:13047: checking for size_t
configure:13047: result: yes
configure:13064: checking for stdlib.h
configure:13064: result: yes
configure:13064: checking for unistd.h
configure:13064: result: yes
configure:13064: checking for sys/param.h
configure:13064: result: yes
configure:13081: checking for pid_t
configure:13081: result: yes
configure:13092: checking for a sed that does not truncate output
configure:13156: result: /usr/bin/sed
configure:13165: checking for ANSI C header files
configure:13269: result: yes
configure:13279: checking for working alloca.h
configure:13304: result: yes
configure:13312: checking for alloca
configure:13357: result: yes
configure:13475: checking for nl_langinfo and CODESET
configure:13500: result: yes
configure:13512: checking for linux/perf_event.h
configure:13512: result: yes
configure:13512: checking for locale.h
configure:13512: result: yes
configure:13512: checking for memory.h
configure:13512: result: yes
configure:13512: checking for signal.h
configure:13512: result: yes
configure:13512: checking for sys/resource.h
configure:13512: result: yes
configure:13512: checking for sys/socket.h
configure:13512: result: yes
configure:13512: checking for sys/un.h
configure:13512: result: yes
configure:13512: checking for sys/wait.h
configure:13512: result: yes
configure:13512: checking for thread_db.h
configure:13512: result: yes
configure:13512: checking for wait.h
configure:13512: result: yes
configure:13512: checking for termios.h
configure:13512: result: yes
configure:13512: checking for dlfcn.h
configure:13512: result: yes
configure:13512: checking for linux/elf.h
configure:13512: result: yes
configure:13512: checking for proc_service.h
configure:13512: result: yes
configure:13512: checking for poll.h
configure:13512: result: yes
configure:13512: checking for sys/poll.h
configure:13512: result: yes
configure:13512: checking for sys/select.h
configure:13512: result: yes
configure:13526: checking for getpagesize
configure:13526: result: yes
configure:13535: checking for working mmap
configure:13694: result: yes
configure:13705: checking for vfork.h
configure:13705: result: no
configure:13718: checking for fork
configure:13718: result: yes
configure:13718: checking for vfork
configure:13718: result: yes
configure:13728: checking for working fork
configure:13760: result: yes
configure:13781: checking for working vfork
configure:13891: result: yes
configure:13921: checking for fdwalk
configure:13921: result: no
configure:13921: checking for getrlimit
configure:13921: result: yes
configure:13921: checking for pipe
configure:13921: result: yes
configure:13921: checking for pipe2
configure:13921: result: yes
configure:13921: checking for poll
configure:13921: result: yes
configure:13921: checking for socketpair
configure:13921: result: yes
configure:13921: checking for sigaction
configure:13921: result: yes
configure:13921: checking for ptrace64
configure:13921: result: no
configure:13921: checking for sbrk
configure:13921: result: yes
configure:13921: checking for setns
configure:13921: result: yes
configure:13921: checking for sigaltstack
configure:13921: result: yes
configure:13921: checking for sigprocmask
configure:13921: result: yes
configure:13921: checking for setpgid
configure:13921: result: yes
configure:13921: checking for setpgrp
configure:13921: result: yes
configure:13921: checking for getrusage
configure:13921: result: yes
configure:13921: checking for getauxval
configure:13921: result: yes
configure:13921: checking for sigtimedwait
configure:13921: result: yes
configure:13934: checking whether ADDR_NO_RANDOMIZE is declared
configure:13934: result: yes
configure:13947: checking whether strstr is declared
configure:13947: result: yes
configure:13963: checking for struct stat.st_blocks
configure:13963: result: yes
configure:13972: checking for struct stat.st_blksize
configure:13972: result: yes
configure:13986: checking for library containing kinfo_getfile
configure:14034: result: no
configure:14046: checking for kinfo_getfile
configure:14046: result: no
configure:14263: checking whether gcc is Clang
configure:14288: result: no
configure:14411: checking whether pthreads work with -pthread
configure:14505: gcc -o conftest -g -O2     -pthread    conftest.c  -lm -ldl  >&5
configure:14505: $? = 0
configure:14514: result: yes
configure:14533: checking for joinable pthread attribute
configure:14559: result: PTHREAD_CREATE_JOINABLE
configure:14573: checking whether more special flags are required for pthreads
configure:14586: result: no
configure:14594: checking for PTHREAD_PRIO_INHERIT
configure:14619: result: yes
configure:14724: checking for std::thread
configure:14748: result: yes
configure:14756: checking for pthread_sigmask
configure:14756: result: yes
configure:14756: checking for pthread_setname_np
configure:14756: result: yes
configure:14784: checking for sigsetjmp
configure:14812: result: yes
configure:14828: checking whether to use intel pt
configure:14830: result: auto
configure:14847: gcc -E  conftest.c
configure:14847: $? = 0
configure:15287: checking for libipt
configure:15316: result: no
configure:15343: WARNING: libipt is missing or unusable; some features may be unavailable.
configure:15387: checking for long long support in printf
configure:15423: result: yes
configure:15436: checking for sys/procfs.h
configure:15436: result: yes
configure:15448: checking for gregset_t in sys/procfs.h
configure:15480: result: no
configure:15484: checking for fpregset_t in sys/procfs.h
configure:15516: result: no
configure:15520: checking for prgregset_t in sys/procfs.h
configure:15552: result: yes
configure:15556: checking for prfpregset_t in sys/procfs.h
configure:15588: result: yes
configure:15592: checking for prgregset32_t in sys/procfs.h
configure:15624: result: no
configure:15628: checking for lwpid_t in sys/procfs.h
configure:15660: result: yes
configure:15664: checking for psaddr_t in sys/procfs.h
configure:15696: result: yes
configure:15700: checking for elf_fpregset_t in sys/procfs.h
configure:15732: result: yes
configure:15744: checking for sys/ptrace.h
configure:15744: result: yes
configure:15744: checking for ptrace.h
configure:15744: result: no
configure:15767: checking return type of ptrace
configure:15811: result: long
configure:15821: checking types of arguments for ptrace
configure:15895: result: enum __ptrace_request,int,long,long
configure:15927: checking whether setpgrp takes no argument
configure:15959: result: yes
configure:16006: checking for struct thread.td_pcb
configure:16006: result: no
configure:16021: checking for struct lwp
configure:16049: result: no
configure:16058: checking for struct reg in machine/reg.h
configure:16085: result: no
configure:16095: checking for struct reg.r_fs
configure:16095: result: no
configure:16106: checking for struct reg.r_gs
configure:16106: result: no
configure:16120: checking for PTRACE_GETREGS
configure:16146: result: yes
configure:16155: checking for PTRACE_GETFPXREGS
configure:16181: result: yes
configure:16190: checking for PT_GETDBREGS
configure:16218: result: no
configure:16227: checking for PT_GETXMMREGS
configure:16255: result: no
configure:16266: checking for struct ptrace_lwpinfo.pl_tdname
configure:16266: result: no
configure:16281: checking for struct ptrace_lwpinfo.pl_syscall_code
configure:16281: result: no
configure:16295: checking for long long support in compiler
configure:16318: result: yes
configure:16327: checking for decfloat support in printf
configure:16361: result: no
configure:16374: checking for long double support in compiler
configure:16390: result: yes
configure:16400: checking for long double support in printf
configure:16432: result: yes
configure:16442: checking for long double support in scanf
configure:16474: result: yes
configure:16525: checking for the dynamic export flag
configure:16588: gcc -o conftest -g -O2      -fno-strict-aliasing -fwrapv  -I/usr/include/python2.7 -I/usr/include/python2.7   -Wl,--dynamic-list=./proc-service.list conftest.c -lm -ldl  -lpython2.7 -lpthread -ldl -lutil -lm  -Wl,-O1 -Wl,-Bsymbolic-functions >&5
configure:16588: $? = 0
configure:16588: ./conftest
configure:16588: $? = 0
configure:16609: result: -Wl,--dynamic-list
configure:16612: checking whether execinfo.h backtrace is available
configure:16643: result: yes
configure:16713: checking whether <thread_db.h> has TD_NOTALLOC
configure:16739: result: yes
configure:16742: checking whether <thread_db.h> has TD_VERSION
configure:16768: result: yes
configure:16771: checking whether <thread_db.h> has TD_NOTLS
configure:16797: result: yes
configure:17081: checking compiler warning flags
configure:17144: g++ -c -g -O2     -Werror -Wall  conftest.cpp >&5
configure:17144: $? = 0
configure:17144: g++ -c -g -O2     -Werror -Wpointer-arith  conftest.cpp >&5
configure:17144: $? = 0
configure:17144: g++ -c -g -O2     -Werror -Wunused  conftest.cpp >&5
configure:17144: $? = 0
configure:17144: g++ -c -g -O2     -Werror -Wunused-value  conftest.cpp >&5
configure:17144: $? = 0
configure:17128: g++ -c -g -O2     -Werror -Wunused-variable  conftest.cpp >&5
configure:17128: $? = 0
configure:17144: g++ -c -g -O2     -Werror -Wunused-function  conftest.cpp >&5
configure:17144: $? = 0
configure:17144: g++ -c -g -O2     -Werror -Wswitch  conftest.cpp >&5
configure:17144: $? = 0
configure:17144: g++ -c -g -O2     -Werror -Wchar-subscripts  conftest.cpp >&5
configure:17144: $? = 0
configure:17144: g++ -c -g -O2     -Werror -Wempty-body  conftest.cpp >&5
configure:17144: $? = 0
configure:17144: g++ -c -g -O2     -Werror -Wunused-but-set-parameter  conftest.cpp >&5
configure:17144: $? = 0
configure:17144: g++ -c -g -O2     -Werror -Wunused-but-set-variable  conftest.cpp >&5
configure:17144: $? = 0
configure:17144: g++ -c -g -O2     -Werror -Wsign-compare  conftest.cpp >&5
configure:17144: $? = 0
configure:17144: g++ -c -g -O2     -Werror -Werror=maybe-uninitialized  conftest.cpp >&5
configure:17144: $? = 0
configure:17144: g++ -c -g -O2     -Werror -Wmismatched-tags  conftest.cpp >&5
g++: error: unrecognized command line option '-Wmismatched-tags'
configure:17144: $? = 1
configure: failed program was:
| /* confdefs.h */
| #define PACKAGE_NAME ""
| #define PACKAGE_TARNAME ""
| #define PACKAGE_VERSION ""
| #define PACKAGE_STRING ""
| #define PACKAGE_BUGREPORT ""
| #define PACKAGE_URL ""
| #define STDC_HEADERS 1
| #define HAVE_SYS_TYPES_H 1
| #define HAVE_SYS_STAT_H 1
| #define HAVE_STDLIB_H 1
| #define HAVE_STRING_H 1
| #define HAVE_MEMORY_H 1
| #define HAVE_STRINGS_H 1
| #define HAVE_INTTYPES_H 1
| #define HAVE_STDINT_H 1
| #define HAVE_UNISTD_H 1
| #define __EXTENSIONS__ 1
| #define _ALL_SOURCE 1
| #define _GNU_SOURCE 1
| #define _POSIX_PTHREAD_SEMANTICS 1
| #define _TANDEM_SOURCE 1
| #define HAVE_DLFCN_H 1
| #define HAVE_CXX11 1
| #define ENABLE_NLS 1
| #define PACKAGE "gdb"
| #define DEBUGDIR "/usr/local/lib/debug"
| #define DEBUGDIR_RELOCATABLE 1
| #define BINDIR "/usr/local/bin"
| #define GDB_DATADIR "/usr/local/share/gdb"
| #define GDB_DATADIR_RELOCATABLE 1
| #define AUTO_LOAD_DIR "$debugdir:$datadir/auto-load"
| #define AUTO_LOAD_SAFE_PATH "$debugdir:$datadir/auto-load"
| #define DEFAULT_BFD_ARCH bfd_i386_arch
| #define DEFAULT_BFD_VEC x86_64_elf64_vec
| #define HAVE_MONSTARTUP 1
| #define HAVE__MCLEANUP 1
| #define HAVE__ETEXT 1
| #define HAVE_ETEXT 1
| #define PKGVERSION "(GDB) "
| #define REPORT_BUGS_TO "<https://www.gnu.org/software/gdb/bugs/>"
| #define HAVE_LIBM 1
| #define HAVE_ICONV 1
| #define ICONV_CONST 
| #define SIZEOF_UNSIGNED_LONG_LONG 8
| #define SIZEOF_UNSIGNED_LONG 8
| #define SIZEOF_UNSIGNED___INT128 16
| #define JIT_READER_DIR "/usr/local/lib/gdb"
| #define JIT_READER_DIR_RELOCATABLE 1
| #define HAVE_LIBEXPAT 1
| #define HAVE_XML_STOPPARSER 1
| #define HAVE_LIBGMP 1
| #define WITH_PYTHON_PATH "/usr"
| #define PYTHON_PATH_RELOCATABLE 0
| #define HAVE_PYTHON 1
| #define WITH_PYTHON_LIBDIR "/usr/lib"
| #define PYTHON_LIBDIR_RELOCATABLE 0
| #define STDC_HEADERS 1
| #define HAVE_THREAD_DB_H 1
| #define HAVE_SYS_FILE_H 1
| #define HAVE_SYS_IOCTL_H 1
| #define HAVE_SYS_PARAM_H 1
| #define HAVE_SYS_RESOURCE_H 1
| #define HAVE_SYS_PTRACE_H 1
| #define HAVE_SYS_REG_H 1
| #define HAVE_SYS_DEBUGREG_H 1
| #define HAVE_TERMIOS_H 1
| #define HAVE_SYS_USER_H 1
| #define HAVE_SYS_SOCKET_H 1
| #define HAVE_EXECINFO_H 1
| #define HAVE_LONG_LONG 1
| #define SIZEOF_LONG_LONG 8
| #define HAVE_DECL_BASENAME 1
| #define HAVE_DECL_FFS 1
| #define HAVE_DECL_ASPRINTF 1
| #define HAVE_DECL_VASPRINTF 1
| #define HAVE_DECL_SNPRINTF 1
| #define HAVE_DECL_VSNPRINTF 1
| #define HAVE_DECL_STRTOL 1
| #define HAVE_DECL_STRTOUL 1
| #define HAVE_DECL_STRTOLL 1
| #define HAVE_DECL_STRTOULL 1
| #define HAVE_DECL_STRVERSCMP 1
| #define HAVE_DECL_SNPRINTF 1
| #define HAVE_LC_MESSAGES 1
| #define HAVE_SOCKLEN_T 1
| #define HAVE_GETUID 1
| #define HAVE_GETGID 1
| #define HAVE_PIPE 1
| #define HAVE_PREAD 1
| #define HAVE_PREAD64 1
| #define HAVE_PWRITE 1
| #define HAVE_GETPGID 1
| #define HAVE_SETSID 1
| #define HAVE_SIGACTION 1
| #define HAVE_SIGSETMASK 1
| #define HAVE_SOCKETPAIR 1
| #define HAVE_SETLOCALE 1
| #define HAVE_BTOWC 1
| #define HAVE_SETRLIMIT 1
| #define HAVE_GETRLIMIT 1
| #define HAVE_POSIX_MADVISE 1
| #define HAVE_WAITPID 1
| #define HAVE_LANGINFO_CODESET 1
| #define HAVE_STDLIB_H 1
| #define HAVE_UNISTD_H 1
| #define HAVE_SYS_PARAM_H 1
| #define STDC_HEADERS 1
| #define HAVE_ALLOCA_H 1
| #define HAVE_ALLOCA 1
| #define HAVE_LANGINFO_CODESET 1
| #define HAVE_LINUX_PERF_EVENT_H 1
| #define HAVE_LOCALE_H 1
| #define HAVE_MEMORY_H 1
| #define HAVE_SIGNAL_H 1
| #define HAVE_SYS_RESOURCE_H 1
| #define HAVE_SYS_SOCKET_H 1
| #define HAVE_SYS_UN_H 1
| #define HAVE_SYS_WAIT_H 1
| #define HAVE_THREAD_DB_H 1
| #define HAVE_WAIT_H 1
| #define HAVE_TERMIOS_H 1
| #define HAVE_DLFCN_H 1
| #define HAVE_LINUX_ELF_H 1
| #define HAVE_PROC_SERVICE_H 1
| #define HAVE_POLL_H 1
| #define HAVE_SYS_POLL_H 1
| #define HAVE_SYS_SELECT_H 1
| #define HAVE_GETPAGESIZE 1
| #define HAVE_MMAP 1
| #define HAVE_FORK 1
| #define HAVE_VFORK 1
| #define HAVE_WORKING_VFORK 1
| #define HAVE_WORKING_FORK 1
| #define HAVE_GETRLIMIT 1
| #define HAVE_PIPE 1
| #define HAVE_PIPE2 1
| #define HAVE_POLL 1
| #define HAVE_SOCKETPAIR 1
| #define HAVE_SIGACTION 1
| #define HAVE_SBRK 1
| #define HAVE_SETNS 1
| #define HAVE_SIGALTSTACK 1
| #define HAVE_SIGPROCMASK 1
| #define HAVE_SETPGID 1
| #define HAVE_SETPGRP 1
| #define HAVE_GETRUSAGE 1
| #define HAVE_GETAUXVAL 1
| #define HAVE_SIGTIMEDWAIT 1
| #define HAVE_DECL_ADDR_NO_RANDOMIZE 1
| #define HAVE_DECL_STRSTR 1
| #define HAVE_STRUCT_STAT_ST_BLOCKS 1
| #define HAVE_STRUCT_STAT_ST_BLKSIZE 1
| #define HAVE_PTHREAD_PRIO_INHERIT 1
| #define HAVE_PTHREAD_SIGMASK 1
| #define HAVE_PTHREAD_SETNAME_NP 1
| #define CXX_STD_THREAD 1
| #define HAVE_SIGSETJMP 1
| #define PRINTF_HAS_LONG_LONG 1
| #define _STRUCTURED_PROC 1
| #define HAVE_SYS_PROCFS_H 1
| #define HAVE_PRGREGSET_T 1
| #define HAVE_PRFPREGSET_T 1
| #define HAVE_LWPID_T 1
| #define HAVE_PSADDR_T 1
| #define HAVE_ELF_FPREGSET_T 1
| #define HAVE_SYS_PTRACE_H 1
| #define PTRACE_TYPE_RET long
| #define PTRACE_TYPE_ARG1 enum __ptrace_request
| #define PTRACE_TYPE_ARG3 long
| #define PTRACE_TYPE_ARG4 long
| #define SETPGRP_VOID 1
| #define HAVE_PTRACE_GETREGS 1
| #define HAVE_PTRACE_GETFPXREGS 1
| #define HAVE_LONG_DOUBLE 1
| #define PRINTF_HAS_LONG_DOUBLE 1
| #define SCANF_HAS_LONG_DOUBLE 1
| #define HAVE_EXECINFO_BACKTRACE 1
| #define THREAD_DB_HAS_TD_NOTALLOC 1
| #define THREAD_DB_HAS_TD_VERSION 1
| #define THREAD_DB_HAS_TD_NOTLS 1
| #define GDBINIT ".gdbinit"
| #define GDBEARLYINIT ".gdbearlyinit"
| #define TARGET_SYSTEM_ROOT ""
| #define TARGET_SYSTEM_ROOT_RELOCATABLE 0
| #define SYSTEM_GDBINIT ""
| #define SYSTEM_GDBINIT_RELOCATABLE 0
| #define SYSTEM_GDBINIT_DIR ""
| #define SYSTEM_GDBINIT_DIR_RELOCATABLE 0
| /* end confdefs.h.  */
| 
| int
| main ()
| {
| 
|   ;
|   return 0;
| }
configure:17144: g++ -c -g -O2     -Werror -Werror=deprecated-register  conftest.cpp >&5
cc1plus: error: '-Werror=deprecated-register': no option -Wdeprecated-register
configure:17144: $? = 1
configure: failed program was:
| /* confdefs.h */
| #define PACKAGE_NAME ""
| #define PACKAGE_TARNAME ""
| #define PACKAGE_VERSION ""
| #define PACKAGE_STRING ""
| #define PACKAGE_BUGREPORT ""
| #define PACKAGE_URL ""
| #define STDC_HEADERS 1
| #define HAVE_SYS_TYPES_H 1
| #define HAVE_SYS_STAT_H 1
| #define HAVE_STDLIB_H 1
| #define HAVE_STRING_H 1
| #define HAVE_MEMORY_H 1
| #define HAVE_STRINGS_H 1
| #define HAVE_INTTYPES_H 1
| #define HAVE_STDINT_H 1
| #define HAVE_UNISTD_H 1
| #define __EXTENSIONS__ 1
| #define _ALL_SOURCE 1
| #define _GNU_SOURCE 1
| #define _POSIX_PTHREAD_SEMANTICS 1
| #define _TANDEM_SOURCE 1
| #define HAVE_DLFCN_H 1
| #define HAVE_CXX11 1
| #define ENABLE_NLS 1
| #define PACKAGE "gdb"
| #define DEBUGDIR "/usr/local/lib/debug"
| #define DEBUGDIR_RELOCATABLE 1
| #define BINDIR "/usr/local/bin"
| #define GDB_DATADIR "/usr/local/share/gdb"
| #define GDB_DATADIR_RELOCATABLE 1
| #define AUTO_LOAD_DIR "$debugdir:$datadir/auto-load"
| #define AUTO_LOAD_SAFE_PATH "$debugdir:$datadir/auto-load"
| #define DEFAULT_BFD_ARCH bfd_i386_arch
| #define DEFAULT_BFD_VEC x86_64_elf64_vec
| #define HAVE_MONSTARTUP 1
| #define HAVE__MCLEANUP 1
| #define HAVE__ETEXT 1
| #define HAVE_ETEXT 1
| #define PKGVERSION "(GDB) "
| #define REPORT_BUGS_TO "<https://www.gnu.org/software/gdb/bugs/>"
| #define HAVE_LIBM 1
| #define HAVE_ICONV 1
| #define ICONV_CONST 
| #define SIZEOF_UNSIGNED_LONG_LONG 8
| #define SIZEOF_UNSIGNED_LONG 8
| #define SIZEOF_UNSIGNED___INT128 16
| #define JIT_READER_DIR "/usr/local/lib/gdb"
| #define JIT_READER_DIR_RELOCATABLE 1
| #define HAVE_LIBEXPAT 1
| #define HAVE_XML_STOPPARSER 1
| #define HAVE_LIBGMP 1
| #define WITH_PYTHON_PATH "/usr"
| #define PYTHON_PATH_RELOCATABLE 0
| #define HAVE_PYTHON 1
| #define WITH_PYTHON_LIBDIR "/usr/lib"
| #define PYTHON_LIBDIR_RELOCATABLE 0
| #define STDC_HEADERS 1
| #define HAVE_THREAD_DB_H 1
| #define HAVE_SYS_FILE_H 1
| #define HAVE_SYS_IOCTL_H 1
| #define HAVE_SYS_PARAM_H 1
| #define HAVE_SYS_RESOURCE_H 1
| #define HAVE_SYS_PTRACE_H 1
| #define HAVE_SYS_REG_H 1
| #define HAVE_SYS_DEBUGREG_H 1
| #define HAVE_TERMIOS_H 1
| #define HAVE_SYS_USER_H 1
| #define HAVE_SYS_SOCKET_H 1
| #define HAVE_EXECINFO_H 1
| #define HAVE_LONG_LONG 1
| #define SIZEOF_LONG_LONG 8
| #define HAVE_DECL_BASENAME 1
| #define HAVE_DECL_FFS 1
| #define HAVE_DECL_ASPRINTF 1
| #define HAVE_DECL_VASPRINTF 1
| #define HAVE_DECL_SNPRINTF 1
| #define HAVE_DECL_VSNPRINTF 1
| #define HAVE_DECL_STRTOL 1
| #define HAVE_DECL_STRTOUL 1
| #define HAVE_DECL_STRTOLL 1
| #define HAVE_DECL_STRTOULL 1
| #define HAVE_DECL_STRVERSCMP 1
| #define HAVE_DECL_SNPRINTF 1
| #define HAVE_LC_MESSAGES 1
| #define HAVE_SOCKLEN_T 1
| #define HAVE_GETUID 1
| #define HAVE_GETGID 1
| #define HAVE_PIPE 1
| #define HAVE_PREAD 1
| #define HAVE_PREAD64 1
| #define HAVE_PWRITE 1
| #define HAVE_GETPGID 1
| #define HAVE_SETSID 1
| #define HAVE_SIGACTION 1
| #define HAVE_SIGSETMASK 1
| #define HAVE_SOCKETPAIR 1
| #define HAVE_SETLOCALE 1
| #define HAVE_BTOWC 1
| #define HAVE_SETRLIMIT 1
| #define HAVE_GETRLIMIT 1
| #define HAVE_POSIX_MADVISE 1
| #define HAVE_WAITPID 1
| #define HAVE_LANGINFO_CODESET 1
| #define HAVE_STDLIB_H 1
| #define HAVE_UNISTD_H 1
| #define HAVE_SYS_PARAM_H 1
| #define STDC_HEADERS 1
| #define HAVE_ALLOCA_H 1
| #define HAVE_ALLOCA 1
| #define HAVE_LANGINFO_CODESET 1
| #define HAVE_LINUX_PERF_EVENT_H 1
| #define HAVE_LOCALE_H 1
| #define HAVE_MEMORY_H 1
| #define HAVE_SIGNAL_H 1
| #define HAVE_SYS_RESOURCE_H 1
| #define HAVE_SYS_SOCKET_H 1
| #define HAVE_SYS_UN_H 1
| #define HAVE_SYS_WAIT_H 1
| #define HAVE_THREAD_DB_H 1
| #define HAVE_WAIT_H 1
| #define HAVE_TERMIOS_H 1
| #define HAVE_DLFCN_H 1
| #define HAVE_LINUX_ELF_H 1
| #define HAVE_PROC_SERVICE_H 1
| #define HAVE_POLL_H 1
| #define HAVE_SYS_POLL_H 1
| #define HAVE_SYS_SELECT_H 1
| #define HAVE_GETPAGESIZE 1
| #define HAVE_MMAP 1
| #define HAVE_FORK 1
| #define HAVE_VFORK 1
| #define HAVE_WORKING_VFORK 1
| #define HAVE_WORKING_FORK 1
| #define HAVE_GETRLIMIT 1
| #define HAVE_PIPE 1
| #define HAVE_PIPE2 1
| #define HAVE_POLL 1
| #define HAVE_SOCKETPAIR 1
| #define HAVE_SIGACTION 1
| #define HAVE_SBRK 1
| #define HAVE_SETNS 1
| #define HAVE_SIGALTSTACK 1
| #define HAVE_SIGPROCMASK 1
| #define HAVE_SETPGID 1
| #define HAVE_SETPGRP 1
| #define HAVE_GETRUSAGE 1
| #define HAVE_GETAUXVAL 1
| #define HAVE_SIGTIMEDWAIT 1
| #define HAVE_DECL_ADDR_NO_RANDOMIZE 1
| #define HAVE_DECL_STRSTR 1
| #define HAVE_STRUCT_STAT_ST_BLOCKS 1
| #define HAVE_STRUCT_STAT_ST_BLKSIZE 1
| #define HAVE_PTHREAD_PRIO_INHERIT 1
| #define HAVE_PTHREAD_SIGMASK 1
| #define HAVE_PTHREAD_SETNAME_NP 1
| #define CXX_STD_THREAD 1
| #define HAVE_SIGSETJMP 1
| #define PRINTF_HAS_LONG_LONG 1
| #define _STRUCTURED_PROC 1
| #define HAVE_SYS_PROCFS_H 1
| #define HAVE_PRGREGSET_T 1
| #define HAVE_PRFPREGSET_T 1
| #define HAVE_LWPID_T 1
| #define HAVE_PSADDR_T 1
| #define HAVE_ELF_FPREGSET_T 1
| #define HAVE_SYS_PTRACE_H 1
| #define PTRACE_TYPE_RET long
| #define PTRACE_TYPE_ARG1 enum __ptrace_request
| #define PTRACE_TYPE_ARG3 long
| #define PTRACE_TYPE_ARG4 long
| #define SETPGRP_VOID 1
| #define HAVE_PTRACE_GETREGS 1
| #define HAVE_PTRACE_GETFPXREGS 1
| #define HAVE_LONG_DOUBLE 1
| #define PRINTF_HAS_LONG_DOUBLE 1
| #define SCANF_HAS_LONG_DOUBLE 1
| #define HAVE_EXECINFO_BACKTRACE 1
| #define THREAD_DB_HAS_TD_NOTALLOC 1
| #define THREAD_DB_HAS_TD_VERSION 1
| #define THREAD_DB_HAS_TD_NOTLS 1
| #define GDBINIT ".gdbinit"
| #define GDBEARLYINIT ".gdbearlyinit"
| #define TARGET_SYSTEM_ROOT ""
| #define TARGET_SYSTEM_ROOT_RELOCATABLE 0
| #define SYSTEM_GDBINIT ""
| #define SYSTEM_GDBINIT_RELOCATABLE 0
| #define SYSTEM_GDBINIT_DIR ""
| #define SYSTEM_GDBINIT_DIR_RELOCATABLE 0
| /* end confdefs.h.  */
| 
| int
| main ()
| {
| 
|   ;
|   return 0;
| }
configure:17144: g++ -c -g -O2     -Werror -Wsuggest-override  conftest.cpp >&5
configure:17144: $? = 0
configure:17144: g++ -c -g -O2     -Werror -Wimplicit-fallthrough=3  conftest.cpp >&5
configure:17144: $? = 0
configure:17144: g++ -c -g -O2     -Werror -Wduplicated-cond  conftest.cpp >&5
configure:17144: $? = 0
configure:17144: g++ -c -g -O2     -Werror -Wshadow=local  conftest.cpp >&5
configure:17144: $? = 0
configure:17144: g++ -c -g -O2     -Werror -Wdeprecated-copy  conftest.cpp >&5
configure:17144: $? = 0
configure:17144: g++ -c -g -O2     -Werror -Wdeprecated-copy-dtor  conftest.cpp >&5
configure:17144: $? = 0
configure:17144: g++ -c -g -O2     -Werror -Wredundant-move  conftest.cpp >&5
configure:17144: $? = 0
configure:17144: g++ -c -g -O2     -Werror -Wmissing-declarations  conftest.cpp >&5
configure:17144: $? = 0
configure:17144: g++ -c -g -O2     -Werror -Wmissing-prototypes  conftest.cpp >&5
cc1plus: error: command line option '-Wmissing-prototypes' is valid for C/ObjC but not for C++ [-Werror]
cc1plus: all warnings being treated as errors
configure:17144: $? = 1
configure: failed program was:
| /* confdefs.h */
| #define PACKAGE_NAME ""
| #define PACKAGE_TARNAME ""
| #define PACKAGE_VERSION ""
| #define PACKAGE_STRING ""
| #define PACKAGE_BUGREPORT ""
| #define PACKAGE_URL ""
| #define STDC_HEADERS 1
| #define HAVE_SYS_TYPES_H 1
| #define HAVE_SYS_STAT_H 1
| #define HAVE_STDLIB_H 1
| #define HAVE_STRING_H 1
| #define HAVE_MEMORY_H 1
| #define HAVE_STRINGS_H 1
| #define HAVE_INTTYPES_H 1
| #define HAVE_STDINT_H 1
| #define HAVE_UNISTD_H 1
| #define __EXTENSIONS__ 1
| #define _ALL_SOURCE 1
| #define _GNU_SOURCE 1
| #define _POSIX_PTHREAD_SEMANTICS 1
| #define _TANDEM_SOURCE 1
| #define HAVE_DLFCN_H 1
| #define HAVE_CXX11 1
| #define ENABLE_NLS 1
| #define PACKAGE "gdb"
| #define DEBUGDIR "/usr/local/lib/debug"
| #define DEBUGDIR_RELOCATABLE 1
| #define BINDIR "/usr/local/bin"
| #define GDB_DATADIR "/usr/local/share/gdb"
| #define GDB_DATADIR_RELOCATABLE 1
| #define AUTO_LOAD_DIR "$debugdir:$datadir/auto-load"
| #define AUTO_LOAD_SAFE_PATH "$debugdir:$datadir/auto-load"
| #define DEFAULT_BFD_ARCH bfd_i386_arch
| #define DEFAULT_BFD_VEC x86_64_elf64_vec
| #define HAVE_MONSTARTUP 1
| #define HAVE__MCLEANUP 1
| #define HAVE__ETEXT 1
| #define HAVE_ETEXT 1
| #define PKGVERSION "(GDB) "
| #define REPORT_BUGS_TO "<https://www.gnu.org/software/gdb/bugs/>"
| #define HAVE_LIBM 1
| #define HAVE_ICONV 1
| #define ICONV_CONST 
| #define SIZEOF_UNSIGNED_LONG_LONG 8
| #define SIZEOF_UNSIGNED_LONG 8
| #define SIZEOF_UNSIGNED___INT128 16
| #define JIT_READER_DIR "/usr/local/lib/gdb"
| #define JIT_READER_DIR_RELOCATABLE 1
| #define HAVE_LIBEXPAT 1
| #define HAVE_XML_STOPPARSER 1
| #define HAVE_LIBGMP 1
| #define WITH_PYTHON_PATH "/usr"
| #define PYTHON_PATH_RELOCATABLE 0
| #define HAVE_PYTHON 1
| #define WITH_PYTHON_LIBDIR "/usr/lib"
| #define PYTHON_LIBDIR_RELOCATABLE 0
| #define STDC_HEADERS 1
| #define HAVE_THREAD_DB_H 1
| #define HAVE_SYS_FILE_H 1
| #define HAVE_SYS_IOCTL_H 1
| #define HAVE_SYS_PARAM_H 1
| #define HAVE_SYS_RESOURCE_H 1
| #define HAVE_SYS_PTRACE_H 1
| #define HAVE_SYS_REG_H 1
| #define HAVE_SYS_DEBUGREG_H 1
| #define HAVE_TERMIOS_H 1
| #define HAVE_SYS_USER_H 1
| #define HAVE_SYS_SOCKET_H 1
| #define HAVE_EXECINFO_H 1
| #define HAVE_LONG_LONG 1
| #define SIZEOF_LONG_LONG 8
| #define HAVE_DECL_BASENAME 1
| #define HAVE_DECL_FFS 1
| #define HAVE_DECL_ASPRINTF 1
| #define HAVE_DECL_VASPRINTF 1
| #define HAVE_DECL_SNPRINTF 1
| #define HAVE_DECL_VSNPRINTF 1
| #define HAVE_DECL_STRTOL 1
| #define HAVE_DECL_STRTOUL 1
| #define HAVE_DECL_STRTOLL 1
| #define HAVE_DECL_STRTOULL 1
| #define HAVE_DECL_STRVERSCMP 1
| #define HAVE_DECL_SNPRINTF 1
| #define HAVE_LC_MESSAGES 1
| #define HAVE_SOCKLEN_T 1
| #define HAVE_GETUID 1
| #define HAVE_GETGID 1
| #define HAVE_PIPE 1
| #define HAVE_PREAD 1
| #define HAVE_PREAD64 1
| #define HAVE_PWRITE 1
| #define HAVE_GETPGID 1
| #define HAVE_SETSID 1
| #define HAVE_SIGACTION 1
| #define HAVE_SIGSETMASK 1
| #define HAVE_SOCKETPAIR 1
| #define HAVE_SETLOCALE 1
| #define HAVE_BTOWC 1
| #define HAVE_SETRLIMIT 1
| #define HAVE_GETRLIMIT 1
| #define HAVE_POSIX_MADVISE 1
| #define HAVE_WAITPID 1
| #define HAVE_LANGINFO_CODESET 1
| #define HAVE_STDLIB_H 1
| #define HAVE_UNISTD_H 1
| #define HAVE_SYS_PARAM_H 1
| #define STDC_HEADERS 1
| #define HAVE_ALLOCA_H 1
| #define HAVE_ALLOCA 1
| #define HAVE_LANGINFO_CODESET 1
| #define HAVE_LINUX_PERF_EVENT_H 1
| #define HAVE_LOCALE_H 1
| #define HAVE_MEMORY_H 1
| #define HAVE_SIGNAL_H 1
| #define HAVE_SYS_RESOURCE_H 1
| #define HAVE_SYS_SOCKET_H 1
| #define HAVE_SYS_UN_H 1
| #define HAVE_SYS_WAIT_H 1
| #define HAVE_THREAD_DB_H 1
| #define HAVE_WAIT_H 1
| #define HAVE_TERMIOS_H 1
| #define HAVE_DLFCN_H 1
| #define HAVE_LINUX_ELF_H 1
| #define HAVE_PROC_SERVICE_H 1
| #define HAVE_POLL_H 1
| #define HAVE_SYS_POLL_H 1
| #define HAVE_SYS_SELECT_H 1
| #define HAVE_GETPAGESIZE 1
| #define HAVE_MMAP 1
| #define HAVE_FORK 1
| #define HAVE_VFORK 1
| #define HAVE_WORKING_VFORK 1
| #define HAVE_WORKING_FORK 1
| #define HAVE_GETRLIMIT 1
| #define HAVE_PIPE 1
| #define HAVE_PIPE2 1
| #define HAVE_POLL 1
| #define HAVE_SOCKETPAIR 1
| #define HAVE_SIGACTION 1
| #define HAVE_SBRK 1
| #define HAVE_SETNS 1
| #define HAVE_SIGALTSTACK 1
| #define HAVE_SIGPROCMASK 1
| #define HAVE_SETPGID 1
| #define HAVE_SETPGRP 1
| #define HAVE_GETRUSAGE 1
| #define HAVE_GETAUXVAL 1
| #define HAVE_SIGTIMEDWAIT 1
| #define HAVE_DECL_ADDR_NO_RANDOMIZE 1
| #define HAVE_DECL_STRSTR 1
| #define HAVE_STRUCT_STAT_ST_BLOCKS 1
| #define HAVE_STRUCT_STAT_ST_BLKSIZE 1
| #define HAVE_PTHREAD_PRIO_INHERIT 1
| #define HAVE_PTHREAD_SIGMASK 1
| #define HAVE_PTHREAD_SETNAME_NP 1
| #define CXX_STD_THREAD 1
| #define HAVE_SIGSETJMP 1
| #define PRINTF_HAS_LONG_LONG 1
| #define _STRUCTURED_PROC 1
| #define HAVE_SYS_PROCFS_H 1
| #define HAVE_PRGREGSET_T 1
| #define HAVE_PRFPREGSET_T 1
| #define HAVE_LWPID_T 1
| #define HAVE_PSADDR_T 1
| #define HAVE_ELF_FPREGSET_T 1
| #define HAVE_SYS_PTRACE_H 1
| #define PTRACE_TYPE_RET long
| #define PTRACE_TYPE_ARG1 enum __ptrace_request
| #define PTRACE_TYPE_ARG3 long
| #define PTRACE_TYPE_ARG4 long
| #define SETPGRP_VOID 1
| #define HAVE_PTRACE_GETREGS 1
| #define HAVE_PTRACE_GETFPXREGS 1
| #define HAVE_LONG_DOUBLE 1
| #define PRINTF_HAS_LONG_DOUBLE 1
| #define SCANF_HAS_LONG_DOUBLE 1
| #define HAVE_EXECINFO_BACKTRACE 1
| #define THREAD_DB_HAS_TD_NOTALLOC 1
| #define THREAD_DB_HAS_TD_VERSION 1
| #define THREAD_DB_HAS_TD_NOTLS 1
| #define GDBINIT ".gdbinit"
| #define GDBEARLYINIT ".gdbearlyinit"
| #define TARGET_SYSTEM_ROOT ""
| #define TARGET_SYSTEM_ROOT_RELOCATABLE 0
| #define SYSTEM_GDBINIT ""
| #define SYSTEM_GDBINIT_RELOCATABLE 0
| #define SYSTEM_GDBINIT_DIR ""
| #define SYSTEM_GDBINIT_DIR_RELOCATABLE 0
| /* end confdefs.h.  */
| 
| int
| main ()
| {
| 
|   ;
|   return 0;
| }
configure:17144: g++ -c -g -O2     -Werror -Wstrict-null-sentinel  conftest.cpp >&5
configure:17144: $? = 0
configure:17144: g++ -c -g -O2     -Werror -Wformat -Wformat-nonliteral  conftest.cpp >&5
configure:17144: $? = 0
configure:17153: result:  -Wall -Wpointer-arith -Wno-unused -Wunused-value -Wunused-variable -Wunused-function -Wno-switch -Wno-char-subscripts -Wempty-body -Wunused-but-set-parameter -Wunused-but-set-variable -Wno-sign-compare -Wno-error=maybe-uninitialized -Wsuggest-override -Wimplicit-fallthrough=3 -Wduplicated-cond -Wshadow=local -Wdeprecated-copy -Wdeprecated-copy-dtor -Wredundant-move -Wmissing-declarations -Wstrict-null-sentinel -Wformat -Wformat-nonliteral -Werror
configure:17226: checking for cygwin
configure:17247: result: no
configure:17287: checking for ELF support in BFD
configure:17317: result: yes
configure:17330: checking for library containing dlopen
configure:17378: result: none required
configure:17402: checking for Mach-O support in BFD
configure:17432: result: no
configure:17454: checking whether to use lzma
configure:17456: result: auto
configure:17885: checking for liblzma
configure:17916: result: no
configure:17991: checking for Tcl configuration
configure:18117: result: found /usr/lib/tclConfig.sh
configure:18141: checking for Tk configuration
configure:18266: result: found /usr/lib/tkConfig.sh
configure:18274: checking for existence of /usr/lib/tclConfig.sh
configure:18278: result: loading
configure:18345: checking for Tcl private headers
configure:18360: result: /usr/include/tcl8.6/tcl-private/generic
configure:18389: checking for existence of /usr/lib/tkConfig.sh
configure:18393: result: loading
configure:18459: checking for Tk private headers
configure:18474: result: /usr/include/tcl8.6/tk-private/generic
configure:18539: checking for X
configure:18728: result: libraries , headers 
configure:18878: checking whether to use babeltrace
configure:18880: result: auto
configure:19320: checking for libbabeltrace
configure:19360: result: no
configure:19389: WARNING: babeltrace is missing or unusable; GDB is unable to read CTF data.
configure:19865: checking for libxxhash
configure:19895: result: no
configure:19928: checking whether to use xxhash
configure:19930: result: no
configure:19956: checking for xsltproc
configure:19989: result: no
configure:20187: creating ./config.status

## ---------------------- ##
## Running config.status. ##
## ---------------------- ##

This file was extended by config.status, which was
generated by GNU Autoconf 2.69.  Invocation command line was

  CONFIG_FILES    = 
  CONFIG_HEADERS  = 
  CONFIG_LINKS    = 
  CONFIG_COMMANDS = 
  $ ./config.status 

on ubuntu

config.status:1235: creating jit-reader.h
config.status:1235: creating gcore
config.status:1235: creating Makefile
config.status:1235: creating gdb-gdb.gdb
config.status:1235: creating gdb-gdb.py
config.status:1235: creating doc/Makefile
config.status:1235: creating data-directory/Makefile
config.status:1235: creating config.h
config.status:1415: config.h is unchanged
config.status:1441: linking config/nm-linux.h to nm.h
config.status:1460: executing depdir commands
configure:21522: === configuring in testsuite (/home/rjhd/Desktop/insight/bundle/gdb/testsuite)
configure:21585: running /bin/bash ./configure --disable-option-checking '--prefix=/usr/local'  '--with-gnu-ld' '--enable-sim' '--with-expat' '--with-python' '--without-libunwind' '--with-tcl=/usr/lib/' '--with-tk=/usr/lib/' '--disable-gas' '--disable-binutils' '--enable-gdbtk' '--program-transform-name=s,y,y,' '--build=x86_64-pc-linux-gnu' '--host=x86_64-pc-linux-gnu' '--target=x86_64-pc-linux-gnu' 'build_alias=x86_64-pc-linux-gnu' 'host_alias=x86_64-pc-linux-gnu' 'target_alias=x86_64-pc-linux-gnu' 'CC=gcc' 'CFLAGS=-g -O2    ' 'LDFLAGS= ' 'CXX=g++' 'CXXFLAGS=-g -O2    ' 'MAKEINFO=makeinfo --split-size=5000000' 'YACC=bison -y' --cache-file=.././config.cache --srcdir=.
configure:21522: === configuring in gdbtk (/home/rjhd/Desktop/insight/bundle/gdb/gdbtk)
configure:21585: running /bin/bash ./configure --disable-option-checking '--prefix=/usr/local'  '--with-gnu-ld' '--enable-sim' '--with-expat' '--with-python' '--without-libunwind' '--with-tcl=/usr/lib/' '--with-tk=/usr/lib/' '--disable-gas' '--disable-binutils' '--enable-gdbtk' '--program-transform-name=s,y,y,' '--build=x86_64-pc-linux-gnu' '--host=x86_64-pc-linux-gnu' '--target=x86_64-pc-linux-gnu' 'build_alias=x86_64-pc-linux-gnu' 'host_alias=x86_64-pc-linux-gnu' 'target_alias=x86_64-pc-linux-gnu' 'CC=gcc' 'CFLAGS=-g -O2    ' 'LDFLAGS= ' 'CXX=g++' 'CXXFLAGS=-g -O2    ' 'MAKEINFO=makeinfo --split-size=5000000' 'YACC=bison -y' --cache-file=.././config.cache --srcdir=.

## ---------------- ##
## Cache variables. ##
## ---------------- ##

ac_cv_build=x86_64-pc-linux-gnu
ac_cv_c_bigendian=no
ac_cv_c_compiler_gnu=yes
ac_cv_c_const=yes
ac_cv_c_inline=inline
ac_cv_c_tclconfig=/usr/lib
ac_cv_c_tkconfig=/usr/lib
ac_cv_cxx_compiler_gnu=yes
ac_cv_env_CCC_set=
ac_cv_env_CCC_value=
ac_cv_env_CC_set=set
ac_cv_env_CC_value=gcc
ac_cv_env_CFLAGS_set=set
ac_cv_env_CFLAGS_value='-g -O2    '
ac_cv_env_CPPFLAGS_set=
ac_cv_env_CPPFLAGS_value=
ac_cv_env_CPP_set=
ac_cv_env_CPP_value=
ac_cv_env_CXXFLAGS_set=set
ac_cv_env_CXXFLAGS_value='-g -O2    '
ac_cv_env_CXX_set=set
ac_cv_env_CXX_value=g++
ac_cv_env_DEBUGINFOD_CFLAGS_set=
ac_cv_env_DEBUGINFOD_CFLAGS_value=
ac_cv_env_DEBUGINFOD_LIBS_set=
ac_cv_env_DEBUGINFOD_LIBS_value=
ac_cv_env_LDFLAGS_set=set
ac_cv_env_LDFLAGS_value=' '
ac_cv_env_LIBS_set=
ac_cv_env_LIBS_value=
ac_cv_env_MAKEINFOFLAGS_set=
ac_cv_env_MAKEINFOFLAGS_value=
ac_cv_env_MAKEINFO_set=set
ac_cv_env_MAKEINFO_value='makeinfo --split-size=5000000'
ac_cv_env_PKG_CONFIG_LIBDIR_set=
ac_cv_env_PKG_CONFIG_LIBDIR_value=
ac_cv_env_PKG_CONFIG_PATH_set=
ac_cv_env_PKG_CONFIG_PATH_value=
ac_cv_env_PKG_CONFIG_set=
ac_cv_env_PKG_CONFIG_value=
ac_cv_env_XMKMF_set=
ac_cv_env_XMKMF_value=
ac_cv_env_YACC_set=set
ac_cv_env_YACC_value='bison -y'
ac_cv_env_YFLAGS_set=
ac_cv_env_YFLAGS_value=
ac_cv_env_build_alias_set=set
ac_cv_env_build_alias_value=x86_64-pc-linux-gnu
ac_cv_env_host_alias_set=set
ac_cv_env_host_alias_value=x86_64-pc-linux-gnu
ac_cv_env_target_alias_set=set
ac_cv_env_target_alias_value=x86_64-pc-linux-gnu
ac_cv_func_XML_StopParser=yes
ac_cv_func__mcleanup=yes
ac_cv_func_alloca_works=yes
ac_cv_func_btowc=yes
ac_cv_func_fdwalk=no
ac_cv_func_fork=yes
ac_cv_func_fork_works=yes
ac_cv_func_getauxval=yes
ac_cv_func_getgid=yes
ac_cv_func_getpagesize=yes
ac_cv_func_getpgid=yes
ac_cv_func_getrlimit=yes
ac_cv_func_getrusage=yes
ac_cv_func_getuid=yes
ac_cv_func_iconvlist=no
ac_cv_func_kinfo_getfile=no
ac_cv_func_libiconvlist=no
ac_cv_func_mmap_fixed_mapped=yes
ac_cv_func_monstartup=yes
ac_cv_func_pipe2=yes
ac_cv_func_pipe=yes
ac_cv_func_poll=yes
ac_cv_func_posix_madvise=yes
ac_cv_func_pread64=yes
ac_cv_func_pread=yes
ac_cv_func_pthread_setname_np=yes
ac_cv_func_pthread_sigmask=yes
ac_cv_func_ptrace64=no
ac_cv_func_pwrite=yes
ac_cv_func_resize_term=no
ac_cv_func_sbrk=yes
ac_cv_func_setlocale=yes
ac_cv_func_setns=yes
ac_cv_func_setpgid=yes
ac_cv_func_setpgrp=yes
ac_cv_func_setpgrp_void=yes
ac_cv_func_setrlimit=yes
ac_cv_func_setsid=yes
ac_cv_func_sigaction=yes
ac_cv_func_sigaltstack=yes
ac_cv_func_sigprocmask=yes
ac_cv_func_sigsetmask=yes
ac_cv_func_sigtimedwait=yes
ac_cv_func_socketpair=yes
ac_cv_func_ttrace=no
ac_cv_func_use_default_colors=no
ac_cv_func_vfork=yes
ac_cv_func_vfork_works=yes
ac_cv_func_waitpid=yes
ac_cv_func_wborder=no
ac_cv_func_wresize=no
ac_cv_have_decl_ADDR_NO_RANDOMIZE=yes
ac_cv_have_decl_asprintf=yes
ac_cv_have_decl_basename_char_p_=yes
ac_cv_have_decl_ffs=yes
ac_cv_have_decl_snprintf=yes
ac_cv_have_decl_strstr=yes
ac_cv_have_decl_strtol=yes
ac_cv_have_decl_strtoll=yes
ac_cv_have_decl_strtoul=yes
ac_cv_have_decl_strtoull=yes
ac_cv_have_decl_strverscmp=yes
ac_cv_have_decl_vasprintf=yes
ac_cv_have_decl_vsnprintf=yes
ac_cv_have_x='have_x=yes	ac_x_includes='\'''\''	ac_x_libraries='\'''\'''
ac_cv_header_cursesX_h=no
ac_cv_header_curses_h=no
ac_cv_header_dlfcn_h=yes
ac_cv_header_elf_hp_h=no
ac_cv_header_execinfo_h=yes
ac_cv_header_inttypes_h=yes
ac_cv_header_linux_elf_h=yes
ac_cv_header_linux_perf_event_h=yes
ac_cv_header_locale_h=yes
ac_cv_header_machine_reg_h=no
ac_cv_header_memory_h=yes
ac_cv_header_minix_config_h=no
ac_cv_header_ncurses_h=no
ac_cv_header_ncurses_ncurses_h=no
ac_cv_header_ncurses_term_h=no
ac_cv_header_ncursesw_ncurses_h=no
ac_cv_header_nlist_h=no
ac_cv_header_poll_h=yes
ac_cv_header_proc_service_h=yes
ac_cv_header_pthread_h=yes
ac_cv_header_ptrace_h=no
ac_cv_header_signal_h=yes
ac_cv_header_stdc=yes
ac_cv_header_stdint_h=yes
ac_cv_header_stdlib_h=yes
ac_cv_header_string_h=yes
ac_cv_header_strings_h=yes
ac_cv_header_sys_debugreg_h=yes
ac_cv_header_sys_file_h=yes
ac_cv_header_sys_filio_h=no
ac_cv_header_sys_ioctl_h=yes
ac_cv_header_sys_param_h=yes
ac_cv_header_sys_poll_h=yes
ac_cv_header_sys_procctl_h=no
ac_cv_header_sys_procfs_h=yes
ac_cv_header_sys_ptrace_h=yes
ac_cv_header_sys_reg_h=yes
ac_cv_header_sys_resource_h=yes
ac_cv_header_sys_select_h=yes
ac_cv_header_sys_socket_h=yes
ac_cv_header_sys_stat_h=yes
ac_cv_header_sys_types_h=yes
ac_cv_header_sys_un_h=yes
ac_cv_header_sys_user_h=yes
ac_cv_header_sys_wait_h=yes
ac_cv_header_term_h=no
ac_cv_header_termios_h=yes
ac_cv_header_thread_db_h=yes
ac_cv_header_unistd_h=yes
ac_cv_header_vfork_h=no
ac_cv_header_wait_h=yes
ac_cv_header_windows_h=no
ac_cv_header_ws2tcpip_h=no
ac_cv_host=x86_64-pc-linux-gnu
ac_cv_lib_m_main=yes
ac_cv_libbabeltrace=no
ac_cv_libexpat=yes
ac_cv_libgmp=yes
ac_cv_libipt=no
ac_cv_liblzma=no
ac_cv_libmpfr=no
ac_cv_libxxhash=no
ac_cv_member_struct_ptrace_lwpinfo_pl_syscall_code=no
ac_cv_member_struct_ptrace_lwpinfo_pl_tdname=no
ac_cv_member_struct_reg_r_fs=no
ac_cv_member_struct_reg_r_gs=no
ac_cv_member_struct_stat_st_blksize=yes
ac_cv_member_struct_stat_st_blocks=yes
ac_cv_member_struct_thread_td_pcb=no
ac_cv_objext=o
ac_cv_path_EGREP='/usr/bin/grep -E'
ac_cv_path_GREP=/usr/bin/grep
ac_cv_path_PKG_CONFIG=/usr/bin/x86_64-pc-linux-gnu-pkg-config
ac_cv_path_SED=/usr/bin/sed
ac_cv_path_mkdir=/usr/bin/mkdir
ac_cv_path_pkg_config_prog_path=/usr/bin/pkg-config
ac_cv_path_python_prog_path=/usr/bin/python
ac_cv_prog_AR='ar --plugin /usr/lib/gcc/x86_64-linux-gnu/9/liblto_plugin.so'
ac_cv_prog_AWK=mawk
ac_cv_prog_CC=gcc
ac_cv_prog_CPP='gcc -E'
ac_cv_prog_DLLTOOL=dlltool
ac_cv_prog_RANLIB='ranlib --plugin /usr/lib/gcc/x86_64-linux-gnu/9/liblto_plugin.so'
ac_cv_prog_WINDRES=windres
ac_cv_prog_YACC='bison -y'
ac_cv_prog_cc_c89=
ac_cv_prog_cc_g=yes
ac_cv_prog_cxx_g=yes
ac_cv_prog_make_make_set=yes
ac_cv_safe_to_define___extensions__=yes
ac_cv_search_dlopen='none required'
ac_cv_search_dlsym=-ldl
ac_cv_search_gethostbyname='none required'
ac_cv_search_kinfo_getfile=no
ac_cv_search_socketpair='none required'
ac_cv_search_tgetent=no
ac_cv_search_waddstr=no
ac_cv_sizeof_long_long=8
ac_cv_sizeof_unsigned___int128=16
ac_cv_sizeof_unsigned_long=8
ac_cv_sizeof_unsigned_long_long=8
ac_cv_sys_file_offset_bits=no
ac_cv_sys_largefile_CC=no
ac_cv_target=x86_64-pc-linux-gnu
ac_cv_type_long_long=yes
ac_cv_type_pid_t=yes
ac_cv_type_size_t=yes
ac_cv_type_socklen_t=yes
ac_cv_var__etext=yes
ac_cv_var_etext=yes
ac_cv_working_alloca_h=yes
acl_cv_hardcode_direct=no
acl_cv_hardcode_libdir_flag_spec='${wl}-rpath ${wl}$libdir'
acl_cv_hardcode_libdir_separator=
acl_cv_hardcode_minus_L=no
acl_cv_libext=a
acl_cv_path_LD=ld
acl_cv_prog_gnu_ld=yes
acl_cv_rpath=done
acl_cv_shlibext=so
acl_cv_wl=-Wl,
am_cv_CC_dependencies_compiler_type=gcc3
am_cv_func_iconv=yes
am_cv_langinfo_codeset=yes
am_cv_lib_iconv=no
am_cv_make_support_nested_variables=yes
am_cv_prog_cc_c_o=yes
am_cv_proto_iconv='extern size_t iconv (iconv_t cd, char * *inbuf, size_t *inbytesleft, char * *outbuf, size_t *outbytesleft);'
am_cv_proto_iconv_arg1=
am_cv_val_LC_MESSAGES=yes
ax_cv_PTHREAD_CLANG=no
ax_cv_PTHREAD_JOINABLE_ATTR=PTHREAD_CREATE_JOINABLE
ax_cv_PTHREAD_PRIO_INHERIT=yes
ax_cv_PTHREAD_SPECIAL_FLAGS=no
ax_cv_cxx_compile_cxx11=yes
bfd_cv_have_sys_procfs_type_elf_fpregset_t=yes
bfd_cv_have_sys_procfs_type_fpregset_t=no
bfd_cv_have_sys_procfs_type_gregset_t=no
bfd_cv_have_sys_procfs_type_lwpid_t=yes
bfd_cv_have_sys_procfs_type_prfpregset_t=yes
bfd_cv_have_sys_procfs_type_prgregset32_t=no
bfd_cv_have_sys_procfs_type_prgregset_t=yes
bfd_cv_have_sys_procfs_type_psaddr_t=yes
gdb_cv_c_long_double=yes
gdb_cv_c_long_long=yes
gdb_cv_cxx_std_thread=yes
gdb_cv_execinfo_backtrace=yes
gdb_cv_func_ptrace_args='enum __ptrace_request,int,long,long'
gdb_cv_func_ptrace_ret=long
gdb_cv_func_sigsetjmp=yes
gdb_cv_have_makeinfo_click=yes
gdb_cv_have_pt_getdbregs=no
gdb_cv_have_pt_getxmmregs=no
gdb_cv_have_ptrace_getfpxregs=yes
gdb_cv_have_ptrace_getregs=yes
gdb_cv_os_cygwin=no
gdb_cv_printf_has_decfloat=no
gdb_cv_printf_has_long_double=yes
gdb_cv_printf_has_long_long=yes
gdb_cv_scanf_has_long_double=yes
gdb_cv_struct_lwp=no
gdb_cv_struct_reg=no
gdb_cv_thread_db_h_has_td_notalloc=yes
gdb_cv_thread_db_h_has_td_notls=yes
gdb_cv_thread_db_h_has_td_version=yes
gdb_cv_var_elf=yes
gdb_cv_var_macho=no

## ----------------- ##
## Output variables. ##
## ----------------- ##

		linux-thread-db.o linux-nat.o nat/linux-osdata.o linux-fork.o \
		nat/linux-personality.o nat/linux-namespaces.o x86-nat.o nat/x86-dregs.o 		amd64-nat.o amd64-linux-nat.o x86-linux-nat.o 		nat/linux-btrace.o 		nat/x86-linux.o nat/x86-linux-dregs.o 		nat/amd64-linux-siginfo.o'
		nat/linux-procfs.o nat/linux-ptrace.o nat/linux-waitpid.o \
		proc-service.o \
ALLOCA=''
AR='ar --plugin /usr/lib/gcc/x86_64-linux-gnu/9/liblto_plugin.so'
AWK='mawk'
CATALOGS=''
CATOBJEXT='.gmo'
CC='gcc'
CCDEPMODE='depmode=gcc3'
CFLAGS='-g -O2    '
CODESIGN_CERT=''
CONFIG_ALL=' all-po all-gdbtk'
CONFIG_CLEAN=' clean-po clean-gdbtk'
CONFIG_DEPS=' $(SUBDIR_MI_DEPS) $(SUBDIR_PYTHON_DEPS) $(SUBDIR_GDBTK_DEPS)'
CONFIG_INSTALL=' install-po install-python install-gdbtk'
CONFIG_LDFLAGS=''
CONFIG_OBS=' $(SUBDIR_MI_OBS) stub-termcap.o $(SUBDIR_PYTHON_OBS) guile/guile.o elfread.o stap-probe.o dtrace-probe.o 		gcore-elf.o elf-none-tdep.o posix-hdep.o $(SUBDIR_GDBTK_OBS) $(SELFTESTS_OBS)'
CONFIG_SRCS=' $(SUBDIR_MI_SRCS) $(SUBDIR_PYTHON_SRCS) guile/guile.c $(SUBDIR_GDBTK_SRCS) $(SELFTESTS_SRCS)'
CONFIG_UNINSTALL=' uninstall-po uninstall-gdbtk'
CPP='gcc -E'
CPPFLAGS=''
CTF_DEPS='../libctf/.libs/libctf.a'
CXX='g++'
CXXFLAGS='-g -O2    '
CXX_DIALECT=''
DATADIRNAME='share'
DEBUGDIR='${exec_prefix}/lib/debug'
DEBUGINFOD_CFLAGS=''
DEBUGINFOD_LIBS=''
DEFS='-DHAVE_CONFIG_H'
DEPDIR='.deps'
DLLTOOL='dlltool'
ECHO_C=''
ECHO_N='-n'
ECHO_T=''
EGREP='/usr/bin/grep -E'
ENABLE_CFLAGS=' $(SUBDIR_MI_CFLAGS) $(SUBDIR_PYTHON_CFLAGS) $(SUBDIR_GDBTK_CFLAGS)'
EXEEXT=''
GCORE_TRANSFORM_NAME='gcore'
GDBTKLIBS='$(LIBGUI) $(TK) $(TCL) $(X11_LDFLAGS) $(X11_LIBS) -lX11 -lXss -lXext -lXft -lfontconfig -lfreetype -lfontconfig  -lpthread -ldl -lz  -lpthread -lm'
GDBTK_CFLAGS=''
GDBTK_SRC_DIR='/home/rjhd/Desktop/insight/bundle/gdb'
GDB_DATADIR='${datarootdir}/gdb'
GDB_NM_FILE='config/nm-linux.h'
GDB_TRANSFORM_NAME='gdb'
GENCAT='gencat'
GMSGFMT=':'
GREP='/usr/bin/grep'
GUILD=''
GUILD_TARGET_FLAG=''
GUILE_CPPFLAGS=''
GUILE_LIBS=''
GUI_CFLAGS_X='-I./../libgui/src'
HAVE_CXX11='1'
HAVE_GUILE_FALSE=''
HAVE_GUILE_TRUE='#'
HAVE_LIBBABELTRACE='no'
HAVE_LIBEXPAT='yes'
HAVE_LIBGMP='yes'
HAVE_LIBIPT='no'
HAVE_LIBLZMA='no'
HAVE_LIBMPFR='no'
HAVE_LIBXXHASH='no'
HAVE_NATIVE_GCORE_HOST=''
HAVE_NATIVE_GCORE_TARGET='1'
HAVE_PYTHON_FALSE='#'
HAVE_PYTHON_TRUE=''
INCINTL=''
INSTALL_DATA='/usr/bin/install -c -m 644'
INSTALL_PROGRAM='/usr/bin/install -c'
INSTALL_SCRIPT='/usr/bin/install -c'
INSTALL_STRIP_PROGRAM='$(install_sh) -c -s'
INSTOBJEXT='.mo'
JIT_READER_DIR='${exec_prefix}/lib/gdb'
LARGEFILE_CPPFLAGS=''
LDFLAGS=' '
LIBBABELTRACE=''
LIBBACKTRACE_INC='-I./../libbacktrace/ -I../libbacktrace/'
LIBBACKTRACE_LIB='../libbacktrace/.libs/libbacktrace.a'
LIBCTF='../libctf/.libs/libctf.a'
LIBEXPAT='-lexpat'
LIBGMP='-lgmp'
LIBGUI='../libgui/src/libgui.a'
LIBICONV=''
LIBINTL=''
LIBINTL_DEP=''
LIBIPT=''
LIBLZMA=''
LIBMPFR=''
LIBOBJS=''
LIBS='-lm -ldl '
LIBXXHASH=''
LN_S='ln -s'
LOADLIBES='-ldl $(RDYNAMIC)'
LTLIBBABELTRACE=''
LTLIBEXPAT='-lexpat'
LTLIBGMP='-lgmp'
LTLIBICONV=''
LTLIBIPT=''
LTLIBLZMA=''
LTLIBMPFR=''
LTLIBOBJS=''
LTLIBXXHASH=''
MAINT='#'
MAINTAINER_MODE_FALSE=''
MAINTAINER_MODE_TRUE='#'
MAKEINFO='makeinfo --split-size=5000000'
MAKEINFOFLAGS=''
MAKEINFO_EXTRA_FLAGS=' -DHAVE_MAKEINFO_CLICK'
MH_CFLAGS=''
MIG=''
NATDEPFILES='inf-ptrace.o fork-child.o nat/fork-inferior.o \
NAT_CDEPS='$(srcdir)/proc-service.list'
NAT_FILE='config/nm-linux.h'
NAT_GENERATED_FILES=''
NM_H='nm.h'
OBJEXT='o'
PACKAGE='gdb'
PACKAGE_BUGREPORT=''
PACKAGE_NAME=''
PACKAGE_STRING=''
PACKAGE_TARNAME=''
PACKAGE_URL=''
PACKAGE_VERSION=''
PATH_SEPARATOR=':'
PKGVERSION='(GDB) '
PKG_CONFIG='/usr/bin/x86_64-pc-linux-gnu-pkg-config'
PKG_CONFIG_LIBDIR=''
PKG_CONFIG_PATH=''
POSUB='po'
PROFILE_CFLAGS=''
PTHREAD_CC='gcc'
PTHREAD_CFLAGS='-pthread'
PTHREAD_LIBS=''
PYTHON_CFLAGS=' -fno-strict-aliasing -fwrapv'
PYTHON_CPPFLAGS='-I/usr/include/python2.7 -I/usr/include/python2.7'
PYTHON_LIBS='-lpython2.7 -lpthread -ldl -lutil -lm  -Wl,-O1 -Wl,-Bsymbolic-functions'
RANLIB='ranlib --plugin /usr/lib/gcc/x86_64-linux-gnu/9/liblto_plugin.so'
RDYNAMIC='-Wl,--dynamic-list=$(srcdir)/proc-service.list'
READLINE='$(READLINE_DIR)/libreadline.a'
READLINE_CFLAGS='-I$(READLINE_SRC)/..'
READLINE_DEPS='$(READLINE)'
READLINE_TEXI_INCFLAG='-I $(READLINE_DIR)'
REPORT_BUGS_TEXI='@uref{https://www.gnu.org/software/gdb/bugs/}'
REPORT_BUGS_TO='<https://www.gnu.org/software/gdb/bugs/>'
SED='/usr/bin/sed'
SER_HARDWIRE='ser-base.o ser-unix.o ser-pipe.o ser-tcp.o ser-uds.o'
SHELL='/bin/bash'
SIM=''
SIM_OBS=''
SRCHIGH_CFLAGS=''
SRCHIGH_LIBS=''
STRIP=''
SYSTEM_GDBINIT=''
SYSTEM_GDBINIT_DIR=''
TARGET_OBS=' i386-tdep.o arch/i386.o i387-tdep.o x86-tdep.o ravenscar-thread.o amd64-ravenscar-thread.o amd64-tdep.o arch/amd64.o amd64-linux-tdep.o i386-linux-tdep.o glibc-tdep.o solib-svr4.o symfile-mem.o linux-tdep.o linux-record.o'
TARGET_PTR='unsigned long'
TARGET_SYSTEM_ROOT=''
TCL_BIN_DIR='/usr/lib'
TCL_DEPS=''
TCL_INCLUDE='-I/usr/include/tcl8.6 -I/usr/include/tcl8.6/tcl-private/generic -I/usr/include/tcl8.6/tcl-private/unix'
TCL_LIBRARY='-L/usr/lib/x86_64-linux-gnu -ltcl8.6'
TCL_LIB_FILE='libtcl8.6.so'
TCL_LIB_FLAG='-ltcl8.6'
TCL_LIB_SPEC='-L/usr/lib/x86_64-linux-gnu -ltcl8.6'
TCL_PATCH_LEVEL='.10'
TCL_PLATFORM_DEFINE='TCL_PLATFORM_UNIX=TCL_PLATFORM_UNIX'
TCL_SRC_DIR='/usr/include/tcl8.6/tcl-private'
TCL_STUB_LIB_FILE='libtclstub8.6.a'
TCL_STUB_LIB_FLAG='-ltclstub8.6'
TCL_STUB_LIB_SPEC='-L/usr/lib/x86_64-linux-gnu -ltclstub8.6'
TCL_VERSION='8.6'
TK_BIN_DIR='/usr/lib'
TK_DEPS=''
TK_INCLUDE='-I/usr/include/tcl8.6 -I/usr/include/tcl8.6/tk-private/generic -I/usr/include/tcl8.6/tk-private/unix'
TK_LIBRARY='-L/usr/lib/x86_64-linux-gnu -ltk8.6'
TK_LIB_FILE='libtk8.6.so'
TK_LIB_FLAG='-ltk8.6'
TK_LIB_SPEC='-L/usr/lib/x86_64-linux-gnu -ltk8.6'
TK_PLATFORM_DEFINE='TK_PLATFORM_UNIX=TK_PLATFORM_UNIX'
TK_SRC_DIR='/usr/include/tcl8.6/tk-private'
TK_STUB_LIB_FILE='libtkstub8.6.a'
TK_STUB_LIB_FLAG='-ltkstub8.6'
TK_STUB_LIB_SPEC='-L/usr/lib/x86_64-linux-gnu -ltkstub8.6'
TK_VERSION='8.6'
TK_XINCLUDES=''
USE_NLS='yes'
WARN_CFLAGS=' -Wall -Wpointer-arith -Wno-unused -Wunused-value -Wunused-variable -Wunused-function -Wno-switch -Wno-char-subscripts -Wempty-body -Wunused-but-set-parameter -Wunused-but-set-variable -Wno-sign-compare -Wno-error=maybe-uninitialized -Wsuggest-override -Wimplicit-fallthrough=3 -Wduplicated-cond -Wshadow=local -Wdeprecated-copy -Wdeprecated-copy-dtor -Wredundant-move -Wmissing-declarations -Wstrict-null-sentinel -Wformat -Wformat-nonliteral'
WERROR_CFLAGS='-Werror'
WIN32LDAPP=''
WIN32LIBS=' '
WINDRES='windres'
XGETTEXT=':'
XMKMF=''
XM_CLIBS=''
XSLTPROC='missing'
X_CFLAGS=''
X_LDFLAGS=''
X_LIBS=''
YACC='bison -y'
YFLAGS=''
ac_ct_CC=''
ac_ct_CXX=''
am__leading_dot='.'
ax_pthread_config=''
bindir='${exec_prefix}/bin'
build='x86_64-pc-linux-gnu'
build_alias='x86_64-pc-linux-gnu'
build_cpu='x86_64'
build_os='linux-gnu'
build_vendor='pc'
datadir='${datarootdir}'
datarootdir='${prefix}/share'
docdir='${datarootdir}/doc/${PACKAGE}'
dvidir='${docdir}'
exec_prefix='${prefix}'
host='x86_64-pc-linux-gnu'
host_alias='x86_64-pc-linux-gnu'
host_cpu='x86_64'
host_os='linux-gnu'
host_vendor='pc'
htmldir='${docdir}'
includedir='${prefix}/include'
infodir='${datarootdir}/info'
install_sh='${SHELL} /home/rjhd/Desktop/insight/bundle/install-sh'
libdir='${exec_prefix}/lib'
libexecdir='${exec_prefix}/libexec'
localedir='${datadir}/locale'
localstatedir='${prefix}/var'
mandir='${datarootdir}/man'
oldincludedir='/usr/include'
pdfdir='${docdir}'
pkg_config_prog_path='/usr/bin/pkg-config'
prefix='/usr/local'
program_transform_name='s,y,y,'
psdir='${docdir}'
python_prog_path='/usr/bin/python'
runstatedir='${localstatedir}/run'
sbindir='${exec_prefix}/sbin'
sharedstatedir='${prefix}/com'
subdirs=' testsuite gdbtk'
sysconfdir='${prefix}/etc'
target='x86_64-pc-linux-gnu'
target_alias='x86_64-pc-linux-gnu'
target_cpu='x86_64'
target_noncanonical='x86_64-pc-linux-gnu'
target_os='linux-gnu'
target_subdir=''
target_vendor='pc'
zlibdir='-L$(top_builddir)/../zlib'
zlibinc='-I$(top_srcdir)/../zlib'

## ------------------- ##
## File substitutions. ##
## ------------------- ##

nat_makefile_frag='/dev/null'

## ----------- ##
## confdefs.h. ##
## ----------- ##

/* confdefs.h */
#define PACKAGE_NAME ""
#define PACKAGE_TARNAME ""
#define PACKAGE_VERSION ""
#define PACKAGE_STRING ""
#define PACKAGE_BUGREPORT ""
#define PACKAGE_URL ""
#define STDC_HEADERS 1
#define HAVE_SYS_TYPES_H 1
#define HAVE_SYS_STAT_H 1
#define HAVE_STDLIB_H 1
#define HAVE_STRING_H 1
#define HAVE_MEMORY_H 1
#define HAVE_STRINGS_H 1
#define HAVE_INTTYPES_H 1
#define HAVE_STDINT_H 1
#define HAVE_UNISTD_H 1
#define __EXTENSIONS__ 1
#define _ALL_SOURCE 1
#define _GNU_SOURCE 1
#define _POSIX_PTHREAD_SEMANTICS 1
#define _TANDEM_SOURCE 1
#define HAVE_DLFCN_H 1
#define HAVE_CXX11 1
#define ENABLE_NLS 1
#define PACKAGE "gdb"
#define DEBUGDIR "/usr/local/lib/debug"
#define DEBUGDIR_RELOCATABLE 1
#define BINDIR "/usr/local/bin"
#define GDB_DATADIR "/usr/local/share/gdb"
#define GDB_DATADIR_RELOCATABLE 1
#define AUTO_LOAD_DIR "$debugdir:$datadir/auto-load"
#define AUTO_LOAD_SAFE_PATH "$debugdir:$datadir/auto-load"
#define DEFAULT_BFD_ARCH bfd_i386_arch
#define DEFAULT_BFD_VEC x86_64_elf64_vec
#define HAVE_MONSTARTUP 1
#define HAVE__MCLEANUP 1
#define HAVE__ETEXT 1
#define HAVE_ETEXT 1
#define PKGVERSION "(GDB) "
#define REPORT_BUGS_TO "<https://www.gnu.org/software/gdb/bugs/>"
#define HAVE_LIBM 1
#define HAVE_ICONV 1
#define ICONV_CONST 
#define SIZEOF_UNSIGNED_LONG_LONG 8
#define SIZEOF_UNSIGNED_LONG 8
#define SIZEOF_UNSIGNED___INT128 16
#define JIT_READER_DIR "/usr/local/lib/gdb"
#define JIT_READER_DIR_RELOCATABLE 1
#define HAVE_LIBEXPAT 1
#define HAVE_XML_STOPPARSER 1
#define HAVE_LIBGMP 1
#define WITH_PYTHON_PATH "/usr"
#define PYTHON_PATH_RELOCATABLE 0
#define HAVE_PYTHON 1
#define WITH_PYTHON_LIBDIR "/usr/lib"
#define PYTHON_LIBDIR_RELOCATABLE 0
#define STDC_HEADERS 1
#define HAVE_THREAD_DB_H 1
#define HAVE_SYS_FILE_H 1
#define HAVE_SYS_IOCTL_H 1
#define HAVE_SYS_PARAM_H 1
#define HAVE_SYS_RESOURCE_H 1
#define HAVE_SYS_PTRACE_H 1
#define HAVE_SYS_REG_H 1
#define HAVE_SYS_DEBUGREG_H 1
#define HAVE_TERMIOS_H 1
#define HAVE_SYS_USER_H 1
#define HAVE_SYS_SOCKET_H 1
#define HAVE_EXECINFO_H 1
#define HAVE_LONG_LONG 1
#define SIZEOF_LONG_LONG 8
#define HAVE_DECL_BASENAME 1
#define HAVE_DECL_FFS 1
#define HAVE_DECL_ASPRINTF 1
#define HAVE_DECL_VASPRINTF 1
#define HAVE_DECL_SNPRINTF 1
#define HAVE_DECL_VSNPRINTF 1
#define HAVE_DECL_STRTOL 1
#define HAVE_DECL_STRTOUL 1
#define HAVE_DECL_STRTOLL 1
#define HAVE_DECL_STRTOULL 1
#define HAVE_DECL_STRVERSCMP 1
#define HAVE_DECL_SNPRINTF 1
#define HAVE_LC_MESSAGES 1
#define HAVE_SOCKLEN_T 1
#define HAVE_GETUID 1
#define HAVE_GETGID 1
#define HAVE_PIPE 1
#define HAVE_PREAD 1
#define HAVE_PREAD64 1
#define HAVE_PWRITE 1
#define HAVE_GETPGID 1
#define HAVE_SETSID 1
#define HAVE_SIGACTION 1
#define HAVE_SIGSETMASK 1
#define HAVE_SOCKETPAIR 1
#define HAVE_SETLOCALE 1
#define HAVE_BTOWC 1
#define HAVE_SETRLIMIT 1
#define HAVE_GETRLIMIT 1
#define HAVE_POSIX_MADVISE 1
#define HAVE_WAITPID 1
#define HAVE_LANGINFO_CODESET 1
#define HAVE_STDLIB_H 1
#define HAVE_UNISTD_H 1
#define HAVE_SYS_PARAM_H 1
#define STDC_HEADERS 1
#define HAVE_ALLOCA_H 1
#define HAVE_ALLOCA 1
#define HAVE_LANGINFO_CODESET 1
#define HAVE_LINUX_PERF_EVENT_H 1
#define HAVE_LOCALE_H 1
#define HAVE_MEMORY_H 1
#define HAVE_SIGNAL_H 1
#define HAVE_SYS_RESOURCE_H 1
#define HAVE_SYS_SOCKET_H 1
#define HAVE_SYS_UN_H 1
#define HAVE_SYS_WAIT_H 1
#define HAVE_THREAD_DB_H 1
#define HAVE_WAIT_H 1
#define HAVE_TERMIOS_H 1
#define HAVE_DLFCN_H 1
#define HAVE_LINUX_ELF_H 1
#define HAVE_PROC_SERVICE_H 1
#define HAVE_POLL_H 1
#define HAVE_SYS_POLL_H 1
#define HAVE_SYS_SELECT_H 1
#define HAVE_GETPAGESIZE 1
#define HAVE_MMAP 1
#define HAVE_FORK 1
#define HAVE_VFORK 1
#define HAVE_WORKING_VFORK 1
#define HAVE_WORKING_FORK 1
#define HAVE_GETRLIMIT 1
#define HAVE_PIPE 1
#define HAVE_PIPE2 1
#define HAVE_POLL 1
#define HAVE_SOCKETPAIR 1
#define HAVE_SIGACTION 1
#define HAVE_SBRK 1
#define HAVE_SETNS 1
#define HAVE_SIGALTSTACK 1
#define HAVE_SIGPROCMASK 1
#define HAVE_SETPGID 1
#define HAVE_SETPGRP 1
#define HAVE_GETRUSAGE 1
#define HAVE_GETAUXVAL 1
#define HAVE_SIGTIMEDWAIT 1
#define HAVE_DECL_ADDR_NO_RANDOMIZE 1
#define HAVE_DECL_STRSTR 1
#define HAVE_STRUCT_STAT_ST_BLOCKS 1
#define HAVE_STRUCT_STAT_ST_BLKSIZE 1
#define HAVE_PTHREAD_PRIO_INHERIT 1
#define HAVE_PTHREAD_SIGMASK 1
#define HAVE_PTHREAD_SETNAME_NP 1
#define CXX_STD_THREAD 1
#define HAVE_SIGSETJMP 1
#define PRINTF_HAS_LONG_LONG 1
#define _STRUCTURED_PROC 1
#define HAVE_SYS_PROCFS_H 1
#define HAVE_PRGREGSET_T 1
#define HAVE_PRFPREGSET_T 1
#define HAVE_LWPID_T 1
#define HAVE_PSADDR_T 1
#define HAVE_ELF_FPREGSET_T 1
#define HAVE_SYS_PTRACE_H 1
#define PTRACE_TYPE_RET long
#define PTRACE_TYPE_ARG1 enum __ptrace_request
#define PTRACE_TYPE_ARG3 long
#define PTRACE_TYPE_ARG4 long
#define SETPGRP_VOID 1
#define HAVE_PTRACE_GETREGS 1
#define HAVE_PTRACE_GETFPXREGS 1
#define HAVE_LONG_DOUBLE 1
#define PRINTF_HAS_LONG_DOUBLE 1
#define SCANF_HAS_LONG_DOUBLE 1
#define HAVE_EXECINFO_BACKTRACE 1
#define THREAD_DB_HAS_TD_NOTALLOC 1
#define THREAD_DB_HAS_TD_VERSION 1
#define THREAD_DB_HAS_TD_NOTLS 1
#define GDBINIT ".gdbinit"
#define GDBEARLYINIT ".gdbearlyinit"
#define TARGET_SYSTEM_ROOT ""
#define TARGET_SYSTEM_ROOT_RELOCATABLE 0
#define SYSTEM_GDBINIT ""
#define SYSTEM_GDBINIT_RELOCATABLE 0
#define SYSTEM_GDBINIT_DIR ""
#define SYSTEM_GDBINIT_DIR_RELOCATABLE 0
#define HAVE_ELF 1
#define GDB_HOST_FLOAT_FORMAT &floatformat_ieee_single_little
#define GDB_HOST_DOUBLE_FORMAT &floatformat_ieee_double_little
#define GDB_HOST_LONG_DOUBLE_FORMAT &floatformat_i387_ext
#define GDB_OSABI_DEFAULT GDB_OSABI_LINUX
#define HAVE_LIBBACKTRACE 1
#define ENABLE_LIBCTF 1
#define GDB_NM_FILE "config/nm-linux.h"
#define GDB_DEFAULT_HOST_CHARSET "UTF-8"
#define GDB_SELF_TEST 1

configure: exit 0
