This file contains any messages produced by compilers while
running configure, to aid debugging if configure makes a mistake.

It was created by bfd configure 2.37.50, which was
generated by GNU Autoconf 2.69.  Invocation command line was

  $ /home/rjhd/Desktop/insight/bundle/bfd/configure --srcdir=.././bfd --cache-file=./config.cache --with-gnu-ld --enable-sim --with-expat --with-python --without-libunwind --with-tcl=/usr/lib/ --with-tk=/usr/lib/ --disable-gas --disable-binutils --enable-gdbtk --program-transform-name=s,y,y, --disable-option-checking --build=x86_64-pc-linux-gnu --host=x86_64-pc-linux-gnu --target=x86_64-pc-linux-gnu

## --------- ##
## Platform. ##
## --------- ##

hostname = ubuntu
uname -m = x86_64
uname -r = 5.11.0-43-generic
uname -s = Linux
uname -v = #47~20.04.2-Ubuntu SMP Mon Dec 13 11:06:56 UTC 2021

/usr/bin/uname -p = x86_64
/bin/uname -X     = unknown

/bin/arch              = x86_64
/usr/bin/arch -k       = unknown
/usr/convex/getsysinfo = unknown
/usr/bin/hostinfo      = unknown
/bin/machine           = unknown
/usr/bin/oslevel       = unknown
/bin/universe          = unknown

PATH: /usr/local/sbin
PATH: /usr/local/bin
PATH: /usr/sbin
PATH: /usr/bin
PATH: /sbin
PATH: /bin
PATH: /usr/games
PATH: /usr/local/games
PATH: /snap/bin
PATH: /root/.local/bin


## ----------- ##
## Core tests. ##
## ----------- ##

configure:2452: loading cache ./config.cache
configure:2574: checking build system type
configure:2588: result: x86_64-pc-linux-gnu
configure:2608: checking host system type
configure:2621: result: x86_64-pc-linux-gnu
configure:2641: checking target system type
configure:2654: result: x86_64-pc-linux-gnu
configure:2697: checking for a BSD-compatible install
configure:2765: result: /usr/bin/install -c
configure:2776: checking whether build environment is sane
configure:2831: result: yes
configure:2980: checking for a thread-safe mkdir -p
configure:3019: result: /usr/bin/mkdir -p
configure:3026: checking for gawk
configure:3053: result: mawk
configure:3064: checking whether make sets $(MAKE)
configure:3086: result: yes
configure:3115: checking whether make supports nested variables
configure:3132: result: yes
configure:3269: checking whether make supports nested variables
configure:3286: result: yes
configure:3301: checking for x86_64-pc-linux-gnu-ar
configure:3328: result: ar --plugin /usr/lib/gcc/x86_64-linux-gnu/9/liblto_plugin.so
configure:3393: checking for x86_64-pc-linux-gnu-ranlib
configure:3420: result: ranlib --plugin /usr/lib/gcc/x86_64-linux-gnu/9/liblto_plugin.so
configure:3523: checking for x86_64-pc-linux-gnu-gcc
configure:3550: result: gcc
configure:3819: checking for C compiler version
configure:3828: gcc --version >&5
gcc (Ubuntu 9.3.0-17ubuntu1~20.04) 9.3.0
Copyright (C) 2019 Free Software Foundation, Inc.
This is free software; see the source for copying conditions.  There is NO
warranty; not even for MERCHANTABILITY or FITNESS FOR A PARTICULAR PURPOSE.

configure:3839: $? = 0
configure:3828: gcc -v >&5
Using built-in specs.
COLLECT_GCC=gcc
COLLECT_LTO_WRAPPER=/usr/lib/gcc/x86_64-linux-gnu/9/lto-wrapper
OFFLOAD_TARGET_NAMES=nvptx-none:hsa
OFFLOAD_TARGET_DEFAULT=1
Target: x86_64-linux-gnu
Configured with: ../src/configure -v --with-pkgversion='Ubuntu 9.3.0-17ubuntu1~20.04' --with-bugurl=file:///usr/share/doc/gcc-9/README.Bugs --enable-languages=c,ada,c++,go,brig,d,fortran,objc,obj-c++,gm2 --prefix=/usr --with-gcc-major-version-only --program-suffix=-9 --program-prefix=x86_64-linux-gnu- --enable-shared --enable-linker-build-id --libexecdir=/usr/lib --without-included-gettext --enable-threads=posix --libdir=/usr/lib --enable-nls --enable-clocale=gnu --enable-libstdcxx-debug --enable-libstdcxx-time=yes --with-default-libstdcxx-abi=new --enable-gnu-unique-object --disable-vtable-verify --enable-plugin --enable-default-pie --with-system-zlib --with-target-system-zlib=auto --enable-objc-gc=auto --enable-multiarch --disable-werror --with-arch-32=i686 --with-abi=m64 --with-multilib-list=m32,m64,mx32 --enable-multilib --with-tune=generic --enable-offload-targets=nvptx-none=/build/gcc-9-HskZEa/gcc-9-9.3.0/debian/tmp-nvptx/usr,hsa --without-cuda-driver --enable-checking=release --build=x86_64-linux-gnu --host=x86_64-linux-gnu --target=x86_64-linux-gnu
Thread model: posix
gcc version 9.3.0 (Ubuntu 9.3.0-17ubuntu1~20.04) 
configure:3839: $? = 0
configure:3828: gcc -V >&5
gcc: error: unrecognized command line option '-V'
gcc: fatal error: no input files
compilation terminated.
configure:3839: $? = 1
configure:3828: gcc -qversion >&5
gcc: error: unrecognized command line option '-qversion'; did you mean '--version'?
gcc: fatal error: no input files
compilation terminated.
configure:3839: $? = 1
configure:3859: checking whether the C compiler works
configure:3881: gcc -g -O2        conftest.c  >&5
configure:3885: $? = 0
configure:3933: result: yes
configure:3936: checking for C compiler default output file name
configure:3938: result: a.out
configure:3944: checking for suffix of executables
configure:3951: gcc -o conftest -g -O2        conftest.c  >&5
configure:3955: $? = 0
configure:3977: result: 
configure:3999: checking whether we are cross compiling
configure:4007: gcc -o conftest -g -O2        conftest.c  >&5
configure:4011: $? = 0
configure:4018: ./conftest
configure:4022: $? = 0
configure:4010: result: no
configure:4015: checking for suffix of object files
configure:4062: result: o
configure:4066: checking whether we are using the GNU C compiler
configure:4094: result: yes
configure:4103: checking whether gcc accepts -g
configure:4164: result: yes
configure:4181: checking for gcc option to accept ISO C89
configure:4257: result: none needed
configure:4282: checking whether gcc understands -c and -o together
configure:4319: result: yes
configure:4347: checking for style of include used by make
configure:4375: result: GNU
configure:4401: checking dependency style of gcc
configure:4512: result: gcc3
configure:4533: checking how to run the C preprocessor
configure:4603: result: gcc -E
configure:4623: gcc -E  conftest.c
configure:4623: $? = 0
configure:4637: gcc -E  conftest.c
conftest.c:11:10: fatal error: ac_nonexistent.h: No such file or directory
   11 | #include <ac_nonexistent.h>
      |          ^~~~~~~~~~~~~~~~~~
compilation terminated.
configure:4637: $? = 1
configure: failed program was:
| /* confdefs.h */
| #define PACKAGE_NAME "bfd"
| #define PACKAGE_TARNAME "bfd"
| #define PACKAGE_VERSION "2.37.50"
| #define PACKAGE_STRING "bfd 2.37.50"
| #define PACKAGE_BUGREPORT ""
| #define PACKAGE_URL ""
| #define PACKAGE "bfd"
| #define VERSION "2.37.50"
| /* end confdefs.h.  */
| #include <ac_nonexistent.h>
configure:4666: checking for grep that handles long lines and -e
configure:4724: result: /usr/bin/grep
configure:4729: checking for egrep
configure:4791: result: /usr/bin/grep -E
configure:4796: checking for ANSI C header files
configure:4900: result: yes
configure:4913: checking for sys/types.h
configure:4913: result: yes
configure:4913: checking for sys/stat.h
configure:4913: result: yes
configure:4913: checking for stdlib.h
configure:4913: result: yes
configure:4913: checking for string.h
configure:4913: result: yes
configure:4913: checking for memory.h
configure:4913: result: yes
configure:4913: checking for strings.h
configure:4913: result: yes
configure:4913: checking for inttypes.h
configure:4913: result: yes
configure:4913: checking for stdint.h
configure:4913: result: yes
configure:4913: checking for unistd.h
configure:4913: result: yes
configure:4926: checking for minix/config.h
configure:4926: result: no
configure:4947: checking whether it is safe to define __EXTENSIONS__
configure:4972: result: yes
configure:5035: checking how to print strings
configure:5062: result: printf
configure:5083: checking for a sed that does not truncate output
configure:5147: result: /usr/bin/sed
configure:5165: checking for fgrep
configure:5227: result: /usr/bin/grep -F
configure:5262: checking for ld used by gcc
configure:5329: result: ld
configure:5336: checking if the linker (ld) is GNU ld
configure:5351: result: yes
configure:5363: checking for BSD- or MS-compatible name lister (nm)
configure:5413: result: /usr/bin/nm -B
configure:5543: checking the name lister (/usr/bin/nm -B) interface
configure:5563: result: BSD nm
configure:5566: checking whether ln -s works
configure:5570: result: yes
configure:5578: checking the maximum length of command line arguments
configure:5703: result: 1572864
configure:5720: checking whether the shell understands some XSI constructs
configure:5729: result: yes
configure:5733: checking whether the shell understands "+="
configure:5737: result: yes
configure:5772: checking for ld option to reload object files
configure:5779: result: -r
configure:5808: checking for x86_64-pc-linux-gnu-objdump
configure:5835: result: objdump
configure:5907: checking how to recognize dependent libraries
configure:6108: result: pass_all
configure:6141: checking for x86_64-pc-linux-gnu-ar
configure:6168: result: ar --plugin /usr/lib/gcc/x86_64-linux-gnu/9/liblto_plugin.so
configure:6259: checking for x86_64-pc-linux-gnu-strip
configure:6289: result: no
configure:6299: checking for strip
configure:6326: result: strip
configure:6358: checking for x86_64-pc-linux-gnu-ranlib
configure:6385: result: ranlib --plugin /usr/lib/gcc/x86_64-linux-gnu/9/liblto_plugin.so
configure:6532: checking command to parse /usr/bin/nm -B output from gcc object
configure:6755: result: ok
configure:6850: gcc -c -g -O2      conftest.c >&5
configure:6853: $? = 0
configure:7603: checking for dlfcn.h
configure:7603: result: yes
configure:7759: checking for objdir
configure:7774: result: .libs
configure:8045: checking if gcc supports -fno-rtti -fno-exceptions
configure:8080: result: no
configure:8100: checking for gcc option to produce PIC
configure:8386: result: -fPIC -DPIC
configure:8398: checking if gcc PIC flag -fPIC -DPIC works
configure:8433: result: yes
configure:8457: checking if gcc static flag -static works
configure:8485: result: yes
configure:8500: checking if gcc supports -c -o file.o
configure:8547: result: yes
configure:8555: checking if gcc supports -c -o file.o
configure:8602: result: yes
configure:8635: checking whether the gcc linker (ld -m elf_x86_64) supports shared libraries
configure:9706: result: yes
configure:9951: checking dynamic linker characteristics
configure:10614: result: GNU/Linux ld.so
configure:10721: checking how to hardcode library paths into programs
configure:10746: result: immediate
configure:10840: checking for shl_load
configure:10840: result: no
configure:10844: checking for shl_load in -ldld
configure:10878: result: no
configure:10883: checking for dlopen
configure:10883: result: no
configure:10887: checking for dlopen in -ldl
configure:10921: result: yes
configure:11040: checking whether a program can dlopen itself
configure:11141: result: yes
configure:11146: checking whether a statically linked program can dlopen itself
configure:11247: result: no
configure:11286: checking whether stripping libraries is possible
configure:11291: result: yes
configure:11326: checking if libtool supports shared libraries
configure:11328: result: yes
configure:11331: checking whether to build shared libraries
configure:11352: result: no
configure:11355: checking whether to build static libraries
configure:11359: result: yes
configure:11409: checking for dlfcn.h
configure:11409: result: yes
configure:11422: checking for windows.h
configure:11422: result: no
configure:11449: checking for library containing dlsym
configure:11497: result: -ldl
configure:11569: checking for special C compiler options needed for large files
configure:11614: result: no
configure:11620: checking for _FILE_OFFSET_BITS value needed for large files
configure:11677: result: no
gcc: error: CPPFLAGS_FOR_BUILD@: No such file or directory
gcc: error: CPPFLAGS_FOR_BUILD@: No such file or directory
configure:12129: checking whether to enable maintainer-specific portions of Makefiles
configure:12138: result: no
configure:12174: checking whether to install libbfd
configure:12187: result: yes
configure:12237: checking whether NLS is requested
configure:12243: result: yes
configure:12249: checking for catalogs to be installed
configure:12281: result:  da es fi fr hr id ja pt ro ru rw sr sv tr uk vi zh_CN
configure:12308: checking whether NLS is requested
configure:12317: result: yes
configure:12355: checking for msgfmt
configure:12389: result: no
configure:12395: checking for gmsgfmt
configure:12426: result: :
configure:12466: checking for xgettext
configure:12500: result: no
configure:12537: checking for msgmerge
configure:12570: result: no
configure:12620: checking size of long long
configure:12639: result: 8
configure:12653: checking size of void *
configure:12672: result: 8
configure:12686: checking size of long
configure:12705: result: 8
configure:12719: checking size of int
configure:12738: result: 4
configure:12821: checking for fcntl.h
configure:12821: result: yes
configure:12821: checking for sys/file.h
configure:12821: result: yes
configure:12821: checking for sys/resource.h
configure:12821: result: yes
configure:12821: checking for sys/stat.h
configure:12821: result: yes
configure:12821: checking for sys/types.h
configure:12821: result: yes
configure:12821: checking for unistd.h
configure:12821: result: yes
configure:12836: checking for fcntl
configure:12836: result: yes
configure:12836: checking for fdopen
configure:12836: result: yes
configure:12836: checking for fileno
configure:12836: result: yes
configure:12836: checking for fls
configure:12836: result: no
configure:12836: checking for getgid
configure:12836: result: yes
configure:12836: checking for getpagesize
configure:12836: result: yes
configure:12836: checking for getrlimit
configure:12836: result: yes
configure:12836: checking for getuid
configure:12836: result: yes
configure:12836: checking for sysconf
configure:12836: result: yes
configure:12846: checking whether basename is declared
configure:12846: result: yes
configure:12856: checking whether ffs is declared
configure:12856: result: yes
configure:12866: checking whether stpcpy is declared
configure:12866: result: yes
configure:12876: checking whether asprintf is declared
configure:12876: result: yes
configure:12886: checking whether vasprintf is declared
configure:12886: result: yes
configure:12896: checking whether strnlen is declared
configure:12896: result: yes
configure:12938: checking compiler support for hidden visibility
configure:12963: result: yes
configure:12973: checking linker --as-needed support
configure:12984: result: yes
configure:13075: checking for cos in -lm
configure:13109: result: yes
configure:13621: checking for gcc version with buggy 64-bit support
configure:13634: result: no
configure:13870: checking for sys/procfs.h
configure:13870: result: yes
configure:13882: checking for prstatus_t in sys/procfs.h
configure:13914: result: yes
configure:13918: checking for prstatus32_t in sys/procfs.h
configure:13950: result: no
configure:13954: checking for prstatus_t.pr_who in sys/procfs.h
configure:13986: result: no
configure:13990: checking for prstatus32_t.pr_who in sys/procfs.h
configure:14022: result: no
configure:14026: checking for pstatus_t in sys/procfs.h
configure:14058: result: no
configure:14062: checking for pxstatus_t in sys/procfs.h
configure:14094: result: no
configure:14098: checking for pstatus32_t in sys/procfs.h
configure:14130: result: no
configure:14134: checking for prpsinfo_t in sys/procfs.h
configure:14166: result: yes
configure:14170: checking for prpsinfo_t.pr_pid in sys/procfs.h
configure:14202: result: yes
configure:14206: checking for prpsinfo32_t in sys/procfs.h
configure:14238: result: no
configure:14242: checking for prpsinfo32_t.pr_pid in sys/procfs.h
configure:14274: result: no
configure:14278: checking for psinfo_t in sys/procfs.h
configure:14310: result: no
configure:14314: checking for psinfo_t.pr_pid in sys/procfs.h
configure:14346: result: no
configure:14350: checking for psinfo32_t in sys/procfs.h
configure:14382: result: no
configure:14386: checking for psinfo32_t.pr_pid in sys/procfs.h
configure:14418: result: no
configure:14422: checking for lwpstatus_t in sys/procfs.h
configure:14454: result: no
configure:14458: checking for lwpxstatus_t in sys/procfs.h
configure:14490: result: no
configure:14494: checking for lwpstatus_t.pr_context in sys/procfs.h
configure:14526: result: no
configure:14530: checking for lwpstatus_t.pr_reg in sys/procfs.h
configure:14562: result: no
configure:14566: checking for lwpstatus_t.pr_fpreg in sys/procfs.h
configure:14598: result: no
configure:14602: checking for win32_pstatus_t in sys/procfs.h
configure:14634: result: no
configure:14672: checking for ftello
configure:14672: result: yes
configure:14672: checking for ftello64
configure:14672: result: yes
configure:14672: checking for fseeko
configure:14672: result: yes
configure:14672: checking for fseeko64
configure:14672: result: yes
configure:14672: checking for fopen64
configure:14672: result: yes
configure:14681: checking whether ftello is declared
configure:14681: result: yes
configure:14691: checking whether ftello64 is declared
configure:14691: result: yes
configure:14701: checking whether fseeko is declared
configure:14701: result: yes
configure:14711: checking whether fseeko64 is declared
configure:14711: result: yes
configure:14721: checking whether fopen64 is declared
configure:14721: result: yes
configure:14737: checking size of off_t
configure:14756: result: 8
configure:14767: checking file_ptr type
configure:14776: result: BFD_HOST_64_BIT
configure:14787: checking for stdlib.h
configure:14787: result: yes
configure:14787: checking for unistd.h
configure:14787: result: yes
configure:14787: checking for sys/param.h
configure:14787: result: yes
configure:14807: checking for getpagesize
configure:14807: result: yes
configure:14816: checking for working mmap
configure:14973: result: yes
configure:14985: checking for madvise
configure:14985: result: yes
configure:14985: checking for mprotect
configure:14985: result: yes
configure:15113: checking that generated files are newer than configure
configure:15119: result: done
configure:15158: creating ./config.status

## ---------------------- ##
## Running config.status. ##
## ---------------------- ##

This file was extended by bfd config.status 2.37.50, which was
generated by GNU Autoconf 2.69.  Invocation command line was

  CONFIG_FILES    = 
  CONFIG_HEADERS  = 
  CONFIG_LINKS    = 
  CONFIG_COMMANDS = 
  $ ./config.status 

on ubuntu

config.status:1209: creating Makefile
config.status:1209: creating doc/Makefile
config.status:1209: creating bfd-in3.h
config.status:1209: creating po/Makefile.in
config.status:1209: creating config.h
config.status:1390: config.h is unchanged
config.status:1438: executing depfiles commands
config.status:1438: executing libtool commands
config.status:1438: executing default-1 commands
config.status:1438: executing default commands

## ---------------- ##
## Cache variables. ##
## ---------------- ##

ac_cv_build=x86_64-pc-linux-gnu
ac_cv_c_compiler_gnu=yes
ac_cv_env_CC_set=set
ac_cv_env_CC_value=gcc
ac_cv_env_CFLAGS_set=set
ac_cv_env_CFLAGS_value='-g -O2    '
ac_cv_env_CPPFLAGS_set=
ac_cv_env_CPPFLAGS_value=
ac_cv_env_CPP_set=
ac_cv_env_CPP_value=
ac_cv_env_LDFLAGS_set=set
ac_cv_env_LDFLAGS_value=' '
ac_cv_env_LIBS_set=
ac_cv_env_LIBS_value=
ac_cv_env_build_alias_set=set
ac_cv_env_build_alias_value=x86_64-pc-linux-gnu
ac_cv_env_host_alias_set=set
ac_cv_env_host_alias_value=x86_64-pc-linux-gnu
ac_cv_env_target_alias_set=set
ac_cv_env_target_alias_value=x86_64-pc-linux-gnu
ac_cv_func_dlopen=no
ac_cv_func_fcntl=yes
ac_cv_func_fdopen=yes
ac_cv_func_fileno=yes
ac_cv_func_fls=no
ac_cv_func_fopen64=yes
ac_cv_func_fseeko64=yes
ac_cv_func_fseeko=yes
ac_cv_func_ftello64=yes
ac_cv_func_ftello=yes
ac_cv_func_getgid=yes
ac_cv_func_getpagesize=yes
ac_cv_func_getrlimit=yes
ac_cv_func_getuid=yes
ac_cv_func_madvise=yes
ac_cv_func_mmap_fixed_mapped=yes
ac_cv_func_mprotect=yes
ac_cv_func_shl_load=no
ac_cv_func_sysconf=yes
ac_cv_have_decl_asprintf=yes
ac_cv_have_decl_basename=yes
ac_cv_have_decl_ffs=yes
ac_cv_have_decl_fopen64=yes
ac_cv_have_decl_fseeko64=yes
ac_cv_have_decl_fseeko=yes
ac_cv_have_decl_ftello64=yes
ac_cv_have_decl_ftello=yes
ac_cv_have_decl_stpcpy=yes
ac_cv_have_decl_strnlen=yes
ac_cv_have_decl_vasprintf=yes
ac_cv_header_dlfcn_h=yes
ac_cv_header_fcntl_h=yes
ac_cv_header_inttypes_h=yes
ac_cv_header_memory_h=yes
ac_cv_header_minix_config_h=no
ac_cv_header_stdc=yes
ac_cv_header_stdint_h=yes
ac_cv_header_stdlib_h=yes
ac_cv_header_string_h=yes
ac_cv_header_strings_h=yes
ac_cv_header_sys_file_h=yes
ac_cv_header_sys_param_h=yes
ac_cv_header_sys_procfs_h=yes
ac_cv_header_sys_resource_h=yes
ac_cv_header_sys_stat_h=yes
ac_cv_header_sys_types_h=yes
ac_cv_header_unistd_h=yes
ac_cv_header_windows_h=no
ac_cv_host=x86_64-pc-linux-gnu
ac_cv_lib_dl_dlopen=yes
ac_cv_lib_dld_shl_load=no
ac_cv_lib_m_cos=yes
ac_cv_objext=o
ac_cv_path_EGREP='/usr/bin/grep -E'
ac_cv_path_FGREP='/usr/bin/grep -F'
ac_cv_path_GMSGFMT=:
ac_cv_path_GREP=/usr/bin/grep
ac_cv_path_MSGFMT=:
ac_cv_path_MSGMERGE=:
ac_cv_path_SED=/usr/bin/sed
ac_cv_path_XGETTEXT=:
ac_cv_path_mkdir=/usr/bin/mkdir
ac_cv_prog_AR='ar --plugin /usr/lib/gcc/x86_64-linux-gnu/9/liblto_plugin.so'
ac_cv_prog_AWK=mawk
ac_cv_prog_CC=gcc
ac_cv_prog_CPP='gcc -E'
ac_cv_prog_OBJDUMP=objdump
ac_cv_prog_RANLIB='ranlib --plugin /usr/lib/gcc/x86_64-linux-gnu/9/liblto_plugin.so'
ac_cv_prog_ac_ct_STRIP=strip
ac_cv_prog_cc_c89=
ac_cv_prog_cc_g=yes
ac_cv_prog_make_make_set=yes
ac_cv_safe_to_define___extensions__=yes
ac_cv_search_dlsym=-ldl
ac_cv_sizeof_int=4
ac_cv_sizeof_long=8
ac_cv_sizeof_long_long=8
ac_cv_sizeof_off_t=8
ac_cv_sizeof_void_p=8
ac_cv_sys_file_offset_bits=no
ac_cv_sys_largefile_CC=no
ac_cv_target=x86_64-pc-linux-gnu
am_cv_CC_dependencies_compiler_type=gcc3
am_cv_make_support_nested_variables=yes
am_cv_prog_cc_c_o=yes
bfd_cv_have_sys_procfs_type_lwpstatus_t=no
bfd_cv_have_sys_procfs_type_lwpxstatus_t=no
bfd_cv_have_sys_procfs_type_member_lwpstatus_t_pr_context=no
bfd_cv_have_sys_procfs_type_member_lwpstatus_t_pr_fpreg=no
bfd_cv_have_sys_procfs_type_member_lwpstatus_t_pr_reg=no
bfd_cv_have_sys_procfs_type_member_prpsinfo32_t_pr_pid=no
bfd_cv_have_sys_procfs_type_member_prpsinfo_t_pr_pid=yes
bfd_cv_have_sys_procfs_type_member_prstatus32_t_pr_who=no
bfd_cv_have_sys_procfs_type_member_prstatus_t_pr_who=no
bfd_cv_have_sys_procfs_type_member_psinfo32_t_pr_pid=no
bfd_cv_have_sys_procfs_type_member_psinfo_t_pr_pid=no
bfd_cv_have_sys_procfs_type_prpsinfo32_t=no
bfd_cv_have_sys_procfs_type_prpsinfo_t=yes
bfd_cv_have_sys_procfs_type_prstatus32_t=no
bfd_cv_have_sys_procfs_type_prstatus_t=yes
bfd_cv_have_sys_procfs_type_psinfo32_t=no
bfd_cv_have_sys_procfs_type_psinfo_t=no
bfd_cv_have_sys_procfs_type_pstatus32_t=no
bfd_cv_have_sys_procfs_type_pstatus_t=no
bfd_cv_have_sys_procfs_type_pxstatus_t=no
bfd_cv_have_sys_procfs_type_win32_pstatus_t=no
bfd_cv_hidden=yes
bfd_cv_ld_as_needed=yes
lt_cv_deplibs_check_method=pass_all
lt_cv_dlopen=dlopen
lt_cv_dlopen_libs=-ldl
lt_cv_dlopen_self=yes
lt_cv_dlopen_self_static=no
lt_cv_file_magic_cmd='$MAGIC_CMD'
lt_cv_file_magic_test_file=
lt_cv_ld_reload_flag=-r
lt_cv_nm_interface='BSD nm'
lt_cv_objdir=.libs
lt_cv_path_LD=ld
lt_cv_path_NM='/usr/bin/nm -B'
lt_cv_prog_compiler_c_o=yes
lt_cv_prog_compiler_pic_works=yes
lt_cv_prog_compiler_rtti_exceptions=no
lt_cv_prog_compiler_static_works=yes
lt_cv_prog_gnu_ld=yes
lt_cv_shlibpath_overrides_runpath=yes
lt_cv_sys_global_symbol_pipe='sed -n -e '\''s/^.*[	 ]\([ABCDGIRSTW][ABCDGIRSTW]*\)[	 ][	 ]*\([_A-Za-z][_A-Za-z0-9]*\)$/\1 \2 \2/p'\'''
lt_cv_sys_global_symbol_to_c_name_address='sed -n -e '\''s/^: \([^ ]*\) $/  {\"\1\", (void *) 0},/p'\'' -e '\''s/^[ABCDGIRSTW]* \([^ ]*\) \([^ ]*\)$/  {"\2", (void *) \&\2},/p'\'''
lt_cv_sys_global_symbol_to_c_name_address_lib_prefix='sed -n -e '\''s/^: \([^ ]*\) $/  {\"\1\", (void *) 0},/p'\'' -e '\''s/^[ABCDGIRSTW]* \([^ ]*\) \(lib[^ ]*\)$/  {"\2", (void *) \&\2},/p'\'' -e '\''s/^[ABCDGIRSTW]* \([^ ]*\) \([^ ]*\)$/  {"lib\2", (void *) \&\2},/p'\'''
lt_cv_sys_global_symbol_to_cdecl='sed -n -e '\''s/^T .* \(.*\)$/extern int \1();/p'\'' -e '\''s/^[ABCDGIRSTW]* .* \(.*\)$/extern char \1;/p'\'''
lt_cv_sys_max_cmd_len=1572864

## ----------------- ##
## Output variables. ##
## ----------------- ##

ACLOCAL='${SHELL} /home/rjhd/Desktop/insight/bundle/missing aclocal-1.15'
AMDEPBACKSLASH='\'
AMDEP_FALSE='#'
AMDEP_TRUE=''
AMTAR='$${TAR-tar}'
AM_BACKSLASH='\'
AM_DEFAULT_V='$(AM_DEFAULT_VERBOSITY)'
AM_DEFAULT_VERBOSITY='0'
AM_V='$(V)'
AR='ar --plugin /usr/lib/gcc/x86_64-linux-gnu/9/liblto_plugin.so --plugin /usr/lib/gcc/x86_64-linux-gnu/9/liblto_plugin.so'
AUTOCONF='${SHELL} /home/rjhd/Desktop/insight/bundle/missing autoconf'
AUTOHEADER='${SHELL} /home/rjhd/Desktop/insight/bundle/missing autoheader'
AUTOMAKE='${SHELL} /home/rjhd/Desktop/insight/bundle/missing automake-1.15'
AWK='mawk'
BFD_HOSTPTR_T='unsigned long'
BFD_HOST_64BIT_LONG='1'
BFD_HOST_64BIT_LONG_LONG='0'
BFD_HOST_64_BIT='long'
BFD_HOST_64_BIT_DEFINED='1'
BFD_HOST_U_64_BIT='unsigned long'
CATALOGS=' da.gmo es.gmo fi.gmo fr.gmo hr.gmo id.gmo ja.gmo pt.gmo ro.gmo ru.gmo rw.gmo sr.gmo sv.gmo tr.gmo uk.gmo vi.gmo zh_CN.gmo'
CATOBJEXT='.gmo'
CC='gcc'
CCDEPMODE='depmode=gcc3'
CC_FOR_BUILD='gcc'
CFLAGS='-g -O2    '
COREFILE=''
COREFLAG=''
CPP='gcc -E'
CPPFLAGS=''
CYGPATH_W='echo'
DATADIRNAME='share'
DEBUGDIR='${exec_prefix}/lib/debug'
DEFS='-DHAVE_CONFIG_H'
DEPDIR='.deps'
DSYMUTIL='@DSYMUTIL@'
DUMPBIN=''
ECHO_C=''
ECHO_N='-n'
ECHO_T=''
EGREP='/usr/bin/grep -E'
EXEEXT=''
EXEEXT_FOR_BUILD='$(EXEEXT)'
FGREP='/usr/bin/grep -F'
GENCAT='gencat'
GENINSRC_NEVER_FALSE=''
GENINSRC_NEVER_TRUE='#'
GMSGFMT=':'
GREP='/usr/bin/grep'
HDEFINES=''
INCINTL=''
INSTALL_DATA='/usr/bin/install -c -m 644'
INSTALL_LIBBFD_FALSE='#'
INSTALL_LIBBFD_TRUE=''
INSTALL_PROGRAM='/usr/bin/install -c'
INSTALL_SCRIPT='/usr/bin/install -c'
INSTALL_STRIP_PROGRAM='$(install_sh) -c -s'
INSTOBJEXT='.mo'
LARGEFILE_CPPFLAGS=''
LD='ld -m elf_x86_64'
LDFLAGS=' '
LIBINTL=''
LIBINTL_DEP=''
LIBM='-lm'
LIBOBJS=''
LIBS='-ldl '
LIBTOOL='$(SHELL) $(top_builddir)/libtool'
LIPO=''
LN_S='ln -s'
LTLIBOBJS=''
MAINT='#'
MAINTAINER_MODE_FALSE=''
MAINTAINER_MODE_TRUE='#'
MAKEINFO='makeinfo --split-size=5000000'
MKDIR_P='/usr/bin/mkdir -p'
MKINSTALLDIRS='$(top_builddir)/./../mkinstalldirs'
MSGFMT=':'
MSGMERGE=':'
NM='/usr/bin/nm -B'
NMEDIT=''
NO_WERROR='-Wno-error'
OBJDUMP='objdump'
OBJEXT='o'
OTOOL64=''
OTOOL='@OTOOL@'
PACKAGE='bfd'
PACKAGE_BUGREPORT=''
PACKAGE_NAME='bfd'
PACKAGE_STRING='bfd 2.37.50'
PACKAGE_TARNAME='bfd'
PACKAGE_URL=''
PACKAGE_VERSION='2.37.50'
PATH_SEPARATOR=':'
PKGVERSION='(GNU Binutils) '
PLUGINS_FALSE='#'
PLUGINS_TRUE=''
POSUB='po'
RANLIB='ranlib --plugin /usr/lib/gcc/x86_64-linux-gnu/9/liblto_plugin.so --plugin /usr/lib/gcc/x86_64-linux-gnu/9/liblto_plugin.so'
REPORT_BUGS_TEXI='@uref{https://sourceware.org/bugzilla/}'
REPORT_BUGS_TO='<https://sourceware.org/bugzilla/>'
SED='/usr/bin/sed'
SET_MAKE=''
SHARED_LDFLAGS=''
SHARED_LIBADD=' '
SHELL='/bin/bash'
STRIP='strip'
TDEFINES=' '
USE_NLS='yes'
VERSION='2.37.50'
WARN_CFLAGS='-W -Wall -Wstrict-prototypes -Wmissing-prototypes -Wshadow -Wstack-usage=262144 -Werror'
WARN_CFLAGS_FOR_BUILD='-W -Wall -Wstrict-prototypes -Wmissing-prototypes -Wshadow -Wstack-usage=262144 -Werror'
WARN_WRITE_STRINGS='-Wwrite-strings'
XGETTEXT=':'
ac_ct_CC=''
ac_ct_DUMPBIN=''
all_backends='$(BFD64_BACKENDS) $(BFD32_BACKENDS)'
am__EXEEXT_FALSE=''
am__EXEEXT_TRUE='#'
am__fastdepCC_FALSE='#'
am__fastdepCC_TRUE=''
am__include='include'
am__isrc=''
am__leading_dot='.'
am__nodep='_no'
am__quote=''
am__tar='$${TAR-tar} chof - "$$tardir"'
am__untar='$${TAR-tar} xf -'
bfd64_libs='$(BFD64_LIBS)'
bfd_backends=' elf64-x86-64.lo elfxx-x86.lo elf-ifunc.lo elf-vxworks.lo elf64.lo elf.lo elflink.lo elf-attrs.lo elf-strtab.lo elf-eh-frame.lo dwarf1.lo dwarf2.lo elf32-i386.lo elf32.lo pei-i386.lo peigen.lo cofflink.lo coffgen.lo pe-x86_64.lo pex64igen.lo pei-x86_64.lo elf64-gen.lo elf32-gen.lo plugin.lo'
bfd_default_target_size='64'
bfd_file_ptr='BFD_HOST_64_BIT'
bfd_machines=' cpu-i386.lo cpu-iamcu.lo cpu-l1om.lo cpu-k1om.lo'
bfd_ufile_ptr='BFD_HOST_U_64_BIT'
bfdincludedir='$(includedir)'
bfdlibdir='$(libdir)'
bindir='${exec_prefix}/bin'
build='x86_64-pc-linux-gnu'
build_alias='x86_64-pc-linux-gnu'
build_cpu='x86_64'
build_os='linux-gnu'
build_vendor='pc'
datadir='${datarootdir}'
datarootdir='${prefix}/share'
docdir='${datarootdir}/doc/${PACKAGE_TARNAME}'
dvidir='${docdir}'
exec_prefix='${prefix}'
havevecs='-DHAVE_x86_64_elf64_vec -DHAVE_i386_elf32_vec -DHAVE_iamcu_elf32_vec -DHAVE_x86_64_elf32_vec -DHAVE_i386_pei_vec -DHAVE_x86_64_pe_vec -DHAVE_x86_64_pei_vec -DHAVE_l1om_elf64_vec -DHAVE_k1om_elf64_vec -DHAVE_elf64_le_vec -DHAVE_elf64_be_vec -DHAVE_elf32_le_vec -DHAVE_elf32_be_vec'
host='x86_64-pc-linux-gnu'
host_alias='x86_64-pc-linux-gnu'
host_cpu='x86_64'
host_noncanonical='x86_64-pc-linux-gnu'
host_os='linux-gnu'
host_vendor='pc'
htmldir='${docdir}'
includedir='${prefix}/include'
infodir='${datarootdir}/info'
install_sh='${SHELL} /home/rjhd/Desktop/insight/bundle/install-sh'
libdir='${exec_prefix}/lib'
libexecdir='${exec_prefix}/libexec'
localedir='${datarootdir}/locale'
localstatedir='${prefix}/var'
lt_cv_dlopen_libs='-ldl'
mandir='${datarootdir}/man'
mkdir_p='$(MKDIR_P)'
oldincludedir='/usr/include'
pdfdir='${docdir}'
prefix='/usr/local'
program_transform_name='s,y,y,'
psdir='${docdir}'
sbindir='${exec_prefix}/sbin'
sharedstatedir='${prefix}/com'
supports_plugins='1'
sysconfdir='${prefix}/etc'
target='x86_64-pc-linux-gnu'
target_alias='x86_64-pc-linux-gnu'
target_cpu='x86_64'
target_noncanonical='x86_64-pc-linux-gnu'
target_os='linux-gnu'
target_vendor='pc'
tdefaults=' -DDEFAULT_VECTOR=x86_64_elf64_vec -DSELECT_VECS='\''&x86_64_elf64_vec,&i386_elf32_vec,&iamcu_elf32_vec,&x86_64_elf32_vec,&i386_pei_vec,&x86_64_pe_vec,&x86_64_pei_vec,&l1om_elf64_vec,&k1om_elf64_vec,&elf64_le_vec,&elf64_be_vec,&elf32_le_vec,&elf32_be_vec'\'' -DSELECT_ARCHITECTURES='\''&bfd_i386_arch,&bfd_iamcu_arch,&bfd_l1om_arch,&bfd_k1om_arch'\'''
wordsize='64'
zlibdir='-L$(top_builddir)/../zlib'
zlibinc='-I$(top_srcdir)/../zlib'

## ----------- ##
## confdefs.h. ##
## ----------- ##

/* confdefs.h */
#define PACKAGE_NAME "bfd"
#define PACKAGE_TARNAME "bfd"
#define PACKAGE_VERSION "2.37.50"
#define PACKAGE_STRING "bfd 2.37.50"
#define PACKAGE_BUGREPORT ""
#define PACKAGE_URL ""
#define PACKAGE "bfd"
#define VERSION "2.37.50"
#define STDC_HEADERS 1
#define HAVE_SYS_TYPES_H 1
#define HAVE_SYS_STAT_H 1
#define HAVE_STDLIB_H 1
#define HAVE_STRING_H 1
#define HAVE_MEMORY_H 1
#define HAVE_STRINGS_H 1
#define HAVE_INTTYPES_H 1
#define HAVE_STDINT_H 1
#define HAVE_UNISTD_H 1
#define __EXTENSIONS__ 1
#define _ALL_SOURCE 1
#define _GNU_SOURCE 1
#define _POSIX_PTHREAD_SEMANTICS 1
#define _TANDEM_SOURCE 1
#define HAVE_DLFCN_H 1
#define LT_OBJDIR ".libs/"
#define HAVE_DLFCN_H 1
#define ENABLE_CHECKING 1
#define USE_SECUREPLT 1
#define DEFAULT_LD_Z_SEPARATE_CODE 1
#define ENABLE_NLS 1
#define SIZEOF_LONG_LONG 8
#define SIZEOF_VOID_P 8
#define SIZEOF_LONG 8
#define SIZEOF_INT 4
#define HAVE_FCNTL_H 1
#define HAVE_SYS_FILE_H 1
#define HAVE_SYS_RESOURCE_H 1
#define HAVE_SYS_STAT_H 1
#define HAVE_SYS_TYPES_H 1
#define HAVE_UNISTD_H 1
#define HAVE_FCNTL 1
#define HAVE_FDOPEN 1
#define HAVE_FILENO 1
#define HAVE_GETGID 1
#define HAVE_GETPAGESIZE 1
#define HAVE_GETRLIMIT 1
#define HAVE_GETUID 1
#define HAVE_SYSCONF 1
#define HAVE_DECL_BASENAME 1
#define HAVE_DECL_FFS 1
#define HAVE_DECL_STPCPY 1
#define HAVE_DECL_ASPRINTF 1
#define HAVE_DECL_VASPRINTF 1
#define HAVE_DECL_STRNLEN 1
#define HAVE_HIDDEN 1
#define _STRUCTURED_PROC 1
#define HAVE_SYS_PROCFS_H 1
#define HAVE_PRSTATUS_T 1
#define HAVE_PRPSINFO_T 1
#define HAVE_PRPSINFO_T_PR_PID 1
#define CORE_HEADER "hosts/x86-64linux.h"
#define HAVE_FTELLO 1
#define HAVE_FTELLO64 1
#define HAVE_FSEEKO 1
#define HAVE_FSEEKO64 1
#define HAVE_FOPEN64 1
#define HAVE_DECL_FTELLO 1
#define HAVE_DECL_FTELLO64 1
#define HAVE_DECL_FSEEKO 1
#define HAVE_DECL_FSEEKO64 1
#define HAVE_DECL_FOPEN64 1
#define SIZEOF_OFF_T 8
#define HAVE_STDLIB_H 1
#define HAVE_UNISTD_H 1
#define HAVE_SYS_PARAM_H 1
#define HAVE_GETPAGESIZE 1
#define HAVE_MMAP 1
#define HAVE_MADVISE 1
#define HAVE_MPROTECT 1

configure: exit 0
