This file contains any messages produced by compilers while
running configure, to aid debugging if configure makes a mistake.

It was created by configure, which was
generated by GNU Autoconf 2.69.  Invocation command line was

  $ /home/rjhd/Desktop/insight/bundle/gdbserver/configure --srcdir=.././gdbserver --cache-file=./config.cache --with-gnu-ld --enable-sim --with-expat --with-python --without-libunwind --with-tcl=/usr/lib/ --with-tk=/usr/lib/ --disable-gas --disable-binutils --enable-gdbtk --program-transform-name=s,y,y, --disable-option-checking --build=x86_64-pc-linux-gnu --host=x86_64-pc-linux-gnu --target=x86_64-pc-linux-gnu

## --------- ##
## Platform. ##
## --------- ##

hostname = ubuntu
uname -m = x86_64
uname -r = 5.11.0-43-generic
uname -s = Linux
uname -v = #47~20.04.2-Ubuntu SMP Mon Dec 13 11:06:56 UTC 2021

/usr/bin/uname -p = x86_64
/bin/uname -X     = unknown

/bin/arch              = x86_64
/usr/bin/arch -k       = unknown
/usr/convex/getsysinfo = unknown
/usr/bin/hostinfo      = unknown
/bin/machine           = unknown
/usr/bin/oslevel       = unknown
/bin/universe          = unknown

PATH: /usr/local/sbin
PATH: /usr/local/bin
PATH: /usr/sbin
PATH: /usr/bin
PATH: /sbin
PATH: /bin
PATH: /usr/games
PATH: /usr/local/games
PATH: /snap/bin
PATH: /root/.local/bin


## ----------- ##
## Core tests. ##
## ----------- ##

configure:2628: loading cache ./config.cache
configure:2721: checking whether to enable maintainer-specific portions of Makefiles
configure:2730: result: no
configure:2752: checking for x86_64-pc-linux-gnu-gcc
configure:2779: result: gcc
configure:3048: checking for C compiler version
configure:3057: gcc --version >&5
gcc (Ubuntu 9.3.0-17ubuntu1~20.04) 9.3.0
Copyright (C) 2019 Free Software Foundation, Inc.
This is free software; see the source for copying conditions.  There is NO
warranty; not even for MERCHANTABILITY or FITNESS FOR A PARTICULAR PURPOSE.

configure:3068: $? = 0
configure:3057: gcc -v >&5
Using built-in specs.
COLLECT_GCC=gcc
COLLECT_LTO_WRAPPER=/usr/lib/gcc/x86_64-linux-gnu/9/lto-wrapper
OFFLOAD_TARGET_NAMES=nvptx-none:hsa
OFFLOAD_TARGET_DEFAULT=1
Target: x86_64-linux-gnu
Configured with: ../src/configure -v --with-pkgversion='Ubuntu 9.3.0-17ubuntu1~20.04' --with-bugurl=file:///usr/share/doc/gcc-9/README.Bugs --enable-languages=c,ada,c++,go,brig,d,fortran,objc,obj-c++,gm2 --prefix=/usr --with-gcc-major-version-only --program-suffix=-9 --program-prefix=x86_64-linux-gnu- --enable-shared --enable-linker-build-id --libexecdir=/usr/lib --without-included-gettext --enable-threads=posix --libdir=/usr/lib --enable-nls --enable-clocale=gnu --enable-libstdcxx-debug --enable-libstdcxx-time=yes --with-default-libstdcxx-abi=new --enable-gnu-unique-object --disable-vtable-verify --enable-plugin --enable-default-pie --with-system-zlib --with-target-system-zlib=auto --enable-objc-gc=auto --enable-multiarch --disable-werror --with-arch-32=i686 --with-abi=m64 --with-multilib-list=m32,m64,mx32 --enable-multilib --with-tune=generic --enable-offload-targets=nvptx-none=/build/gcc-9-HskZEa/gcc-9-9.3.0/debian/tmp-nvptx/usr,hsa --without-cuda-driver --enable-checking=release --build=x86_64-linux-gnu --host=x86_64-linux-gnu --target=x86_64-linux-gnu
Thread model: posix
gcc version 9.3.0 (Ubuntu 9.3.0-17ubuntu1~20.04) 
configure:3068: $? = 0
configure:3057: gcc -V >&5
gcc: error: unrecognized command line option '-V'
gcc: fatal error: no input files
compilation terminated.
configure:3068: $? = 1
configure:3057: gcc -qversion >&5
gcc: error: unrecognized command line option '-qversion'; did you mean '--version'?
gcc: fatal error: no input files
compilation terminated.
configure:3068: $? = 1
configure:3088: checking whether the C compiler works
configure:3110: gcc -g -O2        conftest.c  >&5
configure:3114: $? = 0
configure:3162: result: yes
configure:3165: checking for C compiler default output file name
configure:3167: result: a.out
configure:3173: checking for suffix of executables
configure:3180: gcc -o conftest -g -O2        conftest.c  >&5
configure:3184: $? = 0
configure:3206: result: 
configure:3228: checking whether we are cross compiling
configure:3236: gcc -o conftest -g -O2        conftest.c  >&5
configure:3240: $? = 0
configure:3247: ./conftest
configure:3251: $? = 0
configure:3239: result: no
configure:3244: checking for suffix of object files
configure:3291: result: o
configure:3295: checking whether we are using the GNU C compiler
configure:3323: result: yes
configure:3332: checking whether gcc accepts -g
configure:3393: result: yes
configure:3410: checking for gcc option to accept ISO C89
configure:3486: result: none needed
configure:3618: checking for C++ compiler version
configure:3627: g++ --version >&5
g++ (Ubuntu 9.3.0-17ubuntu1~20.04) 9.3.0
Copyright (C) 2019 Free Software Foundation, Inc.
This is free software; see the source for copying conditions.  There is NO
warranty; not even for MERCHANTABILITY or FITNESS FOR A PARTICULAR PURPOSE.

configure:3638: $? = 0
configure:3627: g++ -v >&5
Using built-in specs.
COLLECT_GCC=g++
COLLECT_LTO_WRAPPER=/usr/lib/gcc/x86_64-linux-gnu/9/lto-wrapper
OFFLOAD_TARGET_NAMES=nvptx-none:hsa
OFFLOAD_TARGET_DEFAULT=1
Target: x86_64-linux-gnu
Configured with: ../src/configure -v --with-pkgversion='Ubuntu 9.3.0-17ubuntu1~20.04' --with-bugurl=file:///usr/share/doc/gcc-9/README.Bugs --enable-languages=c,ada,c++,go,brig,d,fortran,objc,obj-c++,gm2 --prefix=/usr --with-gcc-major-version-only --program-suffix=-9 --program-prefix=x86_64-linux-gnu- --enable-shared --enable-linker-build-id --libexecdir=/usr/lib --without-included-gettext --enable-threads=posix --libdir=/usr/lib --enable-nls --enable-clocale=gnu --enable-libstdcxx-debug --enable-libstdcxx-time=yes --with-default-libstdcxx-abi=new --enable-gnu-unique-object --disable-vtable-verify --enable-plugin --enable-default-pie --with-system-zlib --with-target-system-zlib=auto --enable-objc-gc=auto --enable-multiarch --disable-werror --with-arch-32=i686 --with-abi=m64 --with-multilib-list=m32,m64,mx32 --enable-multilib --with-tune=generic --enable-offload-targets=nvptx-none=/build/gcc-9-HskZEa/gcc-9-9.3.0/debian/tmp-nvptx/usr,hsa --without-cuda-driver --enable-checking=release --build=x86_64-linux-gnu --host=x86_64-linux-gnu --target=x86_64-linux-gnu
Thread model: posix
gcc version 9.3.0 (Ubuntu 9.3.0-17ubuntu1~20.04) 
configure:3638: $? = 0
configure:3627: g++ -V >&5
g++: error: unrecognized command line option '-V'
g++: fatal error: no input files
compilation terminated.
configure:3638: $? = 1
configure:3627: g++ -qversion >&5
g++: error: unrecognized command line option '-qversion'; did you mean '--version'?
g++: fatal error: no input files
compilation terminated.
configure:3638: $? = 1
configure:3642: checking whether we are using the GNU C++ compiler
configure:3670: result: yes
configure:3679: checking whether g++ accepts -g
configure:3740: result: yes
configure:3769: checking how to run the C preprocessor
configure:3839: result: gcc -E
configure:3859: gcc -E  conftest.c
configure:3859: $? = 0
configure:3873: gcc -E  conftest.c
conftest.c:9:10: fatal error: ac_nonexistent.h: No such file or directory
    9 | #include <ac_nonexistent.h>
      |          ^~~~~~~~~~~~~~~~~~
compilation terminated.
configure:3873: $? = 1
configure: failed program was:
| /* confdefs.h */
| #define PACKAGE_NAME ""
| #define PACKAGE_TARNAME ""
| #define PACKAGE_VERSION ""
| #define PACKAGE_STRING ""
| #define PACKAGE_BUGREPORT ""
| #define PACKAGE_URL ""
| /* end confdefs.h.  */
| #include <ac_nonexistent.h>
configure:3902: checking for grep that handles long lines and -e
configure:3960: result: /usr/bin/grep
configure:3965: checking for egrep
configure:4027: result: /usr/bin/grep -E
configure:4032: checking for ANSI C header files
configure:4136: result: yes
configure:4149: checking for sys/types.h
configure:4149: result: yes
configure:4149: checking for sys/stat.h
configure:4149: result: yes
configure:4149: checking for stdlib.h
configure:4149: result: yes
configure:4149: checking for string.h
configure:4149: result: yes
configure:4149: checking for memory.h
configure:4149: result: yes
configure:4149: checking for strings.h
configure:4149: result: yes
configure:4149: checking for inttypes.h
configure:4149: result: yes
configure:4149: checking for stdint.h
configure:4149: result: yes
configure:4149: checking for unistd.h
configure:4149: result: yes
configure:4162: checking for minix/config.h
configure:4162: result: no
configure:4183: checking whether it is safe to define __EXTENSIONS__
configure:4208: result: yes
configure:4229: checking for special C compiler options needed for large files
configure:4274: result: no
configure:4280: checking for _FILE_OFFSET_BITS value needed for large files
configure:4337: result: no
configure:4569: checking build system type
configure:4583: result: x86_64-pc-linux-gnu
configure:4605: checking host system type
configure:4618: result: x86_64-pc-linux-gnu
configure:4640: checking target system type
configure:4653: result: x86_64-pc-linux-gnu
configure:4694: checking for a BSD-compatible install
configure:4762: result: /usr/bin/install -c
configure:4776: checking for x86_64-pc-linux-gnu-ar
configure:4803: result: ar --plugin /usr/lib/gcc/x86_64-linux-gnu/9/liblto_plugin.so
configure:4868: checking for x86_64-pc-linux-gnu-ranlib
configure:4895: result: ranlib --plugin /usr/lib/gcc/x86_64-linux-gnu/9/liblto_plugin.so
configure:4980: checking whether g++ supports C++11 features by default
configure:5281: result: yes
configure:5961: checking for ANSI C header files
configure:6065: result: yes
configure:6074: checking for size_t
configure:6074: result: yes
configure:6091: checking for stdlib.h
configure:6091: result: yes
configure:6091: checking for unistd.h
configure:6091: result: yes
configure:6091: checking for sys/param.h
configure:6091: result: yes
configure:6108: checking for pid_t
configure:6108: result: yes
configure:6119: checking for a sed that does not truncate output
configure:6183: result: /usr/bin/sed
configure:6228: checking for ld used by GCC
configure:6291: result: ld
configure:6298: checking if the linker (ld) is GNU ld
configure:6310: result: yes
configure:6316: checking for shared library run path origin
configure:6329: result: done
configure:6350: checking for ANSI C header files
configure:6454: result: yes
configure:6464: checking for working alloca.h
configure:6489: result: yes
configure:6497: checking for alloca
configure:6542: result: yes
configure:6660: checking for nl_langinfo and CODESET
configure:6685: result: yes
configure:6697: checking for linux/perf_event.h
configure:6697: result: yes
configure:6697: checking for locale.h
configure:6697: result: yes
configure:6697: checking for memory.h
configure:6697: result: yes
configure:6697: checking for signal.h
configure:6697: result: yes
configure:6697: checking for sys/resource.h
configure:6697: result: yes
configure:6697: checking for sys/socket.h
configure:6697: result: yes
configure:6697: checking for sys/un.h
configure:6697: result: yes
configure:6697: checking for sys/wait.h
configure:6697: result: yes
configure:6697: checking for thread_db.h
configure:6697: result: yes
configure:6697: checking for wait.h
configure:6697: result: yes
configure:6697: checking for termios.h
configure:6697: result: yes
configure:6697: checking for dlfcn.h
configure:6697: result: yes
configure:6697: checking for linux/elf.h
configure:6697: result: yes
configure:6697: checking for proc_service.h
configure:6697: result: yes
configure:6697: checking for poll.h
configure:6697: result: yes
configure:6697: checking for sys/poll.h
configure:6697: result: yes
configure:6697: checking for sys/select.h
configure:6697: result: yes
configure:6711: checking for getpagesize
configure:6711: result: yes
configure:6720: checking for working mmap
configure:6877: result: yes
configure:6888: checking for vfork.h
configure:6888: result: no
configure:6901: checking for fork
configure:6901: result: yes
configure:6901: checking for vfork
configure:6901: result: yes
configure:6911: checking for working fork
configure:6943: result: yes
configure:6964: checking for working vfork
configure:7074: result: yes
configure:7104: checking for fdwalk
configure:7104: result: no
configure:7104: checking for getrlimit
configure:7104: result: yes
configure:7104: checking for pipe
configure:7104: result: yes
configure:7104: checking for pipe2
configure:7104: result: yes
configure:7104: checking for poll
configure:7104: result: yes
configure:7104: checking for socketpair
configure:7104: result: yes
configure:7104: checking for sigaction
configure:7104: result: yes
configure:7104: checking for ptrace64
configure:7104: result: no
configure:7104: checking for sbrk
configure:7104: result: yes
configure:7104: checking for setns
configure:7104: result: yes
configure:7104: checking for sigaltstack
configure:7104: result: yes
configure:7104: checking for sigprocmask
configure:7104: result: yes
configure:7104: checking for setpgid
configure:7104: result: yes
configure:7104: checking for setpgrp
configure:7104: result: yes
configure:7104: checking for getrusage
configure:7104: result: yes
configure:7104: checking for getauxval
configure:7104: result: yes
configure:7104: checking for sigtimedwait
configure:7104: result: yes
configure:7117: checking whether ADDR_NO_RANDOMIZE is declared
configure:7117: result: yes
configure:7130: checking whether strstr is declared
configure:7130: result: yes
configure:7146: checking for struct stat.st_blocks
configure:7146: result: yes
configure:7155: checking for struct stat.st_blksize
configure:7155: result: yes
configure:7169: checking for library containing kinfo_getfile
configure:7217: result: no
configure:7229: checking for kinfo_getfile
configure:7229: result: no
configure:7446: checking whether gcc is Clang
configure:7471: result: no
configure:7594: checking whether pthreads work with -pthread
configure:7688: gcc -o conftest -g -O2     -pthread    conftest.c   >&5
configure:7688: $? = 0
configure:7697: result: yes
configure:7716: checking for joinable pthread attribute
configure:7742: result: PTHREAD_CREATE_JOINABLE
configure:7756: checking whether more special flags are required for pthreads
configure:7769: result: no
configure:7777: checking for PTHREAD_PRIO_INHERIT
configure:7802: result: yes
configure:7907: checking for std::thread
configure:7931: result: yes
configure:7939: checking for pthread_sigmask
configure:7939: result: yes
configure:7939: checking for pthread_setname_np
configure:7939: result: yes
configure:7967: checking for sigsetjmp
configure:7995: result: yes
configure:8011: checking whether to use intel pt
configure:8013: result: auto
configure:8030: gcc -E  conftest.c
configure:8030: $? = 0
configure:8470: checking for libipt
configure:8499: result: no
configure:8526: WARNING: libipt is missing or unusable; some features may be unavailable.
configure:8570: checking for long long support in printf
configure:8606: result: yes
configure:8619: checking for sys/procfs.h
configure:8619: result: yes
configure:8631: checking for gregset_t in sys/procfs.h
configure:8663: result: no
configure:8667: checking for fpregset_t in sys/procfs.h
configure:8699: result: no
configure:8703: checking for prgregset_t in sys/procfs.h
configure:8735: result: yes
configure:8739: checking for prfpregset_t in sys/procfs.h
configure:8771: result: yes
configure:8775: checking for prgregset32_t in sys/procfs.h
configure:8807: result: no
configure:8811: checking for lwpid_t in sys/procfs.h
configure:8843: result: yes
configure:8847: checking for psaddr_t in sys/procfs.h
configure:8879: result: yes
configure:8883: checking for elf_fpregset_t in sys/procfs.h
configure:8915: result: yes
configure:9005: checking whether NLS is requested
configure:9011: result: yes
configure:9017: checking for catalogs to be installed
configure:9049: result: 
configure:9073: checking dependency style of gcc
configure:9158: result: gcc3
configure:9170: checking for termios.h
configure:9170: result: yes
configure:9170: checking for sys/reg.h
configure:9170: result: yes
configure:9170: checking for string.h
configure:9170: result: yes
configure:9170: checking for sys/procfs.h
configure:9170: result: yes
configure:9170: checking for linux/elf.h
configure:9170: result: yes
configure:9170: checking for fcntl.h
configure:9170: result: yes
configure:9170: checking for signal.h
configure:9170: result: yes
configure:9170: checking for sys/file.h
configure:9170: result: yes
configure:9170: checking for sys/ioctl.h
configure:9170: result: yes
configure:9170: checking for netinet/in.h
configure:9170: result: yes
configure:9170: checking for sys/socket.h
configure:9170: result: yes
configure:9170: checking for netdb.h
configure:9170: result: yes
configure:9170: checking for netinet/tcp.h
configure:9170: result: yes
configure:9170: checking for arpa/inet.h
configure:9170: result: yes
configure:9170: checking for ws2tcpip.h
configure:9170: result: no
configure:9182: checking for vfork.h
configure:9182: result: no
configure:9195: checking for fork
configure:9195: result: yes
configure:9195: checking for vfork
configure:9195: result: yes
configure:9205: checking for working fork
configure:9237: result: yes
configure:9258: checking for working vfork
configure:9368: result: yes
configure:9396: checking for pread
configure:9396: result: yes
configure:9396: checking for pwrite
configure:9396: result: yes
configure:9396: checking for pread64
configure:9396: result: yes
configure:9412: checking for sys/ptrace.h
configure:9412: result: yes
configure:9412: checking for ptrace.h
configure:9412: result: no
configure:9435: checking return type of ptrace
configure:9479: result: long
configure:9489: checking types of arguments for ptrace
configure:9563: result: enum __ptrace_request,int,long,long
configure:9641: checking for ust
configure:9658: gcc -c -g -O2       conftest.c >&5
conftest.c:118:10: fatal error: ust/ust.h: No such file or directory
  118 | #include <ust/ust.h>
      |          ^~~~~~~~~~~
compilation terminated.
configure:9658: $? = 1
configure: failed program was:
| /* confdefs.h */
| #define PACKAGE_NAME ""
| #define PACKAGE_TARNAME ""
| #define PACKAGE_VERSION ""
| #define PACKAGE_STRING ""
| #define PACKAGE_BUGREPORT ""
| #define PACKAGE_URL ""
| #define STDC_HEADERS 1
| #define HAVE_SYS_TYPES_H 1
| #define HAVE_SYS_STAT_H 1
| #define HAVE_STDLIB_H 1
| #define HAVE_STRING_H 1
| #define HAVE_MEMORY_H 1
| #define HAVE_STRINGS_H 1
| #define HAVE_INTTYPES_H 1
| #define HAVE_STDINT_H 1
| #define HAVE_UNISTD_H 1
| #define __EXTENSIONS__ 1
| #define _ALL_SOURCE 1
| #define _GNU_SOURCE 1
| #define _POSIX_PTHREAD_SEMANTICS 1
| #define _TANDEM_SOURCE 1
| #define HAVE_CXX11 1
| #define STDC_HEADERS 1
| #define HAVE_STDLIB_H 1
| #define HAVE_UNISTD_H 1
| #define HAVE_SYS_PARAM_H 1
| #define STDC_HEADERS 1
| #define HAVE_ALLOCA_H 1
| #define HAVE_ALLOCA 1
| #define HAVE_LANGINFO_CODESET 1
| #define HAVE_LINUX_PERF_EVENT_H 1
| #define HAVE_LOCALE_H 1
| #define HAVE_MEMORY_H 1
| #define HAVE_SIGNAL_H 1
| #define HAVE_SYS_RESOURCE_H 1
| #define HAVE_SYS_SOCKET_H 1
| #define HAVE_SYS_UN_H 1
| #define HAVE_SYS_WAIT_H 1
| #define HAVE_THREAD_DB_H 1
| #define HAVE_WAIT_H 1
| #define HAVE_TERMIOS_H 1
| #define HAVE_DLFCN_H 1
| #define HAVE_LINUX_ELF_H 1
| #define HAVE_PROC_SERVICE_H 1
| #define HAVE_POLL_H 1
| #define HAVE_SYS_POLL_H 1
| #define HAVE_SYS_SELECT_H 1
| #define HAVE_GETPAGESIZE 1
| #define HAVE_MMAP 1
| #define HAVE_FORK 1
| #define HAVE_VFORK 1
| #define HAVE_WORKING_VFORK 1
| #define HAVE_WORKING_FORK 1
| #define HAVE_GETRLIMIT 1
| #define HAVE_PIPE 1
| #define HAVE_PIPE2 1
| #define HAVE_POLL 1
| #define HAVE_SOCKETPAIR 1
| #define HAVE_SIGACTION 1
| #define HAVE_SBRK 1
| #define HAVE_SETNS 1
| #define HAVE_SIGALTSTACK 1
| #define HAVE_SIGPROCMASK 1
| #define HAVE_SETPGID 1
| #define HAVE_SETPGRP 1
| #define HAVE_GETRUSAGE 1
| #define HAVE_GETAUXVAL 1
| #define HAVE_SIGTIMEDWAIT 1
| #define HAVE_DECL_ADDR_NO_RANDOMIZE 1
| #define HAVE_DECL_STRSTR 1
| #define HAVE_STRUCT_STAT_ST_BLOCKS 1
| #define HAVE_STRUCT_STAT_ST_BLKSIZE 1
| #define HAVE_PTHREAD_PRIO_INHERIT 1
| #define HAVE_PTHREAD_SIGMASK 1
| #define HAVE_PTHREAD_SETNAME_NP 1
| #define CXX_STD_THREAD 1
| #define HAVE_SIGSETJMP 1
| #define PRINTF_HAS_LONG_LONG 1
| #define _STRUCTURED_PROC 1
| #define HAVE_SYS_PROCFS_H 1
| #define HAVE_PRGREGSET_T 1
| #define HAVE_PRFPREGSET_T 1
| #define HAVE_LWPID_T 1
| #define HAVE_PSADDR_T 1
| #define HAVE_ELF_FPREGSET_T 1
| #define GDB_SELF_TEST 1
| #define ENABLE_NLS 1
| #define HAVE_TERMIOS_H 1
| #define HAVE_SYS_REG_H 1
| #define HAVE_STRING_H 1
| #define HAVE_SYS_PROCFS_H 1
| #define HAVE_LINUX_ELF_H 1
| #define HAVE_FCNTL_H 1
| #define HAVE_SIGNAL_H 1
| #define HAVE_SYS_FILE_H 1
| #define HAVE_SYS_IOCTL_H 1
| #define HAVE_NETINET_IN_H 1
| #define HAVE_SYS_SOCKET_H 1
| #define HAVE_NETDB_H 1
| #define HAVE_NETINET_TCP_H 1
| #define HAVE_ARPA_INET_H 1
| #define HAVE_FORK 1
| #define HAVE_VFORK 1
| #define HAVE_WORKING_VFORK 1
| #define HAVE_WORKING_FORK 1
| #define HAVE_PREAD 1
| #define HAVE_PWRITE 1
| #define HAVE_PREAD64 1
| #define HAVE_SYS_PTRACE_H 1
| #define PTRACE_TYPE_RET long
| #define PTRACE_TYPE_ARG1 enum __ptrace_request
| #define PTRACE_TYPE_ARG3 long
| #define PTRACE_TYPE_ARG4 long
| /* end confdefs.h.  */
| 
| #define CONFIG_UST_GDB_INTEGRATION
| #include <ust/ust.h>
| 
| int
| main ()
| {
| 
| 
|   ;
|   return 0;
| }
configure:9665: result: no
configure:9779: checking compiler warning flags
configure:9842: g++ -c -g -O2     -Werror -Wall  conftest.cpp >&5
configure:9842: $? = 0
configure:9842: g++ -c -g -O2     -Werror -Wpointer-arith  conftest.cpp >&5
configure:9842: $? = 0
configure:9842: g++ -c -g -O2     -Werror -Wunused  conftest.cpp >&5
configure:9842: $? = 0
configure:9842: g++ -c -g -O2     -Werror -Wunused-value  conftest.cpp >&5
configure:9842: $? = 0
configure:9826: g++ -c -g -O2     -Werror -Wunused-variable  conftest.cpp >&5
configure:9826: $? = 0
configure:9842: g++ -c -g -O2     -Werror -Wunused-function  conftest.cpp >&5
configure:9842: $? = 0
configure:9842: g++ -c -g -O2     -Werror -Wswitch  conftest.cpp >&5
configure:9842: $? = 0
configure:9842: g++ -c -g -O2     -Werror -Wchar-subscripts  conftest.cpp >&5
configure:9842: $? = 0
configure:9842: g++ -c -g -O2     -Werror -Wempty-body  conftest.cpp >&5
configure:9842: $? = 0
configure:9842: g++ -c -g -O2     -Werror -Wunused-but-set-parameter  conftest.cpp >&5
configure:9842: $? = 0
configure:9842: g++ -c -g -O2     -Werror -Wunused-but-set-variable  conftest.cpp >&5
configure:9842: $? = 0
configure:9842: g++ -c -g -O2     -Werror -Wsign-compare  conftest.cpp >&5
configure:9842: $? = 0
configure:9842: g++ -c -g -O2     -Werror -Werror=maybe-uninitialized  conftest.cpp >&5
configure:9842: $? = 0
configure:9842: g++ -c -g -O2     -Werror -Wmismatched-tags  conftest.cpp >&5
g++: error: unrecognized command line option '-Wmismatched-tags'
configure:9842: $? = 1
configure: failed program was:
| /* confdefs.h */
| #define PACKAGE_NAME ""
| #define PACKAGE_TARNAME ""
| #define PACKAGE_VERSION ""
| #define PACKAGE_STRING ""
| #define PACKAGE_BUGREPORT ""
| #define PACKAGE_URL ""
| #define STDC_HEADERS 1
| #define HAVE_SYS_TYPES_H 1
| #define HAVE_SYS_STAT_H 1
| #define HAVE_STDLIB_H 1
| #define HAVE_STRING_H 1
| #define HAVE_MEMORY_H 1
| #define HAVE_STRINGS_H 1
| #define HAVE_INTTYPES_H 1
| #define HAVE_STDINT_H 1
| #define HAVE_UNISTD_H 1
| #define __EXTENSIONS__ 1
| #define _ALL_SOURCE 1
| #define _GNU_SOURCE 1
| #define _POSIX_PTHREAD_SEMANTICS 1
| #define _TANDEM_SOURCE 1
| #define HAVE_CXX11 1
| #define STDC_HEADERS 1
| #define HAVE_STDLIB_H 1
| #define HAVE_UNISTD_H 1
| #define HAVE_SYS_PARAM_H 1
| #define STDC_HEADERS 1
| #define HAVE_ALLOCA_H 1
| #define HAVE_ALLOCA 1
| #define HAVE_LANGINFO_CODESET 1
| #define HAVE_LINUX_PERF_EVENT_H 1
| #define HAVE_LOCALE_H 1
| #define HAVE_MEMORY_H 1
| #define HAVE_SIGNAL_H 1
| #define HAVE_SYS_RESOURCE_H 1
| #define HAVE_SYS_SOCKET_H 1
| #define HAVE_SYS_UN_H 1
| #define HAVE_SYS_WAIT_H 1
| #define HAVE_THREAD_DB_H 1
| #define HAVE_WAIT_H 1
| #define HAVE_TERMIOS_H 1
| #define HAVE_DLFCN_H 1
| #define HAVE_LINUX_ELF_H 1
| #define HAVE_PROC_SERVICE_H 1
| #define HAVE_POLL_H 1
| #define HAVE_SYS_POLL_H 1
| #define HAVE_SYS_SELECT_H 1
| #define HAVE_GETPAGESIZE 1
| #define HAVE_MMAP 1
| #define HAVE_FORK 1
| #define HAVE_VFORK 1
| #define HAVE_WORKING_VFORK 1
| #define HAVE_WORKING_FORK 1
| #define HAVE_GETRLIMIT 1
| #define HAVE_PIPE 1
| #define HAVE_PIPE2 1
| #define HAVE_POLL 1
| #define HAVE_SOCKETPAIR 1
| #define HAVE_SIGACTION 1
| #define HAVE_SBRK 1
| #define HAVE_SETNS 1
| #define HAVE_SIGALTSTACK 1
| #define HAVE_SIGPROCMASK 1
| #define HAVE_SETPGID 1
| #define HAVE_SETPGRP 1
| #define HAVE_GETRUSAGE 1
| #define HAVE_GETAUXVAL 1
| #define HAVE_SIGTIMEDWAIT 1
| #define HAVE_DECL_ADDR_NO_RANDOMIZE 1
| #define HAVE_DECL_STRSTR 1
| #define HAVE_STRUCT_STAT_ST_BLOCKS 1
| #define HAVE_STRUCT_STAT_ST_BLKSIZE 1
| #define HAVE_PTHREAD_PRIO_INHERIT 1
| #define HAVE_PTHREAD_SIGMASK 1
| #define HAVE_PTHREAD_SETNAME_NP 1
| #define CXX_STD_THREAD 1
| #define HAVE_SIGSETJMP 1
| #define PRINTF_HAS_LONG_LONG 1
| #define _STRUCTURED_PROC 1
| #define HAVE_SYS_PROCFS_H 1
| #define HAVE_PRGREGSET_T 1
| #define HAVE_PRFPREGSET_T 1
| #define HAVE_LWPID_T 1
| #define HAVE_PSADDR_T 1
| #define HAVE_ELF_FPREGSET_T 1
| #define GDB_SELF_TEST 1
| #define ENABLE_NLS 1
| #define HAVE_TERMIOS_H 1
| #define HAVE_SYS_REG_H 1
| #define HAVE_STRING_H 1
| #define HAVE_SYS_PROCFS_H 1
| #define HAVE_LINUX_ELF_H 1
| #define HAVE_FCNTL_H 1
| #define HAVE_SIGNAL_H 1
| #define HAVE_SYS_FILE_H 1
| #define HAVE_SYS_IOCTL_H 1
| #define HAVE_NETINET_IN_H 1
| #define HAVE_SYS_SOCKET_H 1
| #define HAVE_NETDB_H 1
| #define HAVE_NETINET_TCP_H 1
| #define HAVE_ARPA_INET_H 1
| #define HAVE_FORK 1
| #define HAVE_VFORK 1
| #define HAVE_WORKING_VFORK 1
| #define HAVE_WORKING_FORK 1
| #define HAVE_PREAD 1
| #define HAVE_PWRITE 1
| #define HAVE_PREAD64 1
| #define HAVE_SYS_PTRACE_H 1
| #define PTRACE_TYPE_RET long
| #define PTRACE_TYPE_ARG1 enum __ptrace_request
| #define PTRACE_TYPE_ARG3 long
| #define PTRACE_TYPE_ARG4 long
| /* end confdefs.h.  */
| 
| int
| main ()
| {
| 
|   ;
|   return 0;
| }
configure:9842: g++ -c -g -O2     -Werror -Werror=deprecated-register  conftest.cpp >&5
cc1plus: error: '-Werror=deprecated-register': no option -Wdeprecated-register
configure:9842: $? = 1
configure: failed program was:
| /* confdefs.h */
| #define PACKAGE_NAME ""
| #define PACKAGE_TARNAME ""
| #define PACKAGE_VERSION ""
| #define PACKAGE_STRING ""
| #define PACKAGE_BUGREPORT ""
| #define PACKAGE_URL ""
| #define STDC_HEADERS 1
| #define HAVE_SYS_TYPES_H 1
| #define HAVE_SYS_STAT_H 1
| #define HAVE_STDLIB_H 1
| #define HAVE_STRING_H 1
| #define HAVE_MEMORY_H 1
| #define HAVE_STRINGS_H 1
| #define HAVE_INTTYPES_H 1
| #define HAVE_STDINT_H 1
| #define HAVE_UNISTD_H 1
| #define __EXTENSIONS__ 1
| #define _ALL_SOURCE 1
| #define _GNU_SOURCE 1
| #define _POSIX_PTHREAD_SEMANTICS 1
| #define _TANDEM_SOURCE 1
| #define HAVE_CXX11 1
| #define STDC_HEADERS 1
| #define HAVE_STDLIB_H 1
| #define HAVE_UNISTD_H 1
| #define HAVE_SYS_PARAM_H 1
| #define STDC_HEADERS 1
| #define HAVE_ALLOCA_H 1
| #define HAVE_ALLOCA 1
| #define HAVE_LANGINFO_CODESET 1
| #define HAVE_LINUX_PERF_EVENT_H 1
| #define HAVE_LOCALE_H 1
| #define HAVE_MEMORY_H 1
| #define HAVE_SIGNAL_H 1
| #define HAVE_SYS_RESOURCE_H 1
| #define HAVE_SYS_SOCKET_H 1
| #define HAVE_SYS_UN_H 1
| #define HAVE_SYS_WAIT_H 1
| #define HAVE_THREAD_DB_H 1
| #define HAVE_WAIT_H 1
| #define HAVE_TERMIOS_H 1
| #define HAVE_DLFCN_H 1
| #define HAVE_LINUX_ELF_H 1
| #define HAVE_PROC_SERVICE_H 1
| #define HAVE_POLL_H 1
| #define HAVE_SYS_POLL_H 1
| #define HAVE_SYS_SELECT_H 1
| #define HAVE_GETPAGESIZE 1
| #define HAVE_MMAP 1
| #define HAVE_FORK 1
| #define HAVE_VFORK 1
| #define HAVE_WORKING_VFORK 1
| #define HAVE_WORKING_FORK 1
| #define HAVE_GETRLIMIT 1
| #define HAVE_PIPE 1
| #define HAVE_PIPE2 1
| #define HAVE_POLL 1
| #define HAVE_SOCKETPAIR 1
| #define HAVE_SIGACTION 1
| #define HAVE_SBRK 1
| #define HAVE_SETNS 1
| #define HAVE_SIGALTSTACK 1
| #define HAVE_SIGPROCMASK 1
| #define HAVE_SETPGID 1
| #define HAVE_SETPGRP 1
| #define HAVE_GETRUSAGE 1
| #define HAVE_GETAUXVAL 1
| #define HAVE_SIGTIMEDWAIT 1
| #define HAVE_DECL_ADDR_NO_RANDOMIZE 1
| #define HAVE_DECL_STRSTR 1
| #define HAVE_STRUCT_STAT_ST_BLOCKS 1
| #define HAVE_STRUCT_STAT_ST_BLKSIZE 1
| #define HAVE_PTHREAD_PRIO_INHERIT 1
| #define HAVE_PTHREAD_SIGMASK 1
| #define HAVE_PTHREAD_SETNAME_NP 1
| #define CXX_STD_THREAD 1
| #define HAVE_SIGSETJMP 1
| #define PRINTF_HAS_LONG_LONG 1
| #define _STRUCTURED_PROC 1
| #define HAVE_SYS_PROCFS_H 1
| #define HAVE_PRGREGSET_T 1
| #define HAVE_PRFPREGSET_T 1
| #define HAVE_LWPID_T 1
| #define HAVE_PSADDR_T 1
| #define HAVE_ELF_FPREGSET_T 1
| #define GDB_SELF_TEST 1
| #define ENABLE_NLS 1
| #define HAVE_TERMIOS_H 1
| #define HAVE_SYS_REG_H 1
| #define HAVE_STRING_H 1
| #define HAVE_SYS_PROCFS_H 1
| #define HAVE_LINUX_ELF_H 1
| #define HAVE_FCNTL_H 1
| #define HAVE_SIGNAL_H 1
| #define HAVE_SYS_FILE_H 1
| #define HAVE_SYS_IOCTL_H 1
| #define HAVE_NETINET_IN_H 1
| #define HAVE_SYS_SOCKET_H 1
| #define HAVE_NETDB_H 1
| #define HAVE_NETINET_TCP_H 1
| #define HAVE_ARPA_INET_H 1
| #define HAVE_FORK 1
| #define HAVE_VFORK 1
| #define HAVE_WORKING_VFORK 1
| #define HAVE_WORKING_FORK 1
| #define HAVE_PREAD 1
| #define HAVE_PWRITE 1
| #define HAVE_PREAD64 1
| #define HAVE_SYS_PTRACE_H 1
| #define PTRACE_TYPE_RET long
| #define PTRACE_TYPE_ARG1 enum __ptrace_request
| #define PTRACE_TYPE_ARG3 long
| #define PTRACE_TYPE_ARG4 long
| /* end confdefs.h.  */
| 
| int
| main ()
| {
| 
|   ;
|   return 0;
| }
configure:9842: g++ -c -g -O2     -Werror -Wsuggest-override  conftest.cpp >&5
configure:9842: $? = 0
configure:9842: g++ -c -g -O2     -Werror -Wimplicit-fallthrough=3  conftest.cpp >&5
configure:9842: $? = 0
configure:9842: g++ -c -g -O2     -Werror -Wduplicated-cond  conftest.cpp >&5
configure:9842: $? = 0
configure:9842: g++ -c -g -O2     -Werror -Wshadow=local  conftest.cpp >&5
configure:9842: $? = 0
configure:9842: g++ -c -g -O2     -Werror -Wdeprecated-copy  conftest.cpp >&5
configure:9842: $? = 0
configure:9842: g++ -c -g -O2     -Werror -Wdeprecated-copy-dtor  conftest.cpp >&5
configure:9842: $? = 0
configure:9842: g++ -c -g -O2     -Werror -Wredundant-move  conftest.cpp >&5
configure:9842: $? = 0
configure:9842: g++ -c -g -O2     -Werror -Wmissing-declarations  conftest.cpp >&5
configure:9842: $? = 0
configure:9842: g++ -c -g -O2     -Werror -Wmissing-prototypes  conftest.cpp >&5
cc1plus: error: command line option '-Wmissing-prototypes' is valid for C/ObjC but not for C++ [-Werror]
cc1plus: all warnings being treated as errors
configure:9842: $? = 1
configure: failed program was:
| /* confdefs.h */
| #define PACKAGE_NAME ""
| #define PACKAGE_TARNAME ""
| #define PACKAGE_VERSION ""
| #define PACKAGE_STRING ""
| #define PACKAGE_BUGREPORT ""
| #define PACKAGE_URL ""
| #define STDC_HEADERS 1
| #define HAVE_SYS_TYPES_H 1
| #define HAVE_SYS_STAT_H 1
| #define HAVE_STDLIB_H 1
| #define HAVE_STRING_H 1
| #define HAVE_MEMORY_H 1
| #define HAVE_STRINGS_H 1
| #define HAVE_INTTYPES_H 1
| #define HAVE_STDINT_H 1
| #define HAVE_UNISTD_H 1
| #define __EXTENSIONS__ 1
| #define _ALL_SOURCE 1
| #define _GNU_SOURCE 1
| #define _POSIX_PTHREAD_SEMANTICS 1
| #define _TANDEM_SOURCE 1
| #define HAVE_CXX11 1
| #define STDC_HEADERS 1
| #define HAVE_STDLIB_H 1
| #define HAVE_UNISTD_H 1
| #define HAVE_SYS_PARAM_H 1
| #define STDC_HEADERS 1
| #define HAVE_ALLOCA_H 1
| #define HAVE_ALLOCA 1
| #define HAVE_LANGINFO_CODESET 1
| #define HAVE_LINUX_PERF_EVENT_H 1
| #define HAVE_LOCALE_H 1
| #define HAVE_MEMORY_H 1
| #define HAVE_SIGNAL_H 1
| #define HAVE_SYS_RESOURCE_H 1
| #define HAVE_SYS_SOCKET_H 1
| #define HAVE_SYS_UN_H 1
| #define HAVE_SYS_WAIT_H 1
| #define HAVE_THREAD_DB_H 1
| #define HAVE_WAIT_H 1
| #define HAVE_TERMIOS_H 1
| #define HAVE_DLFCN_H 1
| #define HAVE_LINUX_ELF_H 1
| #define HAVE_PROC_SERVICE_H 1
| #define HAVE_POLL_H 1
| #define HAVE_SYS_POLL_H 1
| #define HAVE_SYS_SELECT_H 1
| #define HAVE_GETPAGESIZE 1
| #define HAVE_MMAP 1
| #define HAVE_FORK 1
| #define HAVE_VFORK 1
| #define HAVE_WORKING_VFORK 1
| #define HAVE_WORKING_FORK 1
| #define HAVE_GETRLIMIT 1
| #define HAVE_PIPE 1
| #define HAVE_PIPE2 1
| #define HAVE_POLL 1
| #define HAVE_SOCKETPAIR 1
| #define HAVE_SIGACTION 1
| #define HAVE_SBRK 1
| #define HAVE_SETNS 1
| #define HAVE_SIGALTSTACK 1
| #define HAVE_SIGPROCMASK 1
| #define HAVE_SETPGID 1
| #define HAVE_SETPGRP 1
| #define HAVE_GETRUSAGE 1
| #define HAVE_GETAUXVAL 1
| #define HAVE_SIGTIMEDWAIT 1
| #define HAVE_DECL_ADDR_NO_RANDOMIZE 1
| #define HAVE_DECL_STRSTR 1
| #define HAVE_STRUCT_STAT_ST_BLOCKS 1
| #define HAVE_STRUCT_STAT_ST_BLKSIZE 1
| #define HAVE_PTHREAD_PRIO_INHERIT 1
| #define HAVE_PTHREAD_SIGMASK 1
| #define HAVE_PTHREAD_SETNAME_NP 1
| #define CXX_STD_THREAD 1
| #define HAVE_SIGSETJMP 1
| #define PRINTF_HAS_LONG_LONG 1
| #define _STRUCTURED_PROC 1
| #define HAVE_SYS_PROCFS_H 1
| #define HAVE_PRGREGSET_T 1
| #define HAVE_PRFPREGSET_T 1
| #define HAVE_LWPID_T 1
| #define HAVE_PSADDR_T 1
| #define HAVE_ELF_FPREGSET_T 1
| #define GDB_SELF_TEST 1
| #define ENABLE_NLS 1
| #define HAVE_TERMIOS_H 1
| #define HAVE_SYS_REG_H 1
| #define HAVE_STRING_H 1
| #define HAVE_SYS_PROCFS_H 1
| #define HAVE_LINUX_ELF_H 1
| #define HAVE_FCNTL_H 1
| #define HAVE_SIGNAL_H 1
| #define HAVE_SYS_FILE_H 1
| #define HAVE_SYS_IOCTL_H 1
| #define HAVE_NETINET_IN_H 1
| #define HAVE_SYS_SOCKET_H 1
| #define HAVE_NETDB_H 1
| #define HAVE_NETINET_TCP_H 1
| #define HAVE_ARPA_INET_H 1
| #define HAVE_FORK 1
| #define HAVE_VFORK 1
| #define HAVE_WORKING_VFORK 1
| #define HAVE_WORKING_FORK 1
| #define HAVE_PREAD 1
| #define HAVE_PWRITE 1
| #define HAVE_PREAD64 1
| #define HAVE_SYS_PTRACE_H 1
| #define PTRACE_TYPE_RET long
| #define PTRACE_TYPE_ARG1 enum __ptrace_request
| #define PTRACE_TYPE_ARG3 long
| #define PTRACE_TYPE_ARG4 long
| /* end confdefs.h.  */
| 
| int
| main ()
| {
| 
|   ;
|   return 0;
| }
configure:9842: g++ -c -g -O2     -Werror -Wstrict-null-sentinel  conftest.cpp >&5
configure:9842: $? = 0
configure:9842: g++ -c -g -O2     -Werror -Wformat -Wformat-nonliteral  conftest.cpp >&5
configure:9842: $? = 0
configure:9851: result:  -Wall -Wpointer-arith -Wno-unused -Wunused-value -Wunused-variable -Wunused-function -Wno-switch -Wno-char-subscripts -Wempty-body -Wunused-but-set-parameter -Wunused-but-set-variable -Wno-sign-compare -Wno-error=maybe-uninitialized -Wsuggest-override -Wimplicit-fallthrough=3 -Wduplicated-cond -Wshadow=local -Wdeprecated-copy -Wdeprecated-copy-dtor -Wredundant-move -Wmissing-declarations -Wstrict-null-sentinel -Wformat -Wformat-nonliteral -Werror
configure:9869: checking for dladdr
configure:9869: result: yes
configure:9882: checking for long long
configure:9882: result: yes
configure:9893: checking size of long long
configure:9912: result: 8
configure:9926: checking whether basename is declared
configure:9926: result: yes
configure:9936: checking whether ffs is declared
configure:9936: result: yes
configure:9946: checking whether asprintf is declared
configure:9946: result: yes
configure:9956: checking whether vasprintf is declared
configure:9956: result: yes
configure:9966: checking whether snprintf is declared
configure:9966: result: yes
configure:9976: checking whether vsnprintf is declared
configure:9976: result: yes
configure:9987: checking whether strtol is declared
configure:9987: result: yes
configure:9997: checking whether strtoul is declared
configure:9997: result: yes
configure:10007: checking whether strtoll is declared
configure:10007: result: yes
configure:10017: checking whether strtoull is declared
configure:10017: result: yes
configure:10028: checking whether strverscmp is declared
configure:10028: result: yes
configure:10041: checking whether perror is declared
configure:10041: result: yes
configure:10051: checking whether vasprintf is declared
configure:10051: result: yes
configure:10061: checking whether vsnprintf is declared
configure:10061: result: yes
configure:10073: checking for socklen_t
configure:10073: result: yes
configure:10104: checking for Elf32_auxv_t
configure:10104: result: yes
configure:10115: checking for Elf64_auxv_t
configure:10115: result: yes
configure:10219: checking if building for x32
configure:10244: result: no
configure:10299: checking for PTRACE_GETREGS
configure:10325: result: yes
configure:10333: checking for PTRACE_GETFPXREGS
configure:10359: result: yes
configure:10449: checking for dlopen in -ldl
configure:10483: result: yes
configure:10502: checking for the dynamic export flag
configure:10520: gcc -o conftest -g -O2        -Wl,--dynamic-list=./proc-service.list conftest.c  >&5
configure:10520: $? = 0
configure:10552: result: -Wl,--dynamic-list
configure:10562: checking for TD_VERSION
configure:10587: result: yes
configure:10627: checking whether the target supports __sync_*_compare_and_swap
configure:10655: result: yes
configure:10676: gcc -c -g -O2     -fvisibility=hidden  conftest.c >&5
configure:10676: $? = 0
configure:10845: creating ./config.status

## ---------------------- ##
## Running config.status. ##
## ---------------------- ##

This file was extended by config.status, which was
generated by GNU Autoconf 2.69.  Invocation command line was

  CONFIG_FILES    = 
  CONFIG_HEADERS  = 
  CONFIG_LINKS    = 
  CONFIG_COMMANDS = 
  $ ./config.status 

on ubuntu

config.status:1010: creating Makefile
config.status:1010: creating config.h
config.status:1185: config.h is unchanged
config.status:1199: executing depdir commands
config.status:1199: executing gdbdepdir commands

## ---------------- ##
## Cache variables. ##
## ---------------- ##

ac_cv_build=x86_64-pc-linux-gnu
ac_cv_c_compiler_gnu=yes
ac_cv_cxx_compiler_gnu=yes
ac_cv_env_CCC_set=
ac_cv_env_CCC_value=
ac_cv_env_CC_set=set
ac_cv_env_CC_value=gcc
ac_cv_env_CFLAGS_set=set
ac_cv_env_CFLAGS_value='-g -O2    '
ac_cv_env_CPPFLAGS_set=
ac_cv_env_CPPFLAGS_value=
ac_cv_env_CPP_set=
ac_cv_env_CPP_value=
ac_cv_env_CXXFLAGS_set=set
ac_cv_env_CXXFLAGS_value='-g -O2    '
ac_cv_env_CXX_set=set
ac_cv_env_CXX_value=g++
ac_cv_env_LDFLAGS_set=set
ac_cv_env_LDFLAGS_value=' '
ac_cv_env_LIBS_set=
ac_cv_env_LIBS_value=
ac_cv_env_build_alias_set=set
ac_cv_env_build_alias_value=x86_64-pc-linux-gnu
ac_cv_env_host_alias_set=set
ac_cv_env_host_alias_value=x86_64-pc-linux-gnu
ac_cv_env_target_alias_set=set
ac_cv_env_target_alias_value=x86_64-pc-linux-gnu
ac_cv_func_alloca_works=yes
ac_cv_func_dladdr=yes
ac_cv_func_fdwalk=no
ac_cv_func_fork=yes
ac_cv_func_fork_works=yes
ac_cv_func_getauxval=yes
ac_cv_func_getpagesize=yes
ac_cv_func_getrlimit=yes
ac_cv_func_getrusage=yes
ac_cv_func_kinfo_getfile=no
ac_cv_func_mmap_fixed_mapped=yes
ac_cv_func_pipe2=yes
ac_cv_func_pipe=yes
ac_cv_func_poll=yes
ac_cv_func_pread64=yes
ac_cv_func_pread=yes
ac_cv_func_pthread_setname_np=yes
ac_cv_func_pthread_sigmask=yes
ac_cv_func_ptrace64=no
ac_cv_func_pwrite=yes
ac_cv_func_sbrk=yes
ac_cv_func_setns=yes
ac_cv_func_setpgid=yes
ac_cv_func_setpgrp=yes
ac_cv_func_sigaction=yes
ac_cv_func_sigaltstack=yes
ac_cv_func_sigprocmask=yes
ac_cv_func_sigtimedwait=yes
ac_cv_func_socketpair=yes
ac_cv_func_vfork=yes
ac_cv_func_vfork_works=yes
ac_cv_have_decl_ADDR_NO_RANDOMIZE=yes
ac_cv_have_decl_asprintf=yes
ac_cv_have_decl_basename_char_p_=yes
ac_cv_have_decl_ffs=yes
ac_cv_have_decl_perror=yes
ac_cv_have_decl_snprintf=yes
ac_cv_have_decl_strstr=yes
ac_cv_have_decl_strtol=yes
ac_cv_have_decl_strtoll=yes
ac_cv_have_decl_strtoul=yes
ac_cv_have_decl_strtoull=yes
ac_cv_have_decl_strverscmp=yes
ac_cv_have_decl_vasprintf=yes
ac_cv_have_decl_vsnprintf=yes
ac_cv_header_arpa_inet_h=yes
ac_cv_header_dlfcn_h=yes
ac_cv_header_fcntl_h=yes
ac_cv_header_inttypes_h=yes
ac_cv_header_linux_elf_h=yes
ac_cv_header_linux_perf_event_h=yes
ac_cv_header_locale_h=yes
ac_cv_header_memory_h=yes
ac_cv_header_minix_config_h=no
ac_cv_header_netdb_h=yes
ac_cv_header_netinet_in_h=yes
ac_cv_header_netinet_tcp_h=yes
ac_cv_header_poll_h=yes
ac_cv_header_proc_service_h=yes
ac_cv_header_ptrace_h=no
ac_cv_header_signal_h=yes
ac_cv_header_stdc=yes
ac_cv_header_stdint_h=yes
ac_cv_header_stdlib_h=yes
ac_cv_header_string_h=yes
ac_cv_header_strings_h=yes
ac_cv_header_sys_file_h=yes
ac_cv_header_sys_ioctl_h=yes
ac_cv_header_sys_param_h=yes
ac_cv_header_sys_poll_h=yes
ac_cv_header_sys_procfs_h=yes
ac_cv_header_sys_ptrace_h=yes
ac_cv_header_sys_reg_h=yes
ac_cv_header_sys_resource_h=yes
ac_cv_header_sys_select_h=yes
ac_cv_header_sys_socket_h=yes
ac_cv_header_sys_stat_h=yes
ac_cv_header_sys_types_h=yes
ac_cv_header_sys_un_h=yes
ac_cv_header_sys_wait_h=yes
ac_cv_header_termios_h=yes
ac_cv_header_thread_db_h=yes
ac_cv_header_unistd_h=yes
ac_cv_header_vfork_h=no
ac_cv_header_wait_h=yes
ac_cv_header_ws2tcpip_h=no
ac_cv_host=x86_64-pc-linux-gnu
ac_cv_lib_dl_dlopen=yes
ac_cv_libipt=no
ac_cv_member_struct_stat_st_blksize=yes
ac_cv_member_struct_stat_st_blocks=yes
ac_cv_objext=o
ac_cv_path_EGREP='/usr/bin/grep -E'
ac_cv_path_GREP=/usr/bin/grep
ac_cv_path_SED=/usr/bin/sed
ac_cv_prog_AR='ar --plugin /usr/lib/gcc/x86_64-linux-gnu/9/liblto_plugin.so'
ac_cv_prog_CC=gcc
ac_cv_prog_CPP='gcc -E'
ac_cv_prog_RANLIB='ranlib --plugin /usr/lib/gcc/x86_64-linux-gnu/9/liblto_plugin.so'
ac_cv_prog_cc_c89=
ac_cv_prog_cc_g=yes
ac_cv_prog_cxx_g=yes
ac_cv_safe_to_define___extensions__=yes
ac_cv_search_kinfo_getfile=no
ac_cv_sizeof_long_long=8
ac_cv_sys_file_offset_bits=no
ac_cv_sys_largefile_CC=no
ac_cv_target=x86_64-pc-linux-gnu
ac_cv_type_Elf32_auxv_t=yes
ac_cv_type_Elf64_auxv_t=yes
ac_cv_type_long_long=yes
ac_cv_type_pid_t=yes
ac_cv_type_size_t=yes
ac_cv_type_socklen_t=yes
ac_cv_working_alloca_h=yes
acl_cv_hardcode_direct=no
acl_cv_hardcode_libdir_flag_spec='${wl}-rpath ${wl}$libdir'
acl_cv_hardcode_libdir_separator=
acl_cv_hardcode_minus_L=no
acl_cv_libext=a
acl_cv_path_LD=ld
acl_cv_prog_gnu_ld=yes
acl_cv_rpath=done
acl_cv_shlibext=so
acl_cv_wl=-Wl,
am_cv_CC_dependencies_compiler_type=gcc3
am_cv_langinfo_codeset=yes
ax_cv_PTHREAD_CLANG=no
ax_cv_PTHREAD_JOINABLE_ATTR=PTHREAD_CREATE_JOINABLE
ax_cv_PTHREAD_PRIO_INHERIT=yes
ax_cv_PTHREAD_SPECIAL_FLAGS=no
ax_cv_cxx_compile_cxx11=yes
bfd_cv_have_sys_procfs_type_elf_fpregset_t=yes
bfd_cv_have_sys_procfs_type_fpregset_t=no
bfd_cv_have_sys_procfs_type_gregset_t=no
bfd_cv_have_sys_procfs_type_lwpid_t=yes
bfd_cv_have_sys_procfs_type_prfpregset_t=yes
bfd_cv_have_sys_procfs_type_prgregset32_t=no
bfd_cv_have_sys_procfs_type_prgregset_t=yes
bfd_cv_have_sys_procfs_type_psaddr_t=yes
gdb_cv_cxx_std_thread=yes
gdb_cv_func_ptrace_args='enum __ptrace_request,int,long,long'
gdb_cv_func_ptrace_ret=long
gdb_cv_func_sigsetjmp=yes
gdb_cv_printf_has_long_long=yes
gdb_cv_x86_is_x32=no
gdbsrv_cv_have_ptrace_getfpxregs=yes
gdbsrv_cv_have_ptrace_getregs=yes
gdbsrv_cv_have_sync_builtins=yes
gdbsrv_cv_have_td_version=yes
gdbsrv_cv_have_visibility_hidden=yes

## ----------------- ##
## Output variables. ##
## ----------------- ##

ALLOCA=''
AR='ar --plugin /usr/lib/gcc/x86_64-linux-gnu/9/liblto_plugin.so'
CATALOGS=''
CATOBJEXT='.gmo'
CC='gcc'
CCDEPMODE='depmode=gcc3'
CFLAGS='-g -O2    '
CONFIG_SRC_SUBDIR='arch gdbsupport nat target'
CPP='gcc -E'
CPPFLAGS=''
CXX='g++'
CXXFLAGS='-g -O2    '
CXX_DIALECT=''
DATADIRNAME='share'
DEFS='-DHAVE_CONFIG_H'
DEPDIR='.deps'
ECHO_C=''
ECHO_N='-n'
ECHO_T=''
EGREP='/usr/bin/grep -E'
EXEEXT=''
GDBSERVER_DEPFILES=' linux-low.o nat/linux-osdata.o nat/linux-procfs.o nat/linux-ptrace.o nat/linux-waitpid.o nat/linux-personality.o nat/linux-namespaces.o fork-child.o nat/fork-inferior.o linux-x86-low.o x86-low.o nat/x86-dregs.o i387-fp.o arch/i386.o arch/amd64.o linux-x86-tdesc.o nat/linux-btrace.o nat/x86-linux.o nat/x86-linux-dregs.o nat/amd64-linux-siginfo.o thread-db.o proc-service.o'
GDBSERVER_LIBS='-ldl'
GENCAT='gencat'
GMSGFMT=':'
GNULIB_STDINT_H=''
GREP='/usr/bin/grep'
HAVE_CXX11='1'
HAVE_LIBIPT='no'
INCINTL=''
INSTALL_DATA='/usr/bin/install -c -m 644'
INSTALL_PROGRAM='/usr/bin/install -c'
INSTALL_SCRIPT='/usr/bin/install -c'
INSTALL_STRIP_PROGRAM='$(install_sh) -c -s'
INSTOBJEXT='.mo'
IPA_DEPFILES='linux-amd64-ipa.o linux-x86-tdesc-ipa.o arch/amd64-ipa.o'
LDFLAGS=' '
LIBINTL=''
LIBINTL_DEP=''
LIBIPT=''
LIBOBJS=''
LIBS=''
LTLIBIPT=''
LTLIBOBJS=''
MAINT='#'
MAINTAINER_MODE_FALSE=''
MAINTAINER_MODE_TRUE='#'
OBJEXT='o'
PACKAGE_BUGREPORT=''
PACKAGE_NAME=''
PACKAGE_STRING=''
PACKAGE_TARNAME=''
PACKAGE_URL=''
PACKAGE_VERSION=''
PATH_SEPARATOR=':'
PKGVERSION='(GDB) '
POSUB='po'
PTHREAD_CC='gcc'
PTHREAD_CFLAGS='-pthread'
PTHREAD_LIBS=''
RANLIB='ranlib --plugin /usr/lib/gcc/x86_64-linux-gnu/9/liblto_plugin.so'
RDYNAMIC='-Wl,--dynamic-list=$(srcdir)/proc-service.list'
REPORT_BUGS_TEXI='@uref{http://www.gnu.org/software/gdb/bugs/}'
REPORT_BUGS_TO='<http://www.gnu.org/software/gdb/bugs/>'
SED='/usr/bin/sed'
SHELL='/bin/bash'
STRIP=''
USE_NLS='yes'
WARN_CFLAGS=' -Wall -Wpointer-arith -Wno-unused -Wunused-value -Wunused-variable -Wunused-function -Wno-switch -Wno-char-subscripts -Wempty-body -Wunused-but-set-parameter -Wunused-but-set-variable -Wno-sign-compare -Wno-error=maybe-uninitialized -Wsuggest-override -Wimplicit-fallthrough=3 -Wduplicated-cond -Wshadow=local -Wdeprecated-copy -Wdeprecated-copy-dtor -Wredundant-move -Wmissing-declarations -Wstrict-null-sentinel -Wformat -Wformat-nonliteral'
WERROR_CFLAGS='-Werror'
WIN32APILIBS=''
XGETTEXT=':'
ac_ct_CC=''
ac_ct_CXX=''
am__leading_dot='.'
ax_pthread_config=''
bindir='${exec_prefix}/bin'
build='x86_64-pc-linux-gnu'
build_alias='x86_64-pc-linux-gnu'
build_cpu='x86_64'
build_os='linux-gnu'
build_vendor='pc'
datadir='${datarootdir}'
datarootdir='${prefix}/share'
docdir='${datarootdir}/doc/${PACKAGE}'
dvidir='${docdir}'
exec_prefix='${prefix}'
extra_libraries=' libinproctrace.so'
host='x86_64-pc-linux-gnu'
host_alias='x86_64-pc-linux-gnu'
host_cpu='x86_64'
host_noncanonical='x86_64-pc-linux-gnu'
host_os='linux-gnu'
host_vendor='pc'
htmldir='${docdir}'
includedir='${prefix}/include'
infodir='${datarootdir}/info'
install_sh='${SHELL} /home/rjhd/Desktop/insight/bundle/install-sh'
libdir='${exec_prefix}/lib'
libexecdir='${exec_prefix}/libexec'
localedir='${datarootdir}/locale'
localstatedir='${prefix}/var'
mandir='${datarootdir}/man'
oldincludedir='/usr/include'
pdfdir='${docdir}'
prefix='/usr/local'
program_transform_name='s,y,y,'
psdir='${docdir}'
sbindir='${exec_prefix}/sbin'
sharedstatedir='${prefix}/com'
srv_xmlbuiltin=''
srv_xmlfiles=''
sysconfdir='${prefix}/etc'
target='x86_64-pc-linux-gnu'
target_alias='x86_64-pc-linux-gnu'
target_cpu='x86_64'
target_noncanonical='x86_64-pc-linux-gnu'
target_os='linux-gnu'
target_vendor='pc'
ustinc=''
ustlibs=''

## ----------- ##
## confdefs.h. ##
## ----------- ##

/* confdefs.h */
#define PACKAGE_NAME ""
#define PACKAGE_TARNAME ""
#define PACKAGE_VERSION ""
#define PACKAGE_STRING ""
#define PACKAGE_BUGREPORT ""
#define PACKAGE_URL ""
#define STDC_HEADERS 1
#define HAVE_SYS_TYPES_H 1
#define HAVE_SYS_STAT_H 1
#define HAVE_STDLIB_H 1
#define HAVE_STRING_H 1
#define HAVE_MEMORY_H 1
#define HAVE_STRINGS_H 1
#define HAVE_INTTYPES_H 1
#define HAVE_STDINT_H 1
#define HAVE_UNISTD_H 1
#define __EXTENSIONS__ 1
#define _ALL_SOURCE 1
#define _GNU_SOURCE 1
#define _POSIX_PTHREAD_SEMANTICS 1
#define _TANDEM_SOURCE 1
#define HAVE_CXX11 1
#define STDC_HEADERS 1
#define HAVE_STDLIB_H 1
#define HAVE_UNISTD_H 1
#define HAVE_SYS_PARAM_H 1
#define STDC_HEADERS 1
#define HAVE_ALLOCA_H 1
#define HAVE_ALLOCA 1
#define HAVE_LANGINFO_CODESET 1
#define HAVE_LINUX_PERF_EVENT_H 1
#define HAVE_LOCALE_H 1
#define HAVE_MEMORY_H 1
#define HAVE_SIGNAL_H 1
#define HAVE_SYS_RESOURCE_H 1
#define HAVE_SYS_SOCKET_H 1
#define HAVE_SYS_UN_H 1
#define HAVE_SYS_WAIT_H 1
#define HAVE_THREAD_DB_H 1
#define HAVE_WAIT_H 1
#define HAVE_TERMIOS_H 1
#define HAVE_DLFCN_H 1
#define HAVE_LINUX_ELF_H 1
#define HAVE_PROC_SERVICE_H 1
#define HAVE_POLL_H 1
#define HAVE_SYS_POLL_H 1
#define HAVE_SYS_SELECT_H 1
#define HAVE_GETPAGESIZE 1
#define HAVE_MMAP 1
#define HAVE_FORK 1
#define HAVE_VFORK 1
#define HAVE_WORKING_VFORK 1
#define HAVE_WORKING_FORK 1
#define HAVE_GETRLIMIT 1
#define HAVE_PIPE 1
#define HAVE_PIPE2 1
#define HAVE_POLL 1
#define HAVE_SOCKETPAIR 1
#define HAVE_SIGACTION 1
#define HAVE_SBRK 1
#define HAVE_SETNS 1
#define HAVE_SIGALTSTACK 1
#define HAVE_SIGPROCMASK 1
#define HAVE_SETPGID 1
#define HAVE_SETPGRP 1
#define HAVE_GETRUSAGE 1
#define HAVE_GETAUXVAL 1
#define HAVE_SIGTIMEDWAIT 1
#define HAVE_DECL_ADDR_NO_RANDOMIZE 1
#define HAVE_DECL_STRSTR 1
#define HAVE_STRUCT_STAT_ST_BLOCKS 1
#define HAVE_STRUCT_STAT_ST_BLKSIZE 1
#define HAVE_PTHREAD_PRIO_INHERIT 1
#define HAVE_PTHREAD_SIGMASK 1
#define HAVE_PTHREAD_SETNAME_NP 1
#define CXX_STD_THREAD 1
#define HAVE_SIGSETJMP 1
#define PRINTF_HAS_LONG_LONG 1
#define _STRUCTURED_PROC 1
#define HAVE_SYS_PROCFS_H 1
#define HAVE_PRGREGSET_T 1
#define HAVE_PRFPREGSET_T 1
#define HAVE_LWPID_T 1
#define HAVE_PSADDR_T 1
#define HAVE_ELF_FPREGSET_T 1
#define GDB_SELF_TEST 1
#define ENABLE_NLS 1
#define HAVE_TERMIOS_H 1
#define HAVE_SYS_REG_H 1
#define HAVE_STRING_H 1
#define HAVE_SYS_PROCFS_H 1
#define HAVE_LINUX_ELF_H 1
#define HAVE_FCNTL_H 1
#define HAVE_SIGNAL_H 1
#define HAVE_SYS_FILE_H 1
#define HAVE_SYS_IOCTL_H 1
#define HAVE_NETINET_IN_H 1
#define HAVE_SYS_SOCKET_H 1
#define HAVE_NETDB_H 1
#define HAVE_NETINET_TCP_H 1
#define HAVE_ARPA_INET_H 1
#define HAVE_FORK 1
#define HAVE_VFORK 1
#define HAVE_WORKING_VFORK 1
#define HAVE_WORKING_FORK 1
#define HAVE_PREAD 1
#define HAVE_PWRITE 1
#define HAVE_PREAD64 1
#define HAVE_SYS_PTRACE_H 1
#define PTRACE_TYPE_RET long
#define PTRACE_TYPE_ARG1 enum __ptrace_request
#define PTRACE_TYPE_ARG3 long
#define PTRACE_TYPE_ARG4 long
#define HAVE_DLADDR 1
#define HAVE_LONG_LONG 1
#define SIZEOF_LONG_LONG 8
#define HAVE_DECL_BASENAME 1
#define HAVE_DECL_FFS 1
#define HAVE_DECL_ASPRINTF 1
#define HAVE_DECL_VASPRINTF 1
#define HAVE_DECL_SNPRINTF 1
#define HAVE_DECL_VSNPRINTF 1
#define HAVE_DECL_STRTOL 1
#define HAVE_DECL_STRTOUL 1
#define HAVE_DECL_STRTOLL 1
#define HAVE_DECL_STRTOULL 1
#define HAVE_DECL_STRVERSCMP 1
#define HAVE_DECL_PERROR 1
#define HAVE_DECL_VASPRINTF 1
#define HAVE_DECL_VSNPRINTF 1
#define HAVE_SOCKLEN_T 1
#define HAVE_ELF32_AUXV_T 1
#define HAVE_ELF64_AUXV_T 1
#define PKGVERSION "(GDB) "
#define REPORT_BUGS_TO "<http://www.gnu.org/software/gdb/bugs/>"
#define HAVE_LINUX_USRREGS 1
#define HAVE_LINUX_REGSETS 1
#define HAVE_PTRACE_GETREGS 1
#define HAVE_PTRACE_GETFPXREGS 1
#define HAVE_LINUX_BTRACE 1
#define HAVE_LIBDL 1
#define USE_THREAD_DB 1
#define HAVE_TD_VERSION 1
#define HAVE_SYNC_BUILTINS 1

configure: exit 0
