This file contains any messages produced by compilers while
running configure, to aid debugging if configure makes a mistake.

It was created by gdbsupport configure 1.0, which was
generated by GNU Autoconf 2.69.  Invocation command line was

  $ /home/rjhd/Desktop/insight/bundle/gdbsupport/configure --srcdir=.././gdbsupport --cache-file=./config.cache --with-gnu-ld --enable-sim --with-expat --with-python --without-libunwind --with-tcl=/usr/lib/ --with-tk=/usr/lib/ --disable-gas --disable-binutils --enable-gdbtk --program-transform-name=s,y,y, --disable-option-checking --build=x86_64-pc-linux-gnu --host=x86_64-pc-linux-gnu --target=x86_64-pc-linux-gnu

## --------- ##
## Platform. ##
## --------- ##

hostname = ubuntu
uname -m = x86_64
uname -r = 5.11.0-43-generic
uname -s = Linux
uname -v = #47~20.04.2-Ubuntu SMP Mon Dec 13 11:06:56 UTC 2021

/usr/bin/uname -p = x86_64
/bin/uname -X     = unknown

/bin/arch              = x86_64
/usr/bin/arch -k       = unknown
/usr/convex/getsysinfo = unknown
/usr/bin/hostinfo      = unknown
/bin/machine           = unknown
/usr/bin/oslevel       = unknown
/bin/universe          = unknown

PATH: /usr/local/sbin
PATH: /usr/local/bin
PATH: /usr/sbin
PATH: /usr/bin
PATH: /sbin
PATH: /bin
PATH: /usr/games
PATH: /usr/local/games
PATH: /snap/bin
PATH: /root/.local/bin


## ----------- ##
## Core tests. ##
## ----------- ##

configure:2640: loading cache ./config.cache
configure:2765: checking build system type
configure:2779: result: x86_64-pc-linux-gnu
configure:2801: checking host system type
configure:2814: result: x86_64-pc-linux-gnu
configure:2836: checking target system type
configure:2849: result: x86_64-pc-linux-gnu
configure:2877: checking whether to enable maintainer-specific portions of Makefiles
configure:2886: result: no
configure:2944: checking for a BSD-compatible install
configure:3012: result: /usr/bin/install -c
configure:3023: checking whether build environment is sane
configure:3078: result: yes
configure:3227: checking for a thread-safe mkdir -p
configure:3266: result: /usr/bin/mkdir -p
configure:3273: checking for gawk
configure:3300: result: mawk
configure:3311: checking whether make sets $(MAKE)
configure:3333: result: yes
configure:3362: checking whether make supports nested variables
configure:3379: result: yes
configure:3516: checking whether make supports nested variables
configure:3533: result: yes
configure:3553: checking for x86_64-pc-linux-gnu-gcc
configure:3580: result: gcc
configure:3849: checking for C compiler version
configure:3858: gcc --version >&5
gcc (Ubuntu 9.3.0-17ubuntu1~20.04) 9.3.0
Copyright (C) 2019 Free Software Foundation, Inc.
This is free software; see the source for copying conditions.  There is NO
warranty; not even for MERCHANTABILITY or FITNESS FOR A PARTICULAR PURPOSE.

configure:3869: $? = 0
configure:3858: gcc -v >&5
Using built-in specs.
COLLECT_GCC=gcc
COLLECT_LTO_WRAPPER=/usr/lib/gcc/x86_64-linux-gnu/9/lto-wrapper
OFFLOAD_TARGET_NAMES=nvptx-none:hsa
OFFLOAD_TARGET_DEFAULT=1
Target: x86_64-linux-gnu
Configured with: ../src/configure -v --with-pkgversion='Ubuntu 9.3.0-17ubuntu1~20.04' --with-bugurl=file:///usr/share/doc/gcc-9/README.Bugs --enable-languages=c,ada,c++,go,brig,d,fortran,objc,obj-c++,gm2 --prefix=/usr --with-gcc-major-version-only --program-suffix=-9 --program-prefix=x86_64-linux-gnu- --enable-shared --enable-linker-build-id --libexecdir=/usr/lib --without-included-gettext --enable-threads=posix --libdir=/usr/lib --enable-nls --enable-clocale=gnu --enable-libstdcxx-debug --enable-libstdcxx-time=yes --with-default-libstdcxx-abi=new --enable-gnu-unique-object --disable-vtable-verify --enable-plugin --enable-default-pie --with-system-zlib --with-target-system-zlib=auto --enable-objc-gc=auto --enable-multiarch --disable-werror --with-arch-32=i686 --with-abi=m64 --with-multilib-list=m32,m64,mx32 --enable-multilib --with-tune=generic --enable-offload-targets=nvptx-none=/build/gcc-9-HskZEa/gcc-9-9.3.0/debian/tmp-nvptx/usr,hsa --without-cuda-driver --enable-checking=release --build=x86_64-linux-gnu --host=x86_64-linux-gnu --target=x86_64-linux-gnu
Thread model: posix
gcc version 9.3.0 (Ubuntu 9.3.0-17ubuntu1~20.04) 
configure:3869: $? = 0
configure:3858: gcc -V >&5
gcc: error: unrecognized command line option '-V'
gcc: fatal error: no input files
compilation terminated.
configure:3869: $? = 1
configure:3858: gcc -qversion >&5
gcc: error: unrecognized command line option '-qversion'; did you mean '--version'?
gcc: fatal error: no input files
compilation terminated.
configure:3869: $? = 1
configure:3889: checking whether the C compiler works
configure:3911: gcc -g -O2        conftest.c  >&5
configure:3915: $? = 0
configure:3963: result: yes
configure:3966: checking for C compiler default output file name
configure:3968: result: a.out
configure:3974: checking for suffix of executables
configure:3981: gcc -o conftest -g -O2        conftest.c  >&5
configure:3985: $? = 0
configure:4007: result: 
configure:4029: checking whether we are cross compiling
configure:4037: gcc -o conftest -g -O2        conftest.c  >&5
configure:4041: $? = 0
configure:4048: ./conftest
configure:4052: $? = 0
configure:4040: result: no
configure:4045: checking for suffix of object files
configure:4092: result: o
configure:4096: checking whether we are using the GNU C compiler
configure:4124: result: yes
configure:4133: checking whether gcc accepts -g
configure:4194: result: yes
configure:4211: checking for gcc option to accept ISO C89
configure:4287: result: none needed
configure:4312: checking whether gcc understands -c and -o together
configure:4349: result: yes
configure:4377: checking for style of include used by make
configure:4405: result: GNU
configure:4431: checking dependency style of gcc
configure:4542: result: gcc3
configure:4669: checking for C++ compiler version
configure:4678: g++ --version >&5
g++ (Ubuntu 9.3.0-17ubuntu1~20.04) 9.3.0
Copyright (C) 2019 Free Software Foundation, Inc.
This is free software; see the source for copying conditions.  There is NO
warranty; not even for MERCHANTABILITY or FITNESS FOR A PARTICULAR PURPOSE.

configure:4689: $? = 0
configure:4678: g++ -v >&5
Using built-in specs.
COLLECT_GCC=g++
COLLECT_LTO_WRAPPER=/usr/lib/gcc/x86_64-linux-gnu/9/lto-wrapper
OFFLOAD_TARGET_NAMES=nvptx-none:hsa
OFFLOAD_TARGET_DEFAULT=1
Target: x86_64-linux-gnu
Configured with: ../src/configure -v --with-pkgversion='Ubuntu 9.3.0-17ubuntu1~20.04' --with-bugurl=file:///usr/share/doc/gcc-9/README.Bugs --enable-languages=c,ada,c++,go,brig,d,fortran,objc,obj-c++,gm2 --prefix=/usr --with-gcc-major-version-only --program-suffix=-9 --program-prefix=x86_64-linux-gnu- --enable-shared --enable-linker-build-id --libexecdir=/usr/lib --without-included-gettext --enable-threads=posix --libdir=/usr/lib --enable-nls --enable-clocale=gnu --enable-libstdcxx-debug --enable-libstdcxx-time=yes --with-default-libstdcxx-abi=new --enable-gnu-unique-object --disable-vtable-verify --enable-plugin --enable-default-pie --with-system-zlib --with-target-system-zlib=auto --enable-objc-gc=auto --enable-multiarch --disable-werror --with-arch-32=i686 --with-abi=m64 --with-multilib-list=m32,m64,mx32 --enable-multilib --with-tune=generic --enable-offload-targets=nvptx-none=/build/gcc-9-HskZEa/gcc-9-9.3.0/debian/tmp-nvptx/usr,hsa --without-cuda-driver --enable-checking=release --build=x86_64-linux-gnu --host=x86_64-linux-gnu --target=x86_64-linux-gnu
Thread model: posix
gcc version 9.3.0 (Ubuntu 9.3.0-17ubuntu1~20.04) 
configure:4689: $? = 0
configure:4678: g++ -V >&5
g++: error: unrecognized command line option '-V'
g++: fatal error: no input files
compilation terminated.
configure:4689: $? = 1
configure:4678: g++ -qversion >&5
g++: error: unrecognized command line option '-qversion'; did you mean '--version'?
g++: fatal error: no input files
compilation terminated.
configure:4689: $? = 1
configure:4693: checking whether we are using the GNU C++ compiler
configure:4721: result: yes
configure:4730: checking whether g++ accepts -g
configure:4791: result: yes
configure:4816: checking dependency style of g++
configure:4927: result: gcc3
configure:4945: checking for x86_64-pc-linux-gnu-ranlib
configure:4972: result: ranlib --plugin /usr/lib/gcc/x86_64-linux-gnu/9/liblto_plugin.so
configure:5041: checking how to run the C preprocessor
configure:5111: result: gcc -E
configure:5131: gcc -E  conftest.c
configure:5131: $? = 0
configure:5145: gcc -E  conftest.c
conftest.c:11:10: fatal error: ac_nonexistent.h: No such file or directory
   11 | #include <ac_nonexistent.h>
      |          ^~~~~~~~~~~~~~~~~~
compilation terminated.
configure:5145: $? = 1
configure: failed program was:
| /* confdefs.h */
| #define PACKAGE_NAME "gdbsupport"
| #define PACKAGE_TARNAME "gdbsupport"
| #define PACKAGE_VERSION "1.0"
| #define PACKAGE_STRING "gdbsupport 1.0"
| #define PACKAGE_BUGREPORT ""
| #define PACKAGE_URL ""
| #define PACKAGE "gdbsupport"
| #define VERSION "1.0"
| /* end confdefs.h.  */
| #include <ac_nonexistent.h>
configure:5174: checking for grep that handles long lines and -e
configure:5232: result: /usr/bin/grep
configure:5237: checking for egrep
configure:5299: result: /usr/bin/grep -E
configure:5304: checking for ANSI C header files
configure:5408: result: yes
configure:5421: checking for sys/types.h
configure:5421: result: yes
configure:5421: checking for sys/stat.h
configure:5421: result: yes
configure:5421: checking for stdlib.h
configure:5421: result: yes
configure:5421: checking for string.h
configure:5421: result: yes
configure:5421: checking for memory.h
configure:5421: result: yes
configure:5421: checking for strings.h
configure:5421: result: yes
configure:5421: checking for inttypes.h
configure:5421: result: yes
configure:5421: checking for stdint.h
configure:5421: result: yes
configure:5421: checking for unistd.h
configure:5421: result: yes
configure:5434: checking for minix/config.h
configure:5434: result: no
configure:5455: checking whether it is safe to define __EXTENSIONS__
configure:5480: result: yes
configure:5507: checking for dlfcn.h
configure:5507: result: yes
configure:5520: checking for windows.h
configure:5520: result: no
configure:5547: checking for library containing dlsym
configure:5595: result: -ldl
configure:5667: checking for special C compiler options needed for large files
configure:5712: result: no
configure:5718: checking for _FILE_OFFSET_BITS value needed for large files
configure:5775: result: no
configure:5873: checking whether g++ supports C++11 features by default
configure:6174: result: yes
configure:6867: checking whether NLS is requested
configure:6873: result: yes
configure:6879: checking for catalogs to be installed
configure:6911: result: 
configure:6927: checking for long long
configure:6927: result: yes
configure:6938: checking size of long long
configure:6957: result: 8
configure:6971: checking whether basename is declared
configure:6971: result: yes
configure:6981: checking whether ffs is declared
configure:6981: result: yes
configure:6991: checking whether asprintf is declared
configure:6991: result: yes
configure:7001: checking whether vasprintf is declared
configure:7001: result: yes
configure:7011: checking whether snprintf is declared
configure:7011: result: yes
configure:7021: checking whether vsnprintf is declared
configure:7021: result: yes
configure:7032: checking whether strtol is declared
configure:7032: result: yes
configure:7042: checking whether strtoul is declared
configure:7042: result: yes
configure:7052: checking whether strtoll is declared
configure:7052: result: yes
configure:7062: checking whether strtoull is declared
configure:7062: result: yes
configure:7073: checking whether strverscmp is declared
configure:7073: result: yes
configure:7085: checking for size_t
configure:7085: result: yes
configure:7102: checking for stdlib.h
configure:7102: result: yes
configure:7102: checking for unistd.h
configure:7102: result: yes
configure:7102: checking for sys/param.h
configure:7102: result: yes
configure:7119: checking for pid_t
configure:7119: result: yes
configure:7130: checking for a sed that does not truncate output
configure:7194: result: /usr/bin/sed
configure:7239: checking for ld used by GCC
configure:7302: result: ld
configure:7309: checking if the linker (ld) is GNU ld
configure:7321: result: yes
configure:7327: checking for shared library run path origin
configure:7340: result: done
configure:7361: checking for ANSI C header files
configure:7465: result: yes
configure:7475: checking for working alloca.h
configure:7500: result: yes
configure:7508: checking for alloca
configure:7553: result: yes
configure:7671: checking for nl_langinfo and CODESET
configure:7696: result: yes
configure:7708: checking for linux/perf_event.h
configure:7708: result: yes
configure:7708: checking for locale.h
configure:7708: result: yes
configure:7708: checking for memory.h
configure:7708: result: yes
configure:7708: checking for signal.h
configure:7708: result: yes
configure:7708: checking for sys/resource.h
configure:7708: result: yes
configure:7708: checking for sys/socket.h
configure:7708: result: yes
configure:7708: checking for sys/un.h
configure:7708: result: yes
configure:7708: checking for sys/wait.h
configure:7708: result: yes
configure:7708: checking for thread_db.h
configure:7708: result: yes
configure:7708: checking for wait.h
configure:7708: result: yes
configure:7708: checking for termios.h
configure:7708: result: yes
configure:7708: checking for dlfcn.h
configure:7708: result: yes
configure:7708: checking for linux/elf.h
configure:7708: result: yes
configure:7708: checking for proc_service.h
configure:7708: result: yes
configure:7708: checking for poll.h
configure:7708: result: yes
configure:7708: checking for sys/poll.h
configure:7708: result: yes
configure:7708: checking for sys/select.h
configure:7708: result: yes
configure:7722: checking for getpagesize
configure:7722: result: yes
configure:7731: checking for working mmap
configure:7888: result: yes
configure:7899: checking for vfork.h
configure:7899: result: no
configure:7912: checking for fork
configure:7912: result: yes
configure:7912: checking for vfork
configure:7912: result: yes
configure:7922: checking for working fork
configure:7954: result: yes
configure:7975: checking for working vfork
configure:8085: result: yes
configure:8115: checking for fdwalk
configure:8115: result: no
configure:8115: checking for getrlimit
configure:8115: result: yes
configure:8115: checking for pipe
configure:8115: result: yes
configure:8115: checking for pipe2
configure:8115: result: yes
configure:8115: checking for poll
configure:8115: result: yes
configure:8115: checking for socketpair
configure:8115: result: yes
configure:8115: checking for sigaction
configure:8115: result: yes
configure:8115: checking for ptrace64
configure:8115: result: no
configure:8115: checking for sbrk
configure:8115: result: yes
configure:8115: checking for setns
configure:8115: result: yes
configure:8115: checking for sigaltstack
configure:8115: result: yes
configure:8115: checking for sigprocmask
configure:8115: result: yes
configure:8115: checking for setpgid
configure:8115: result: yes
configure:8115: checking for setpgrp
configure:8115: result: yes
configure:8115: checking for getrusage
configure:8115: result: yes
configure:8115: checking for getauxval
configure:8115: result: yes
configure:8115: checking for sigtimedwait
configure:8115: result: yes
configure:8128: checking whether ADDR_NO_RANDOMIZE is declared
configure:8128: result: yes
configure:8141: checking whether strstr is declared
configure:8141: result: yes
configure:8157: checking for struct stat.st_blocks
configure:8157: result: yes
configure:8166: checking for struct stat.st_blksize
configure:8166: result: yes
configure:8180: checking for library containing kinfo_getfile
configure:8228: result: no
configure:8240: checking for kinfo_getfile
configure:8240: result: no
configure:8457: checking whether gcc is Clang
configure:8482: result: no
configure:8605: checking whether pthreads work with -pthread
configure:8699: gcc -o conftest -g -O2     -pthread    conftest.c  -ldl  >&5
configure:8699: $? = 0
configure:8708: result: yes
configure:8727: checking for joinable pthread attribute
configure:8753: result: PTHREAD_CREATE_JOINABLE
configure:8767: checking whether more special flags are required for pthreads
configure:8780: result: no
configure:8788: checking for PTHREAD_PRIO_INHERIT
configure:8813: result: yes
configure:8918: checking for std::thread
configure:8942: result: yes
configure:8950: checking for pthread_sigmask
configure:8950: result: yes
configure:8950: checking for pthread_setname_np
configure:8950: result: yes
configure:8978: checking for sigsetjmp
configure:9006: result: yes
configure:9022: checking whether to use intel pt
configure:9024: result: auto
configure:9041: gcc -E  conftest.c
configure:9041: $? = 0
configure:9481: checking for libipt
configure:9510: result: no
configure:9537: WARNING: libipt is missing or unusable; some features may be unavailable.
configure:9581: checking for long long support in printf
configure:9617: result: yes
configure:9630: checking for sys/procfs.h
configure:9630: result: yes
configure:9642: checking for gregset_t in sys/procfs.h
configure:9674: result: no
configure:9678: checking for fpregset_t in sys/procfs.h
configure:9710: result: no
configure:9714: checking for prgregset_t in sys/procfs.h
configure:9746: result: yes
configure:9750: checking for prfpregset_t in sys/procfs.h
configure:9782: result: yes
configure:9786: checking for prgregset32_t in sys/procfs.h
configure:9818: result: no
configure:9822: checking for lwpid_t in sys/procfs.h
configure:9854: result: yes
configure:9858: checking for psaddr_t in sys/procfs.h
configure:9890: result: yes
configure:9894: checking for elf_fpregset_t in sys/procfs.h
configure:9926: result: yes
configure:9978: checking for sys/ptrace.h
configure:9978: result: yes
configure:9978: checking for ptrace.h
configure:9978: result: no
configure:10001: checking return type of ptrace
configure:10045: result: long
configure:10055: checking types of arguments for ptrace
configure:10129: result: enum __ptrace_request,int,long,long
configure:10262: checking compiler warning flags
configure:10325: g++ -c -g -O2     -Werror -Wall  conftest.cpp >&5
configure:10325: $? = 0
configure:10325: g++ -c -g -O2     -Werror -Wpointer-arith  conftest.cpp >&5
configure:10325: $? = 0
configure:10325: g++ -c -g -O2     -Werror -Wunused  conftest.cpp >&5
configure:10325: $? = 0
configure:10325: g++ -c -g -O2     -Werror -Wunused-value  conftest.cpp >&5
configure:10325: $? = 0
configure:10309: g++ -c -g -O2     -Werror -Wunused-variable  conftest.cpp >&5
configure:10309: $? = 0
configure:10325: g++ -c -g -O2     -Werror -Wunused-function  conftest.cpp >&5
configure:10325: $? = 0
configure:10325: g++ -c -g -O2     -Werror -Wswitch  conftest.cpp >&5
configure:10325: $? = 0
configure:10325: g++ -c -g -O2     -Werror -Wchar-subscripts  conftest.cpp >&5
configure:10325: $? = 0
configure:10325: g++ -c -g -O2     -Werror -Wempty-body  conftest.cpp >&5
configure:10325: $? = 0
configure:10325: g++ -c -g -O2     -Werror -Wunused-but-set-parameter  conftest.cpp >&5
configure:10325: $? = 0
configure:10325: g++ -c -g -O2     -Werror -Wunused-but-set-variable  conftest.cpp >&5
configure:10325: $? = 0
configure:10325: g++ -c -g -O2     -Werror -Wsign-compare  conftest.cpp >&5
configure:10325: $? = 0
configure:10325: g++ -c -g -O2     -Werror -Werror=maybe-uninitialized  conftest.cpp >&5
configure:10325: $? = 0
configure:10325: g++ -c -g -O2     -Werror -Wmismatched-tags  conftest.cpp >&5
g++: error: unrecognized command line option '-Wmismatched-tags'
configure:10325: $? = 1
configure: failed program was:
| /* confdefs.h */
| #define PACKAGE_NAME "gdbsupport"
| #define PACKAGE_TARNAME "gdbsupport"
| #define PACKAGE_VERSION "1.0"
| #define PACKAGE_STRING "gdbsupport 1.0"
| #define PACKAGE_BUGREPORT ""
| #define PACKAGE_URL ""
| #define PACKAGE "gdbsupport"
| #define VERSION "1.0"
| #define STDC_HEADERS 1
| #define HAVE_SYS_TYPES_H 1
| #define HAVE_SYS_STAT_H 1
| #define HAVE_STDLIB_H 1
| #define HAVE_STRING_H 1
| #define HAVE_MEMORY_H 1
| #define HAVE_STRINGS_H 1
| #define HAVE_INTTYPES_H 1
| #define HAVE_STDINT_H 1
| #define HAVE_UNISTD_H 1
| #define __EXTENSIONS__ 1
| #define _ALL_SOURCE 1
| #define _GNU_SOURCE 1
| #define _POSIX_PTHREAD_SEMANTICS 1
| #define _TANDEM_SOURCE 1
| #define HAVE_DLFCN_H 1
| #define HAVE_CXX11 1
| #define ENABLE_NLS 1
| #define HAVE_LONG_LONG 1
| #define SIZEOF_LONG_LONG 8
| #define HAVE_DECL_BASENAME 1
| #define HAVE_DECL_FFS 1
| #define HAVE_DECL_ASPRINTF 1
| #define HAVE_DECL_VASPRINTF 1
| #define HAVE_DECL_SNPRINTF 1
| #define HAVE_DECL_VSNPRINTF 1
| #define HAVE_DECL_STRTOL 1
| #define HAVE_DECL_STRTOUL 1
| #define HAVE_DECL_STRTOLL 1
| #define HAVE_DECL_STRTOULL 1
| #define HAVE_DECL_STRVERSCMP 1
| #define HAVE_STDLIB_H 1
| #define HAVE_UNISTD_H 1
| #define HAVE_SYS_PARAM_H 1
| #define STDC_HEADERS 1
| #define HAVE_ALLOCA_H 1
| #define HAVE_ALLOCA 1
| #define HAVE_LANGINFO_CODESET 1
| #define HAVE_LINUX_PERF_EVENT_H 1
| #define HAVE_LOCALE_H 1
| #define HAVE_MEMORY_H 1
| #define HAVE_SIGNAL_H 1
| #define HAVE_SYS_RESOURCE_H 1
| #define HAVE_SYS_SOCKET_H 1
| #define HAVE_SYS_UN_H 1
| #define HAVE_SYS_WAIT_H 1
| #define HAVE_THREAD_DB_H 1
| #define HAVE_WAIT_H 1
| #define HAVE_TERMIOS_H 1
| #define HAVE_DLFCN_H 1
| #define HAVE_LINUX_ELF_H 1
| #define HAVE_PROC_SERVICE_H 1
| #define HAVE_POLL_H 1
| #define HAVE_SYS_POLL_H 1
| #define HAVE_SYS_SELECT_H 1
| #define HAVE_GETPAGESIZE 1
| #define HAVE_MMAP 1
| #define HAVE_FORK 1
| #define HAVE_VFORK 1
| #define HAVE_WORKING_VFORK 1
| #define HAVE_WORKING_FORK 1
| #define HAVE_GETRLIMIT 1
| #define HAVE_PIPE 1
| #define HAVE_PIPE2 1
| #define HAVE_POLL 1
| #define HAVE_SOCKETPAIR 1
| #define HAVE_SIGACTION 1
| #define HAVE_SBRK 1
| #define HAVE_SETNS 1
| #define HAVE_SIGALTSTACK 1
| #define HAVE_SIGPROCMASK 1
| #define HAVE_SETPGID 1
| #define HAVE_SETPGRP 1
| #define HAVE_GETRUSAGE 1
| #define HAVE_GETAUXVAL 1
| #define HAVE_SIGTIMEDWAIT 1
| #define HAVE_DECL_ADDR_NO_RANDOMIZE 1
| #define HAVE_DECL_STRSTR 1
| #define HAVE_STRUCT_STAT_ST_BLOCKS 1
| #define HAVE_STRUCT_STAT_ST_BLKSIZE 1
| #define HAVE_PTHREAD_PRIO_INHERIT 1
| #define HAVE_PTHREAD_SIGMASK 1
| #define HAVE_PTHREAD_SETNAME_NP 1
| #define CXX_STD_THREAD 1
| #define HAVE_SIGSETJMP 1
| #define PRINTF_HAS_LONG_LONG 1
| #define _STRUCTURED_PROC 1
| #define HAVE_SYS_PROCFS_H 1
| #define HAVE_PRGREGSET_T 1
| #define HAVE_PRFPREGSET_T 1
| #define HAVE_LWPID_T 1
| #define HAVE_PSADDR_T 1
| #define HAVE_ELF_FPREGSET_T 1
| #define GDB_SELF_TEST 1
| #define HAVE_SYS_PTRACE_H 1
| #define PTRACE_TYPE_RET long
| #define PTRACE_TYPE_ARG1 enum __ptrace_request
| #define PTRACE_TYPE_ARG3 long
| #define PTRACE_TYPE_ARG4 long
| /* end confdefs.h.  */
| 
| int
| main ()
| {
| 
|   ;
|   return 0;
| }
configure:10325: g++ -c -g -O2     -Werror -Werror=deprecated-register  conftest.cpp >&5
cc1plus: error: '-Werror=deprecated-register': no option -Wdeprecated-register
configure:10325: $? = 1
configure: failed program was:
| /* confdefs.h */
| #define PACKAGE_NAME "gdbsupport"
| #define PACKAGE_TARNAME "gdbsupport"
| #define PACKAGE_VERSION "1.0"
| #define PACKAGE_STRING "gdbsupport 1.0"
| #define PACKAGE_BUGREPORT ""
| #define PACKAGE_URL ""
| #define PACKAGE "gdbsupport"
| #define VERSION "1.0"
| #define STDC_HEADERS 1
| #define HAVE_SYS_TYPES_H 1
| #define HAVE_SYS_STAT_H 1
| #define HAVE_STDLIB_H 1
| #define HAVE_STRING_H 1
| #define HAVE_MEMORY_H 1
| #define HAVE_STRINGS_H 1
| #define HAVE_INTTYPES_H 1
| #define HAVE_STDINT_H 1
| #define HAVE_UNISTD_H 1
| #define __EXTENSIONS__ 1
| #define _ALL_SOURCE 1
| #define _GNU_SOURCE 1
| #define _POSIX_PTHREAD_SEMANTICS 1
| #define _TANDEM_SOURCE 1
| #define HAVE_DLFCN_H 1
| #define HAVE_CXX11 1
| #define ENABLE_NLS 1
| #define HAVE_LONG_LONG 1
| #define SIZEOF_LONG_LONG 8
| #define HAVE_DECL_BASENAME 1
| #define HAVE_DECL_FFS 1
| #define HAVE_DECL_ASPRINTF 1
| #define HAVE_DECL_VASPRINTF 1
| #define HAVE_DECL_SNPRINTF 1
| #define HAVE_DECL_VSNPRINTF 1
| #define HAVE_DECL_STRTOL 1
| #define HAVE_DECL_STRTOUL 1
| #define HAVE_DECL_STRTOLL 1
| #define HAVE_DECL_STRTOULL 1
| #define HAVE_DECL_STRVERSCMP 1
| #define HAVE_STDLIB_H 1
| #define HAVE_UNISTD_H 1
| #define HAVE_SYS_PARAM_H 1
| #define STDC_HEADERS 1
| #define HAVE_ALLOCA_H 1
| #define HAVE_ALLOCA 1
| #define HAVE_LANGINFO_CODESET 1
| #define HAVE_LINUX_PERF_EVENT_H 1
| #define HAVE_LOCALE_H 1
| #define HAVE_MEMORY_H 1
| #define HAVE_SIGNAL_H 1
| #define HAVE_SYS_RESOURCE_H 1
| #define HAVE_SYS_SOCKET_H 1
| #define HAVE_SYS_UN_H 1
| #define HAVE_SYS_WAIT_H 1
| #define HAVE_THREAD_DB_H 1
| #define HAVE_WAIT_H 1
| #define HAVE_TERMIOS_H 1
| #define HAVE_DLFCN_H 1
| #define HAVE_LINUX_ELF_H 1
| #define HAVE_PROC_SERVICE_H 1
| #define HAVE_POLL_H 1
| #define HAVE_SYS_POLL_H 1
| #define HAVE_SYS_SELECT_H 1
| #define HAVE_GETPAGESIZE 1
| #define HAVE_MMAP 1
| #define HAVE_FORK 1
| #define HAVE_VFORK 1
| #define HAVE_WORKING_VFORK 1
| #define HAVE_WORKING_FORK 1
| #define HAVE_GETRLIMIT 1
| #define HAVE_PIPE 1
| #define HAVE_PIPE2 1
| #define HAVE_POLL 1
| #define HAVE_SOCKETPAIR 1
| #define HAVE_SIGACTION 1
| #define HAVE_SBRK 1
| #define HAVE_SETNS 1
| #define HAVE_SIGALTSTACK 1
| #define HAVE_SIGPROCMASK 1
| #define HAVE_SETPGID 1
| #define HAVE_SETPGRP 1
| #define HAVE_GETRUSAGE 1
| #define HAVE_GETAUXVAL 1
| #define HAVE_SIGTIMEDWAIT 1
| #define HAVE_DECL_ADDR_NO_RANDOMIZE 1
| #define HAVE_DECL_STRSTR 1
| #define HAVE_STRUCT_STAT_ST_BLOCKS 1
| #define HAVE_STRUCT_STAT_ST_BLKSIZE 1
| #define HAVE_PTHREAD_PRIO_INHERIT 1
| #define HAVE_PTHREAD_SIGMASK 1
| #define HAVE_PTHREAD_SETNAME_NP 1
| #define CXX_STD_THREAD 1
| #define HAVE_SIGSETJMP 1
| #define PRINTF_HAS_LONG_LONG 1
| #define _STRUCTURED_PROC 1
| #define HAVE_SYS_PROCFS_H 1
| #define HAVE_PRGREGSET_T 1
| #define HAVE_PRFPREGSET_T 1
| #define HAVE_LWPID_T 1
| #define HAVE_PSADDR_T 1
| #define HAVE_ELF_FPREGSET_T 1
| #define GDB_SELF_TEST 1
| #define HAVE_SYS_PTRACE_H 1
| #define PTRACE_TYPE_RET long
| #define PTRACE_TYPE_ARG1 enum __ptrace_request
| #define PTRACE_TYPE_ARG3 long
| #define PTRACE_TYPE_ARG4 long
| /* end confdefs.h.  */
| 
| int
| main ()
| {
| 
|   ;
|   return 0;
| }
configure:10325: g++ -c -g -O2     -Werror -Wsuggest-override  conftest.cpp >&5
configure:10325: $? = 0
configure:10325: g++ -c -g -O2     -Werror -Wimplicit-fallthrough=3  conftest.cpp >&5
configure:10325: $? = 0
configure:10325: g++ -c -g -O2     -Werror -Wduplicated-cond  conftest.cpp >&5
configure:10325: $? = 0
configure:10325: g++ -c -g -O2     -Werror -Wshadow=local  conftest.cpp >&5
configure:10325: $? = 0
configure:10325: g++ -c -g -O2     -Werror -Wdeprecated-copy  conftest.cpp >&5
configure:10325: $? = 0
configure:10325: g++ -c -g -O2     -Werror -Wdeprecated-copy-dtor  conftest.cpp >&5
configure:10325: $? = 0
configure:10325: g++ -c -g -O2     -Werror -Wredundant-move  conftest.cpp >&5
configure:10325: $? = 0
configure:10325: g++ -c -g -O2     -Werror -Wmissing-declarations  conftest.cpp >&5
configure:10325: $? = 0
configure:10325: g++ -c -g -O2     -Werror -Wmissing-prototypes  conftest.cpp >&5
cc1plus: error: command line option '-Wmissing-prototypes' is valid for C/ObjC but not for C++ [-Werror]
cc1plus: all warnings being treated as errors
configure:10325: $? = 1
configure: failed program was:
| /* confdefs.h */
| #define PACKAGE_NAME "gdbsupport"
| #define PACKAGE_TARNAME "gdbsupport"
| #define PACKAGE_VERSION "1.0"
| #define PACKAGE_STRING "gdbsupport 1.0"
| #define PACKAGE_BUGREPORT ""
| #define PACKAGE_URL ""
| #define PACKAGE "gdbsupport"
| #define VERSION "1.0"
| #define STDC_HEADERS 1
| #define HAVE_SYS_TYPES_H 1
| #define HAVE_SYS_STAT_H 1
| #define HAVE_STDLIB_H 1
| #define HAVE_STRING_H 1
| #define HAVE_MEMORY_H 1
| #define HAVE_STRINGS_H 1
| #define HAVE_INTTYPES_H 1
| #define HAVE_STDINT_H 1
| #define HAVE_UNISTD_H 1
| #define __EXTENSIONS__ 1
| #define _ALL_SOURCE 1
| #define _GNU_SOURCE 1
| #define _POSIX_PTHREAD_SEMANTICS 1
| #define _TANDEM_SOURCE 1
| #define HAVE_DLFCN_H 1
| #define HAVE_CXX11 1
| #define ENABLE_NLS 1
| #define HAVE_LONG_LONG 1
| #define SIZEOF_LONG_LONG 8
| #define HAVE_DECL_BASENAME 1
| #define HAVE_DECL_FFS 1
| #define HAVE_DECL_ASPRINTF 1
| #define HAVE_DECL_VASPRINTF 1
| #define HAVE_DECL_SNPRINTF 1
| #define HAVE_DECL_VSNPRINTF 1
| #define HAVE_DECL_STRTOL 1
| #define HAVE_DECL_STRTOUL 1
| #define HAVE_DECL_STRTOLL 1
| #define HAVE_DECL_STRTOULL 1
| #define HAVE_DECL_STRVERSCMP 1
| #define HAVE_STDLIB_H 1
| #define HAVE_UNISTD_H 1
| #define HAVE_SYS_PARAM_H 1
| #define STDC_HEADERS 1
| #define HAVE_ALLOCA_H 1
| #define HAVE_ALLOCA 1
| #define HAVE_LANGINFO_CODESET 1
| #define HAVE_LINUX_PERF_EVENT_H 1
| #define HAVE_LOCALE_H 1
| #define HAVE_MEMORY_H 1
| #define HAVE_SIGNAL_H 1
| #define HAVE_SYS_RESOURCE_H 1
| #define HAVE_SYS_SOCKET_H 1
| #define HAVE_SYS_UN_H 1
| #define HAVE_SYS_WAIT_H 1
| #define HAVE_THREAD_DB_H 1
| #define HAVE_WAIT_H 1
| #define HAVE_TERMIOS_H 1
| #define HAVE_DLFCN_H 1
| #define HAVE_LINUX_ELF_H 1
| #define HAVE_PROC_SERVICE_H 1
| #define HAVE_POLL_H 1
| #define HAVE_SYS_POLL_H 1
| #define HAVE_SYS_SELECT_H 1
| #define HAVE_GETPAGESIZE 1
| #define HAVE_MMAP 1
| #define HAVE_FORK 1
| #define HAVE_VFORK 1
| #define HAVE_WORKING_VFORK 1
| #define HAVE_WORKING_FORK 1
| #define HAVE_GETRLIMIT 1
| #define HAVE_PIPE 1
| #define HAVE_PIPE2 1
| #define HAVE_POLL 1
| #define HAVE_SOCKETPAIR 1
| #define HAVE_SIGACTION 1
| #define HAVE_SBRK 1
| #define HAVE_SETNS 1
| #define HAVE_SIGALTSTACK 1
| #define HAVE_SIGPROCMASK 1
| #define HAVE_SETPGID 1
| #define HAVE_SETPGRP 1
| #define HAVE_GETRUSAGE 1
| #define HAVE_GETAUXVAL 1
| #define HAVE_SIGTIMEDWAIT 1
| #define HAVE_DECL_ADDR_NO_RANDOMIZE 1
| #define HAVE_DECL_STRSTR 1
| #define HAVE_STRUCT_STAT_ST_BLOCKS 1
| #define HAVE_STRUCT_STAT_ST_BLKSIZE 1
| #define HAVE_PTHREAD_PRIO_INHERIT 1
| #define HAVE_PTHREAD_SIGMASK 1
| #define HAVE_PTHREAD_SETNAME_NP 1
| #define CXX_STD_THREAD 1
| #define HAVE_SIGSETJMP 1
| #define PRINTF_HAS_LONG_LONG 1
| #define _STRUCTURED_PROC 1
| #define HAVE_SYS_PROCFS_H 1
| #define HAVE_PRGREGSET_T 1
| #define HAVE_PRFPREGSET_T 1
| #define HAVE_LWPID_T 1
| #define HAVE_PSADDR_T 1
| #define HAVE_ELF_FPREGSET_T 1
| #define GDB_SELF_TEST 1
| #define HAVE_SYS_PTRACE_H 1
| #define PTRACE_TYPE_RET long
| #define PTRACE_TYPE_ARG1 enum __ptrace_request
| #define PTRACE_TYPE_ARG3 long
| #define PTRACE_TYPE_ARG4 long
| /* end confdefs.h.  */
| 
| int
| main ()
| {
| 
|   ;
|   return 0;
| }
configure:10325: g++ -c -g -O2     -Werror -Wstrict-null-sentinel  conftest.cpp >&5
configure:10325: $? = 0
configure:10325: g++ -c -g -O2     -Werror -Wformat -Wformat-nonliteral  conftest.cpp >&5
configure:10325: $? = 0
configure:10334: result:  -Wall -Wpointer-arith -Wno-unused -Wunused-value -Wunused-variable -Wunused-function -Wno-switch -Wno-char-subscripts -Wempty-body -Wunused-but-set-parameter -Wunused-but-set-variable -Wno-sign-compare -Wno-error=maybe-uninitialized -Wsuggest-override -Wimplicit-fallthrough=3 -Wduplicated-cond -Wshadow=local -Wdeprecated-copy -Wdeprecated-copy-dtor -Wredundant-move -Wmissing-declarations -Wstrict-null-sentinel -Wformat -Wformat-nonliteral -Werror
configure:10463: checking that generated files are newer than configure
configure:10469: result: done
configure:10500: creating ./config.status

## ---------------------- ##
## Running config.status. ##
## ---------------------- ##

This file was extended by gdbsupport config.status 1.0, which was
generated by GNU Autoconf 2.69.  Invocation command line was

  CONFIG_FILES    = 
  CONFIG_HEADERS  = 
  CONFIG_LINKS    = 
  CONFIG_COMMANDS = 
  $ ./config.status 

on ubuntu

config.status:989: creating Makefile
config.status:989: creating config.h
config.status:1170: config.h is unchanged
config.status:1218: executing depfiles commands

## ---------------- ##
## Cache variables. ##
## ---------------- ##

ac_cv_build=x86_64-pc-linux-gnu
ac_cv_c_compiler_gnu=yes
ac_cv_cxx_compiler_gnu=yes
ac_cv_env_CCC_set=
ac_cv_env_CCC_value=
ac_cv_env_CC_set=set
ac_cv_env_CC_value=gcc
ac_cv_env_CFLAGS_set=set
ac_cv_env_CFLAGS_value='-g -O2    '
ac_cv_env_CPPFLAGS_set=
ac_cv_env_CPPFLAGS_value=
ac_cv_env_CPP_set=
ac_cv_env_CPP_value=
ac_cv_env_CXXFLAGS_set=set
ac_cv_env_CXXFLAGS_value='-g -O2    '
ac_cv_env_CXX_set=set
ac_cv_env_CXX_value=g++
ac_cv_env_LDFLAGS_set=set
ac_cv_env_LDFLAGS_value=' '
ac_cv_env_LIBS_set=
ac_cv_env_LIBS_value=
ac_cv_env_build_alias_set=set
ac_cv_env_build_alias_value=x86_64-pc-linux-gnu
ac_cv_env_host_alias_set=set
ac_cv_env_host_alias_value=x86_64-pc-linux-gnu
ac_cv_env_target_alias_set=set
ac_cv_env_target_alias_value=x86_64-pc-linux-gnu
ac_cv_func_alloca_works=yes
ac_cv_func_fdwalk=no
ac_cv_func_fork=yes
ac_cv_func_fork_works=yes
ac_cv_func_getauxval=yes
ac_cv_func_getpagesize=yes
ac_cv_func_getrlimit=yes
ac_cv_func_getrusage=yes
ac_cv_func_kinfo_getfile=no
ac_cv_func_mmap_fixed_mapped=yes
ac_cv_func_pipe2=yes
ac_cv_func_pipe=yes
ac_cv_func_poll=yes
ac_cv_func_pthread_setname_np=yes
ac_cv_func_pthread_sigmask=yes
ac_cv_func_ptrace64=no
ac_cv_func_sbrk=yes
ac_cv_func_setns=yes
ac_cv_func_setpgid=yes
ac_cv_func_setpgrp=yes
ac_cv_func_sigaction=yes
ac_cv_func_sigaltstack=yes
ac_cv_func_sigprocmask=yes
ac_cv_func_sigtimedwait=yes
ac_cv_func_socketpair=yes
ac_cv_func_vfork=yes
ac_cv_func_vfork_works=yes
ac_cv_have_decl_ADDR_NO_RANDOMIZE=yes
ac_cv_have_decl_asprintf=yes
ac_cv_have_decl_basename_char_p_=yes
ac_cv_have_decl_ffs=yes
ac_cv_have_decl_snprintf=yes
ac_cv_have_decl_strstr=yes
ac_cv_have_decl_strtol=yes
ac_cv_have_decl_strtoll=yes
ac_cv_have_decl_strtoul=yes
ac_cv_have_decl_strtoull=yes
ac_cv_have_decl_strverscmp=yes
ac_cv_have_decl_vasprintf=yes
ac_cv_have_decl_vsnprintf=yes
ac_cv_header_dlfcn_h=yes
ac_cv_header_inttypes_h=yes
ac_cv_header_linux_elf_h=yes
ac_cv_header_linux_perf_event_h=yes
ac_cv_header_locale_h=yes
ac_cv_header_memory_h=yes
ac_cv_header_minix_config_h=no
ac_cv_header_poll_h=yes
ac_cv_header_proc_service_h=yes
ac_cv_header_ptrace_h=no
ac_cv_header_signal_h=yes
ac_cv_header_stdc=yes
ac_cv_header_stdint_h=yes
ac_cv_header_stdlib_h=yes
ac_cv_header_string_h=yes
ac_cv_header_strings_h=yes
ac_cv_header_sys_param_h=yes
ac_cv_header_sys_poll_h=yes
ac_cv_header_sys_procfs_h=yes
ac_cv_header_sys_ptrace_h=yes
ac_cv_header_sys_resource_h=yes
ac_cv_header_sys_select_h=yes
ac_cv_header_sys_socket_h=yes
ac_cv_header_sys_stat_h=yes
ac_cv_header_sys_types_h=yes
ac_cv_header_sys_un_h=yes
ac_cv_header_sys_wait_h=yes
ac_cv_header_termios_h=yes
ac_cv_header_thread_db_h=yes
ac_cv_header_unistd_h=yes
ac_cv_header_vfork_h=no
ac_cv_header_wait_h=yes
ac_cv_header_windows_h=no
ac_cv_host=x86_64-pc-linux-gnu
ac_cv_libipt=no
ac_cv_member_struct_stat_st_blksize=yes
ac_cv_member_struct_stat_st_blocks=yes
ac_cv_objext=o
ac_cv_path_EGREP='/usr/bin/grep -E'
ac_cv_path_GREP=/usr/bin/grep
ac_cv_path_SED=/usr/bin/sed
ac_cv_path_mkdir=/usr/bin/mkdir
ac_cv_prog_AWK=mawk
ac_cv_prog_CC=gcc
ac_cv_prog_CPP='gcc -E'
ac_cv_prog_RANLIB='ranlib --plugin /usr/lib/gcc/x86_64-linux-gnu/9/liblto_plugin.so'
ac_cv_prog_cc_c89=
ac_cv_prog_cc_g=yes
ac_cv_prog_cxx_g=yes
ac_cv_prog_make_make_set=yes
ac_cv_safe_to_define___extensions__=yes
ac_cv_search_dlsym=-ldl
ac_cv_search_kinfo_getfile=no
ac_cv_sizeof_long_long=8
ac_cv_sys_file_offset_bits=no
ac_cv_sys_largefile_CC=no
ac_cv_target=x86_64-pc-linux-gnu
ac_cv_type_long_long=yes
ac_cv_type_pid_t=yes
ac_cv_type_size_t=yes
ac_cv_working_alloca_h=yes
acl_cv_hardcode_direct=no
acl_cv_hardcode_libdir_flag_spec='${wl}-rpath ${wl}$libdir'
acl_cv_hardcode_libdir_separator=
acl_cv_hardcode_minus_L=no
acl_cv_libext=a
acl_cv_path_LD=ld
acl_cv_prog_gnu_ld=yes
acl_cv_rpath=done
acl_cv_shlibext=so
acl_cv_wl=-Wl,
am_cv_CC_dependencies_compiler_type=gcc3
am_cv_CXX_dependencies_compiler_type=gcc3
am_cv_langinfo_codeset=yes
am_cv_make_support_nested_variables=yes
am_cv_prog_cc_c_o=yes
ax_cv_PTHREAD_CLANG=no
ax_cv_PTHREAD_JOINABLE_ATTR=PTHREAD_CREATE_JOINABLE
ax_cv_PTHREAD_PRIO_INHERIT=yes
ax_cv_PTHREAD_SPECIAL_FLAGS=no
ax_cv_cxx_compile_cxx11=yes
bfd_cv_have_sys_procfs_type_elf_fpregset_t=yes
bfd_cv_have_sys_procfs_type_fpregset_t=no
bfd_cv_have_sys_procfs_type_gregset_t=no
bfd_cv_have_sys_procfs_type_lwpid_t=yes
bfd_cv_have_sys_procfs_type_prfpregset_t=yes
bfd_cv_have_sys_procfs_type_prgregset32_t=no
bfd_cv_have_sys_procfs_type_prgregset_t=yes
bfd_cv_have_sys_procfs_type_psaddr_t=yes
gdb_cv_cxx_std_thread=yes
gdb_cv_func_ptrace_args='enum __ptrace_request,int,long,long'
gdb_cv_func_ptrace_ret=long
gdb_cv_func_sigsetjmp=yes
gdb_cv_printf_has_long_long=yes

## ----------------- ##
## Output variables. ##
## ----------------- ##

ACLOCAL='${SHELL} /home/rjhd/Desktop/insight/bundle/missing aclocal-1.15'
ALLOCA=''
AMDEPBACKSLASH='\'
AMDEP_FALSE='#'
AMDEP_TRUE=''
AMTAR='$${TAR-tar}'
AM_BACKSLASH='\'
AM_DEFAULT_V='$(AM_DEFAULT_VERBOSITY)'
AM_DEFAULT_VERBOSITY='0'
AM_V='$(V)'
AUTOCONF='${SHELL} /home/rjhd/Desktop/insight/bundle/missing autoconf'
AUTOHEADER='${SHELL} /home/rjhd/Desktop/insight/bundle/missing autoheader'
AUTOMAKE='${SHELL} /home/rjhd/Desktop/insight/bundle/missing automake-1.15'
AWK='mawk'
CATALOGS=''
CATOBJEXT='.gmo'
CC='gcc'
CCDEPMODE='depmode=gcc3'
CFLAGS='-g -O2    '
CPP='gcc -E'
CPPFLAGS=''
CXX='g++'
CXXDEPMODE='depmode=gcc3'
CXXFLAGS='-g -O2    '
CXX_DIALECT=''
CYGPATH_W='echo'
DATADIRNAME='share'
DEFS='-DHAVE_CONFIG_H'
DEPDIR='.deps'
ECHO_C=''
ECHO_N='-n'
ECHO_T=''
EGREP='/usr/bin/grep -E'
EXEEXT=''
GENCAT='gencat'
GMSGFMT=':'
GREP='/usr/bin/grep'
HAVE_CXX11='1'
HAVE_LIBIPT='no'
INCINTL=''
INSTALL_DATA='/usr/bin/install -c -m 644'
INSTALL_PROGRAM='/usr/bin/install -c'
INSTALL_SCRIPT='/usr/bin/install -c'
INSTALL_STRIP_PROGRAM='$(install_sh) -c -s'
INSTOBJEXT='.mo'
LARGEFILE_CPPFLAGS=''
LDFLAGS=' '
LIBINTL=''
LIBINTL_DEP=''
LIBIPT=''
LIBOBJS=''
LIBS='-ldl '
LTLIBIPT=''
LTLIBOBJS=''
MAINT='#'
MAINTAINER_MODE_FALSE=''
MAINTAINER_MODE_TRUE='#'
MAKEINFO='makeinfo --split-size=5000000'
MKDIR_P='/usr/bin/mkdir -p'
OBJEXT='o'
PACKAGE='gdbsupport'
PACKAGE_BUGREPORT=''
PACKAGE_NAME='gdbsupport'
PACKAGE_STRING='gdbsupport 1.0'
PACKAGE_TARNAME='gdbsupport'
PACKAGE_URL=''
PACKAGE_VERSION='1.0'
PATH_SEPARATOR=':'
POSUB='po'
PTHREAD_CC='gcc'
PTHREAD_CFLAGS='-pthread'
PTHREAD_LIBS=''
RANLIB='ranlib --plugin /usr/lib/gcc/x86_64-linux-gnu/9/liblto_plugin.so'
SED='/usr/bin/sed'
SELFTEST_FALSE='#'
SELFTEST_TRUE=''
SET_MAKE=''
SHELL='/bin/bash'
STRIP=''
USE_NLS='yes'
VERSION='1.0'
WARN_CFLAGS=' -Wall -Wpointer-arith -Wno-unused -Wunused-value -Wunused-variable -Wunused-function -Wno-switch -Wno-char-subscripts -Wempty-body -Wunused-but-set-parameter -Wunused-but-set-variable -Wno-sign-compare -Wno-error=maybe-uninitialized -Wsuggest-override -Wimplicit-fallthrough=3 -Wduplicated-cond -Wshadow=local -Wdeprecated-copy -Wdeprecated-copy-dtor -Wredundant-move -Wmissing-declarations -Wstrict-null-sentinel -Wformat -Wformat-nonliteral'
WERROR_CFLAGS='-Werror'
XGETTEXT=':'
ac_ct_CC=''
ac_ct_CXX=''
am__EXEEXT_FALSE=''
am__EXEEXT_TRUE='#'
am__fastdepCC_FALSE='#'
am__fastdepCC_TRUE=''
am__fastdepCXX_FALSE='#'
am__fastdepCXX_TRUE=''
am__include='include'
am__isrc=''
am__leading_dot='.'
am__nodep='_no'
am__quote=''
am__tar='$${TAR-tar} chof - "$$tardir"'
am__untar='$${TAR-tar} xf -'
ax_pthread_config=''
bindir='${exec_prefix}/bin'
build='x86_64-pc-linux-gnu'
build_alias='x86_64-pc-linux-gnu'
build_cpu='x86_64'
build_os='linux-gnu'
build_vendor='pc'
datadir='${datarootdir}'
datarootdir='${prefix}/share'
docdir='${datarootdir}/doc/${PACKAGE_TARNAME}'
dvidir='${docdir}'
exec_prefix='${prefix}'
host='x86_64-pc-linux-gnu'
host_alias='x86_64-pc-linux-gnu'
host_cpu='x86_64'
host_os='linux-gnu'
host_vendor='pc'
htmldir='${docdir}'
includedir='${prefix}/include'
infodir='${datarootdir}/info'
install_sh='${SHELL} /home/rjhd/Desktop/insight/bundle/install-sh'
libdir='${exec_prefix}/lib'
libexecdir='${exec_prefix}/libexec'
localedir='${datarootdir}/locale'
localstatedir='${prefix}/var'
mandir='${datarootdir}/man'
mkdir_p='$(MKDIR_P)'
oldincludedir='/usr/include'
pdfdir='${docdir}'
prefix='/usr/local'
program_transform_name='s,y,y,'
psdir='${docdir}'
sbindir='${exec_prefix}/sbin'
sharedstatedir='${prefix}/com'
sysconfdir='${prefix}/etc'
target='x86_64-pc-linux-gnu'
target_alias='x86_64-pc-linux-gnu'
target_cpu='x86_64'
target_os='linux-gnu'
target_vendor='pc'

## ----------- ##
## confdefs.h. ##
## ----------- ##

/* confdefs.h */
#define PACKAGE_NAME "gdbsupport"
#define PACKAGE_TARNAME "gdbsupport"
#define PACKAGE_VERSION "1.0"
#define PACKAGE_STRING "gdbsupport 1.0"
#define PACKAGE_BUGREPORT ""
#define PACKAGE_URL ""
#define PACKAGE "gdbsupport"
#define VERSION "1.0"
#define STDC_HEADERS 1
#define HAVE_SYS_TYPES_H 1
#define HAVE_SYS_STAT_H 1
#define HAVE_STDLIB_H 1
#define HAVE_STRING_H 1
#define HAVE_MEMORY_H 1
#define HAVE_STRINGS_H 1
#define HAVE_INTTYPES_H 1
#define HAVE_STDINT_H 1
#define HAVE_UNISTD_H 1
#define __EXTENSIONS__ 1
#define _ALL_SOURCE 1
#define _GNU_SOURCE 1
#define _POSIX_PTHREAD_SEMANTICS 1
#define _TANDEM_SOURCE 1
#define HAVE_DLFCN_H 1
#define HAVE_CXX11 1
#define ENABLE_NLS 1
#define HAVE_LONG_LONG 1
#define SIZEOF_LONG_LONG 8
#define HAVE_DECL_BASENAME 1
#define HAVE_DECL_FFS 1
#define HAVE_DECL_ASPRINTF 1
#define HAVE_DECL_VASPRINTF 1
#define HAVE_DECL_SNPRINTF 1
#define HAVE_DECL_VSNPRINTF 1
#define HAVE_DECL_STRTOL 1
#define HAVE_DECL_STRTOUL 1
#define HAVE_DECL_STRTOLL 1
#define HAVE_DECL_STRTOULL 1
#define HAVE_DECL_STRVERSCMP 1
#define HAVE_STDLIB_H 1
#define HAVE_UNISTD_H 1
#define HAVE_SYS_PARAM_H 1
#define STDC_HEADERS 1
#define HAVE_ALLOCA_H 1
#define HAVE_ALLOCA 1
#define HAVE_LANGINFO_CODESET 1
#define HAVE_LINUX_PERF_EVENT_H 1
#define HAVE_LOCALE_H 1
#define HAVE_MEMORY_H 1
#define HAVE_SIGNAL_H 1
#define HAVE_SYS_RESOURCE_H 1
#define HAVE_SYS_SOCKET_H 1
#define HAVE_SYS_UN_H 1
#define HAVE_SYS_WAIT_H 1
#define HAVE_THREAD_DB_H 1
#define HAVE_WAIT_H 1
#define HAVE_TERMIOS_H 1
#define HAVE_DLFCN_H 1
#define HAVE_LINUX_ELF_H 1
#define HAVE_PROC_SERVICE_H 1
#define HAVE_POLL_H 1
#define HAVE_SYS_POLL_H 1
#define HAVE_SYS_SELECT_H 1
#define HAVE_GETPAGESIZE 1
#define HAVE_MMAP 1
#define HAVE_FORK 1
#define HAVE_VFORK 1
#define HAVE_WORKING_VFORK 1
#define HAVE_WORKING_FORK 1
#define HAVE_GETRLIMIT 1
#define HAVE_PIPE 1
#define HAVE_PIPE2 1
#define HAVE_POLL 1
#define HAVE_SOCKETPAIR 1
#define HAVE_SIGACTION 1
#define HAVE_SBRK 1
#define HAVE_SETNS 1
#define HAVE_SIGALTSTACK 1
#define HAVE_SIGPROCMASK 1
#define HAVE_SETPGID 1
#define HAVE_SETPGRP 1
#define HAVE_GETRUSAGE 1
#define HAVE_GETAUXVAL 1
#define HAVE_SIGTIMEDWAIT 1
#define HAVE_DECL_ADDR_NO_RANDOMIZE 1
#define HAVE_DECL_STRSTR 1
#define HAVE_STRUCT_STAT_ST_BLOCKS 1
#define HAVE_STRUCT_STAT_ST_BLKSIZE 1
#define HAVE_PTHREAD_PRIO_INHERIT 1
#define HAVE_PTHREAD_SIGMASK 1
#define HAVE_PTHREAD_SETNAME_NP 1
#define CXX_STD_THREAD 1
#define HAVE_SIGSETJMP 1
#define PRINTF_HAS_LONG_LONG 1
#define _STRUCTURED_PROC 1
#define HAVE_SYS_PROCFS_H 1
#define HAVE_PRGREGSET_T 1
#define HAVE_PRFPREGSET_T 1
#define HAVE_LWPID_T 1
#define HAVE_PSADDR_T 1
#define HAVE_ELF_FPREGSET_T 1
#define GDB_SELF_TEST 1
#define HAVE_SYS_PTRACE_H 1
#define PTRACE_TYPE_RET long
#define PTRACE_TYPE_ARG1 enum __ptrace_request
#define PTRACE_TYPE_ARG3 long
#define PTRACE_TYPE_ARG4 long

configure: exit 0
