This file contains any messages produced by compilers while
running configure, to aid debugging if configure makes a mistake.

It was created by sim configure 0, which was
generated by GNU Autoconf 2.69.  Invocation command line was

  $ /home/rjhd/Desktop/insight/bundle/sim/configure --srcdir=.././sim --cache-file=./config.cache --with-gnu-ld --enable-sim --with-expat --with-python --without-libunwind --with-tcl=/usr/lib/ --with-tk=/usr/lib/ --disable-gas --disable-binutils --enable-gdbtk --program-transform-name=s,y,y, --disable-option-checking --build=x86_64-pc-linux-gnu --host=x86_64-pc-linux-gnu --target=x86_64-pc-linux-gnu

## --------- ##
## Platform. ##
## --------- ##

hostname = ubuntu
uname -m = x86_64
uname -r = 5.11.0-43-generic
uname -s = Linux
uname -v = #47~20.04.2-Ubuntu SMP Mon Dec 13 11:06:56 UTC 2021

/usr/bin/uname -p = x86_64
/bin/uname -X     = unknown

/bin/arch              = x86_64
/usr/bin/arch -k       = unknown
/usr/convex/getsysinfo = unknown
/usr/bin/hostinfo      = unknown
/bin/machine           = unknown
/usr/bin/oslevel       = unknown
/bin/universe          = unknown

PATH: /usr/local/sbin
PATH: /usr/local/bin
PATH: /usr/sbin
PATH: /usr/bin
PATH: /sbin
PATH: /bin
PATH: /usr/games
PATH: /usr/local/games
PATH: /snap/bin
PATH: /root/.local/bin


## ----------- ##
## Core tests. ##
## ----------- ##

configure:2876: loading cache ./config.cache
configure:3138: checking build system type
configure:3152: result: x86_64-pc-linux-gnu
configure:3172: checking host system type
configure:3185: result: x86_64-pc-linux-gnu
configure:3205: checking target system type
configure:3218: result: x86_64-pc-linux-gnu
configure:3255: checking for x86_64-pc-linux-gnu-gcc
configure:3282: result: gcc
configure:3551: checking for C compiler version
configure:3560: gcc --version >&5
gcc (Ubuntu 9.3.0-17ubuntu1~20.04) 9.3.0
Copyright (C) 2019 Free Software Foundation, Inc.
This is free software; see the source for copying conditions.  There is NO
warranty; not even for MERCHANTABILITY or FITNESS FOR A PARTICULAR PURPOSE.

configure:3571: $? = 0
configure:3560: gcc -v >&5
Using built-in specs.
COLLECT_GCC=gcc
COLLECT_LTO_WRAPPER=/usr/lib/gcc/x86_64-linux-gnu/9/lto-wrapper
OFFLOAD_TARGET_NAMES=nvptx-none:hsa
OFFLOAD_TARGET_DEFAULT=1
Target: x86_64-linux-gnu
Configured with: ../src/configure -v --with-pkgversion='Ubuntu 9.3.0-17ubuntu1~20.04' --with-bugurl=file:///usr/share/doc/gcc-9/README.Bugs --enable-languages=c,ada,c++,go,brig,d,fortran,objc,obj-c++,gm2 --prefix=/usr --with-gcc-major-version-only --program-suffix=-9 --program-prefix=x86_64-linux-gnu- --enable-shared --enable-linker-build-id --libexecdir=/usr/lib --without-included-gettext --enable-threads=posix --libdir=/usr/lib --enable-nls --enable-clocale=gnu --enable-libstdcxx-debug --enable-libstdcxx-time=yes --with-default-libstdcxx-abi=new --enable-gnu-unique-object --disable-vtable-verify --enable-plugin --enable-default-pie --with-system-zlib --with-target-system-zlib=auto --enable-objc-gc=auto --enable-multiarch --disable-werror --with-arch-32=i686 --with-abi=m64 --with-multilib-list=m32,m64,mx32 --enable-multilib --with-tune=generic --enable-offload-targets=nvptx-none=/build/gcc-9-HskZEa/gcc-9-9.3.0/debian/tmp-nvptx/usr,hsa --without-cuda-driver --enable-checking=release --build=x86_64-linux-gnu --host=x86_64-linux-gnu --target=x86_64-linux-gnu
Thread model: posix
gcc version 9.3.0 (Ubuntu 9.3.0-17ubuntu1~20.04) 
configure:3571: $? = 0
configure:3560: gcc -V >&5
gcc: error: unrecognized command line option '-V'
gcc: fatal error: no input files
compilation terminated.
configure:3571: $? = 1
configure:3560: gcc -qversion >&5
gcc: error: unrecognized command line option '-qversion'; did you mean '--version'?
gcc: fatal error: no input files
compilation terminated.
configure:3571: $? = 1
configure:3591: checking whether the C compiler works
configure:3613: gcc -g -O2        conftest.c  >&5
configure:3617: $? = 0
configure:3665: result: yes
configure:3668: checking for C compiler default output file name
configure:3670: result: a.out
configure:3676: checking for suffix of executables
configure:3683: gcc -o conftest -g -O2        conftest.c  >&5
configure:3687: $? = 0
configure:3709: result: 
configure:3731: checking whether we are cross compiling
configure:3739: gcc -o conftest -g -O2        conftest.c  >&5
configure:3743: $? = 0
configure:3750: ./conftest
configure:3754: $? = 0
configure:3742: result: no
configure:3747: checking for suffix of object files
configure:3794: result: o
configure:3798: checking whether we are using the GNU C compiler
configure:3826: result: yes
configure:3835: checking whether gcc accepts -g
configure:3896: result: yes
configure:3913: checking for gcc option to accept ISO C89
configure:3989: result: none needed
configure:4014: checking whether gcc understands -c and -o together
configure:4051: result: yes
configure:4074: checking how to run the C preprocessor
configure:4144: result: gcc -E
configure:4164: gcc -E  conftest.c
configure:4164: $? = 0
configure:4178: gcc -E  conftest.c
conftest.c:11:10: fatal error: ac_nonexistent.h: No such file or directory
   11 | #include <ac_nonexistent.h>
      |          ^~~~~~~~~~~~~~~~~~
compilation terminated.
configure:4178: $? = 1
configure: failed program was:
| /* confdefs.h */
| #define PACKAGE_NAME "sim"
| #define PACKAGE_TARNAME "sim"
| #define PACKAGE_VERSION "0"
| #define PACKAGE_STRING "sim 0"
| #define PACKAGE_BUGREPORT "https://sourceware.org/bugzilla/enter_bug.cgi?product=gdb&component=sim"
| #define PACKAGE_URL "https://sourceware.org/gdb/wiki/Sim/"
| #define PKGVERSION "(SIM) "
| #define REPORT_BUGS_TO "<https://sourceware.org/bugzilla/enter_bug.cgi?product=gdb&component=sim>"
| /* end confdefs.h.  */
| #include <ac_nonexistent.h>
configure:4207: checking for grep that handles long lines and -e
configure:4265: result: /usr/bin/grep
configure:4270: checking for egrep
configure:4332: result: /usr/bin/grep -E
configure:4337: checking for ANSI C header files
configure:4441: result: yes
configure:4454: checking for sys/types.h
configure:4454: result: yes
configure:4454: checking for sys/stat.h
configure:4454: result: yes
configure:4454: checking for stdlib.h
configure:4454: result: yes
configure:4454: checking for string.h
configure:4454: result: yes
configure:4454: checking for memory.h
configure:4454: result: yes
configure:4454: checking for strings.h
configure:4454: result: yes
configure:4454: checking for inttypes.h
configure:4454: result: yes
configure:4454: checking for stdint.h
configure:4454: result: yes
configure:4454: checking for unistd.h
configure:4454: result: yes
configure:4467: checking for minix/config.h
configure:4467: result: no
configure:4488: checking whether it is safe to define __EXTENSIONS__
configure:4513: result: yes
configure:4551: checking for a BSD-compatible install
configure:4619: result: /usr/bin/install -c
configure:4634: checking whether byte ordering is bigendian
configure:4840: result: no
configure:4864: checking for x86_64-pc-linux-gnu-dtc
configure:4894: result: no
configure:4904: checking for dtc
configure:4934: result: no
configure:4977: checking for x86_64-pc-linux-gnu-ar
configure:5004: result: ar --plugin /usr/lib/gcc/x86_64-linux-gnu/9/liblto_plugin.so
configure:5069: checking for x86_64-pc-linux-gnu-ranlib
configure:5096: result: ranlib --plugin /usr/lib/gcc/x86_64-linux-gnu/9/liblto_plugin.so
configure:5169: checking for x86_64-pc-linux-gnu-pkg-config
configure:5199: result: /usr/bin/x86_64-pc-linux-gnu-pkg-config
configure:5267: checking pkg-config is at least version 0.9.0
configure:5270: result: yes
configure:5284: checking whether C11 is supported by default
configure:5294: gcc -c -g -O2      conftest.c >&5
configure:5294: $? = 0
configure:5295: result: yes
configure:5334: checking for dlfcn.h
configure:5334: result: yes
configure:5334: checking for fcntl.h
configure:5334: result: yes
configure:5334: checking for fpu_control.h
configure:5334: result: yes
configure:5334: checking for termios.h
configure:5334: result: yes
configure:5334: checking for unistd.h
configure:5334: result: yes
configure:5334: checking for utime.h
configure:5334: result: yes
configure:5334: checking for linux/if_tun.h
configure:5334: result: yes
configure:5334: checking for linux/mii.h
configure:5334: result: yes
configure:5334: checking for linux/types.h
configure:5334: result: yes
configure:5334: checking for net/if.h
configure:5334: result: yes
configure:5334: checking for netinet/in.h
configure:5334: result: yes
configure:5334: checking for netinet/tcp.h
configure:5334: result: yes
configure:5334: checking for sys/ioctl.h
configure:5334: result: yes
configure:5334: checking for sys/mman.h
configure:5334: result: yes
configure:5334: checking for sys/mount.h
configure:5334: result: yes
configure:5334: checking for sys/param.h
configure:5334: result: yes
configure:5334: checking for sys/resource.h
configure:5334: result: yes
configure:5334: checking for sys/socket.h
configure:5334: result: yes
configure:5334: checking for sys/stat.h
configure:5334: result: yes
configure:5334: checking for sys/statfs.h
configure:5334: result: yes
configure:5334: checking for sys/termio.h
configure:5334: result: no
configure:5334: checking for sys/termios.h
configure:5334: result: yes
configure:5334: checking for sys/types.h
configure:5334: result: yes
configure:5334: checking for sys/vfs.h
configure:5334: result: yes
configure:5399: checking for __setfpucw
configure:5399: result: no
configure:5399: checking for access
configure:5399: result: yes
configure:5399: checking for aint
configure:5399: result: no
configure:5399: checking for anint
configure:5399: result: no
configure:5399: checking for cfgetispeed
configure:5399: result: yes
configure:5399: checking for cfgetospeed
configure:5399: result: yes
configure:5399: checking for cfsetispeed
configure:5399: result: yes
configure:5399: checking for cfsetospeed
configure:5399: result: yes
configure:5399: checking for chdir
configure:5399: result: yes
configure:5399: checking for chmod
configure:5399: result: yes
configure:5399: checking for dup
configure:5399: result: yes
configure:5399: checking for dup2
configure:5399: result: yes
configure:5399: checking for execv
configure:5399: result: yes
configure:5399: checking for execve
configure:5399: result: yes
configure:5399: checking for fcntl
configure:5399: result: yes
configure:5399: checking for fork
configure:5399: result: yes
configure:5399: checking for fstat
configure:5399: result: yes
configure:5399: checking for fstatfs
configure:5399: result: yes
configure:5399: checking for ftruncate
configure:5399: result: yes
configure:5399: checking for getdirentries
configure:5399: result: yes
configure:5399: checking for getegid
configure:5399: result: yes
configure:5399: checking for geteuid
configure:5399: result: yes
configure:5399: checking for getgid
configure:5399: result: yes
configure:5399: checking for getpid
configure:5399: result: yes
configure:5399: checking for getppid
configure:5399: result: yes
configure:5399: checking for getrusage
configure:5399: result: yes
configure:5399: checking for gettimeofday
configure:5399: result: yes
configure:5399: checking for getuid
configure:5399: result: yes
configure:5399: checking for ioctl
configure:5399: result: yes
configure:5399: checking for kill
configure:5399: result: yes
configure:5399: checking for link
configure:5399: result: yes
configure:5399: checking for lseek
configure:5399: result: yes
configure:5399: checking for mmap
configure:5399: result: yes
configure:5399: checking for munmap
configure:5399: result: yes
configure:5399: checking for pipe
configure:5399: result: yes
configure:5399: checking for posix_fallocate
configure:5399: result: yes
configure:5399: checking for pread
configure:5399: result: yes
configure:5399: checking for rmdir
configure:5399: result: yes
configure:5399: checking for setregid
configure:5399: result: yes
configure:5399: checking for setreuid
configure:5399: result: yes
configure:5399: checking for setgid
configure:5399: result: yes
configure:5399: checking for setuid
configure:5399: result: yes
configure:5399: checking for sigaction
configure:5399: result: yes
configure:5399: checking for sigprocmask
configure:5399: result: yes
configure:5399: checking for sqrt
configure:5399: result: no
configure:5399: checking for stat
configure:5399: result: yes
configure:5399: checking for strsignal
configure:5399: result: yes
configure:5399: checking for symlink
configure:5399: result: yes
configure:5399: checking for tcdrain
configure:5399: result: yes
configure:5399: checking for tcflow
configure:5399: result: yes
configure:5399: checking for tcflush
configure:5399: result: yes
configure:5399: checking for tcgetattr
configure:5399: result: yes
configure:5399: checking for tcgetpgrp
configure:5399: result: yes
configure:5399: checking for tcsendbreak
configure:5399: result: yes
configure:5399: checking for tcsetattr
configure:5399: result: yes
configure:5399: checking for tcsetpgrp
configure:5399: result: yes
configure:5399: checking for time
configure:5399: result: yes
configure:5399: checking for truncate
configure:5399: result: yes
configure:5399: checking for umask
configure:5399: result: yes
configure:5399: checking for unlink
configure:5399: result: yes
configure:5399: checking for utime
configure:5399: result: yes
configure:5530: checking whether struct tm is in sys/time.h or time.h
configure:5557: result: time.h
configure:5565: checking for uid_t in sys/types.h
configure:5584: result: yes
configure:5641: checking how to print strings
configure:5668: result: printf
configure:5689: checking for a sed that does not truncate output
configure:5753: result: /usr/bin/sed
configure:5771: checking for fgrep
configure:5833: result: /usr/bin/grep -F
configure:5868: checking for ld used by gcc
configure:5935: result: ld
configure:5942: checking if the linker (ld) is GNU ld
configure:5957: result: yes
configure:5969: checking for BSD- or MS-compatible name lister (nm)
configure:6019: result: /usr/bin/nm -B
configure:6149: checking the name lister (/usr/bin/nm -B) interface
configure:6169: result: BSD nm
configure:6172: checking whether ln -s works
configure:6176: result: yes
configure:6184: checking the maximum length of command line arguments
configure:6309: result: 1572864
configure:6326: checking whether the shell understands some XSI constructs
configure:6335: result: yes
configure:6339: checking whether the shell understands "+="
configure:6343: result: yes
configure:6378: checking for ld option to reload object files
configure:6385: result: -r
configure:6414: checking for x86_64-pc-linux-gnu-objdump
configure:6441: result: objdump
configure:6513: checking how to recognize dependent libraries
configure:6714: result: pass_all
configure:6747: checking for x86_64-pc-linux-gnu-ar
configure:6774: result: ar --plugin /usr/lib/gcc/x86_64-linux-gnu/9/liblto_plugin.so
configure:6865: checking for x86_64-pc-linux-gnu-strip
configure:6895: result: no
configure:6905: checking for strip
configure:6932: result: strip
configure:6964: checking for x86_64-pc-linux-gnu-ranlib
configure:6991: result: ranlib --plugin /usr/lib/gcc/x86_64-linux-gnu/9/liblto_plugin.so
configure:7113: checking for gawk
configure:7140: result: mawk
configure:7180: checking command to parse /usr/bin/nm -B output from gcc object
configure:7403: result: ok
configure:7498: gcc -c -g -O2      conftest.c >&5
configure:7501: $? = 0
configure:8251: checking for dlfcn.h
configure:8251: result: yes
configure:8266: checking for dirent.h that defines DIR
configure:8293: result: yes
configure:8306: checking for library containing opendir
configure:8354: result: none required
configure:8424: checking for struct stat.st_blksize
configure:8424: result: yes
configure:8437: checking for struct stat.st_blocks
configure:8437: result: yes
configure:8457: checking for struct stat.st_rdev
configure:8457: result: yes
configure:8470: checking for struct tm.tm_zone
configure:8470: result: yes
configure:8538: checking for struct stat.st_dev
configure:8538: result: yes
configure:8553: checking for struct stat.st_ino
configure:8553: result: yes
configure:8568: checking for struct stat.st_mode
configure:8568: result: yes
configure:8583: checking for struct stat.st_nlink
configure:8583: result: yes
configure:8598: checking for struct stat.st_uid
configure:8598: result: yes
configure:8613: checking for struct stat.st_gid
configure:8613: result: yes
configure:8628: checking for struct stat.st_rdev
configure:8628: result: yes
configure:8643: checking for struct stat.st_size
configure:8643: result: yes
configure:8658: checking for struct stat.st_blksize
configure:8658: result: yes
configure:8673: checking for struct stat.st_blocks
configure:8673: result: yes
configure:8688: checking for struct stat.st_atime
configure:8688: result: yes
configure:8703: checking for struct stat.st_mtime
configure:8703: result: yes
configure:8718: checking for struct stat.st_ctime
configure:8718: result: yes
configure:8735: checking for __int128
configure:8735: result: yes
configure:8745: checking for socklen_t
configure:8745: result: yes
configure:8759: checking type of array argument to getgroups
configure:8818: result: gid_t
configure:8826: checking for mode_t
configure:8826: result: yes
configure:8837: checking for off_t
configure:8837: result: yes
configure:8848: checking for pid_t
configure:8848: result: yes
configure:8859: checking return type of signal handlers
configure:8884: result: void
configure:8892: checking for size_t
configure:8892: result: yes
configure:8903: checking for uid_t in sys/types.h
configure:8922: result: yes
configure:8948: checking whether NLS is requested
configure:8954: result: yes
configure:8960: checking for catalogs to be installed
configure:8992: result: 
configure:9028: checking for dlfcn.h
configure:9028: result: yes
configure:9041: checking for windows.h
configure:9041: result: no
configure:9068: checking for library containing dlsym
configure:9116: result: -ldl
configure:9309: checking for objdir
configure:9324: result: .libs
configure:9595: checking if gcc supports -fno-rtti -fno-exceptions
configure:9630: result: no
configure:9650: checking for gcc option to produce PIC
configure:9936: result: -fPIC -DPIC
configure:9948: checking if gcc PIC flag -fPIC -DPIC works
configure:9983: result: yes
configure:10007: checking if gcc static flag -static works
configure:10035: result: yes
configure:10050: checking if gcc supports -c -o file.o
configure:10097: result: yes
configure:10105: checking if gcc supports -c -o file.o
configure:10152: result: yes
configure:10185: checking whether the gcc linker (ld -m elf_x86_64) supports shared libraries
configure:11256: result: yes
configure:11293: checking whether -lc should be explicitly linked in
configure:11336: result: no
configure:11501: checking dynamic linker characteristics
configure:12164: result: GNU/Linux ld.so
configure:12271: checking how to hardcode library paths into programs
configure:12296: result: immediate
configure:12390: checking for shl_load
configure:12390: result: no
configure:12394: checking for shl_load in -ldld
configure:12428: result: no
configure:12433: checking for dlopen
configure:12433: result: yes
configure:12590: checking whether a program can dlopen itself
configure:12691: result: yes
configure:12696: checking whether a statically linked program can dlopen itself
configure:12797: result: no
configure:12836: checking whether stripping libraries is possible
configure:12841: result: yes
configure:12876: checking if libtool supports shared libraries
configure:12878: result: yes
configure:12881: checking whether to build shared libraries
configure:12902: result: yes
configure:12905: checking whether to build static libraries
configure:12909: result: yes
configure:12946: checking for bind in -lsocket
configure:12980: result: no
configure:12991: checking for gethostbyname in -lnsl
configure:13025: result: yes
configure:13036: checking for fabs in -lm
configure:13070: result: yes
configure:13081: checking for log2 in -lm
configure:13115: result: yes
configure:13127: checking for dlopen in -ldl
configure:13161: result: yes
configure:13175: checking for sdl2
configure:13182: $PKG_CONFIG --exists --print-errors "sdl2"
Package sdl2 was not found in the pkg-config search path.
Perhaps you should add the directory containing `sdl2.pc'
to the PKG_CONFIG_PATH environment variable
No package 'sdl2' found
configure:13185: $? = 1
configure:13199: $PKG_CONFIG --exists --print-errors "sdl2"
Package sdl2 was not found in the pkg-config search path.
Perhaps you should add the directory containing `sdl2.pc'
to the PKG_CONFIG_PATH environment variable
No package 'sdl2' found
configure:13202: $? = 1
configure:13240: result: no
No package 'sdl2' found
configure:13259: checking for sdl
configure:13266: $PKG_CONFIG --exists --print-errors "sdl"
Package sdl was not found in the pkg-config search path.
Perhaps you should add the directory containing `sdl.pc'
to the PKG_CONFIG_PATH environment variable
No package 'sdl' found
configure:13269: $? = 1
configure:13283: $PKG_CONFIG --exists --print-errors "sdl"
Package sdl was not found in the pkg-config search path.
Perhaps you should add the directory containing `sdl.pc'
to the PKG_CONFIG_PATH environment variable
No package 'sdl' found
configure:13286: $? = 1
configure:13324: result: no
No package 'sdl' found
configure:13473: checking for cygwin
configure:13494: result: no
configure:13497: checking for library containing tgetent
configure:13545: result: no
configure:13613: checking whether to enable maintainer-specific portions of Makefiles
configure:13622: result: no
configure:13637: checking whether build environment is sane
configure:13692: result: yes
configure:13828: checking for a thread-safe mkdir -p
configure:13867: result: /usr/bin/mkdir -p
configure:13870: checking whether make sets $(MAKE)
configure:13892: result: yes
configure:13922: checking for style of include used by make
configure:13950: result: GNU
configure:13984: checking whether make supports nested variables
configure:14001: result: yes
configure:14086: checking dependency style of gcc
configure:14197: result: gcc3
configure:14266: checking whether make supports nested variables
configure:14283: result: yes
configure:15604: checking whether to force sim alignment
configure:15621: result: no
configure:15625: checking whether to enable sim asserts
configure:15641: result: 1
configure:15677: checking for sim debug setting
configure:15700: result: 0
configure:15703: checking whether to force sim endianness
configure:15720: result: no
configure:15724: checking default sim environment setting
configure:15742: result: ALL_ENVIRONMENT
configure:15745: checking for sim hardware settings
configure:15772: result: yes
configure:15777: checking sim inline settings
configure:15805: result: -DDEFAULT_INLINE=0
configure:15810: checking for sim profile settings
configure:15844: result: -1
configure:15847: checking whether to check reserved bits in instruction
configure:15859: result: yes
configure:15872: checking for sim cache size
configure:15890: result: 16384
configure:15893: checking for sim stdio debug behavior
configure:15909: result: 0
configure:15912: checking for sim trace settings
configure:15939: result: ~TRACE_debug
configure:16014: checking compiler warning flags
configure:16035: gcc -c -g -O2     -Werror -Wall  conftest.c >&5
configure:16035: $? = 0
configure:16035: gcc -c -g -O2     -Werror -Wdeclaration-after-statement  conftest.c >&5
configure:16035: $? = 0
configure:16035: gcc -c -g -O2     -Werror -Wpointer-arith  conftest.c >&5
configure:16035: $? = 0
configure:16035: gcc -c -g -O2     -Werror -Wno-unused  conftest.c >&5
configure:16035: $? = 0
configure:16035: gcc -c -g -O2     -Werror -Wunused-value  conftest.c >&5
configure:16035: $? = 0
configure:16035: gcc -c -g -O2     -Werror -Wunused-function  conftest.c >&5
configure:16035: $? = 0
configure:16035: gcc -c -g -O2     -Werror -Wno-switch  conftest.c >&5
configure:16035: $? = 0
configure:16035: gcc -c -g -O2     -Werror -Wno-char-subscripts  conftest.c >&5
configure:16035: $? = 0
configure:16035: gcc -c -g -O2     -Werror -Wempty-body  conftest.c >&5
configure:16035: $? = 0
configure:16035: gcc -c -g -O2     -Werror -Wunused-but-set-parameter  conftest.c >&5
configure:16035: $? = 0
configure:16035: gcc -c -g -O2     -Werror -Wno-error=maybe-uninitialized  conftest.c >&5
configure:16035: $? = 0
configure:16035: gcc -c -g -O2     -Werror -Wmissing-declarations  conftest.c >&5
configure:16035: $? = 0
configure:16035: gcc -c -g -O2     -Werror -Wmissing-prototypes  conftest.c >&5
configure:16035: $? = 0
configure:16035: gcc -c -g -O2     -Werror -Wdeclaration-after-statement  conftest.c >&5
configure:16035: $? = 0
configure:16035: gcc -c -g -O2     -Werror -Wmissing-parameter-type  conftest.c >&5
configure:16035: $? = 0
configure:16035: gcc -c -g -O2     -Werror -Wpointer-sign  conftest.c >&5
configure:16035: $? = 0
configure:16035: gcc -c -g -O2     -Werror -Wold-style-declaration  conftest.c >&5
configure:16035: $? = 0
configure:16035: gcc -c -g -O2     -Werror -Wold-style-definition  conftest.c >&5
conftest.c: In function 'main':
conftest.c:155:1: error: old-style function definition [-Werror=old-style-definition]
  155 | main ()
      | ^~~~
cc1: all warnings being treated as errors
configure:16035: $? = 1
configure: failed program was:
| /* confdefs.h */
| #define PACKAGE_NAME "sim"
| #define PACKAGE_TARNAME "sim"
| #define PACKAGE_VERSION "0"
| #define PACKAGE_STRING "sim 0"
| #define PACKAGE_BUGREPORT "https://sourceware.org/bugzilla/enter_bug.cgi?product=gdb&component=sim"
| #define PACKAGE_URL "https://sourceware.org/gdb/wiki/Sim/"
| #define PKGVERSION "(SIM) "
| #define REPORT_BUGS_TO "<https://sourceware.org/bugzilla/enter_bug.cgi?product=gdb&component=sim>"
| #define STDC_HEADERS 1
| #define HAVE_SYS_TYPES_H 1
| #define HAVE_SYS_STAT_H 1
| #define HAVE_STDLIB_H 1
| #define HAVE_STRING_H 1
| #define HAVE_MEMORY_H 1
| #define HAVE_STRINGS_H 1
| #define HAVE_INTTYPES_H 1
| #define HAVE_STDINT_H 1
| #define HAVE_UNISTD_H 1
| #define __EXTENSIONS__ 1
| #define _ALL_SOURCE 1
| #define _GNU_SOURCE 1
| #define _POSIX_PTHREAD_SEMANTICS 1
| #define _TANDEM_SOURCE 1
| #define HAVE_DLFCN_H 1
| #define HAVE_FCNTL_H 1
| #define HAVE_FPU_CONTROL_H 1
| #define HAVE_TERMIOS_H 1
| #define HAVE_UNISTD_H 1
| #define HAVE_UTIME_H 1
| #define HAVE_LINUX_IF_TUN_H 1
| #define HAVE_LINUX_MII_H 1
| #define HAVE_LINUX_TYPES_H 1
| #define HAVE_NET_IF_H 1
| #define HAVE_NETINET_IN_H 1
| #define HAVE_NETINET_TCP_H 1
| #define HAVE_SYS_IOCTL_H 1
| #define HAVE_SYS_MMAN_H 1
| #define HAVE_SYS_MOUNT_H 1
| #define HAVE_SYS_PARAM_H 1
| #define HAVE_SYS_RESOURCE_H 1
| #define HAVE_SYS_SOCKET_H 1
| #define HAVE_SYS_STAT_H 1
| #define HAVE_SYS_STATFS_H 1
| #define HAVE_SYS_TERMIOS_H 1
| #define HAVE_SYS_TYPES_H 1
| #define HAVE_SYS_VFS_H 1
| #define HAVE_ACCESS 1
| #define HAVE_CFGETISPEED 1
| #define HAVE_CFGETOSPEED 1
| #define HAVE_CFSETISPEED 1
| #define HAVE_CFSETOSPEED 1
| #define HAVE_CHDIR 1
| #define HAVE_CHMOD 1
| #define HAVE_DUP 1
| #define HAVE_DUP2 1
| #define HAVE_EXECV 1
| #define HAVE_EXECVE 1
| #define HAVE_FCNTL 1
| #define HAVE_FORK 1
| #define HAVE_FSTAT 1
| #define HAVE_FSTATFS 1
| #define HAVE_FTRUNCATE 1
| #define HAVE_GETDIRENTRIES 1
| #define HAVE_GETEGID 1
| #define HAVE_GETEUID 1
| #define HAVE_GETGID 1
| #define HAVE_GETPID 1
| #define HAVE_GETPPID 1
| #define HAVE_GETRUSAGE 1
| #define HAVE_GETTIMEOFDAY 1
| #define HAVE_GETUID 1
| #define HAVE_IOCTL 1
| #define HAVE_KILL 1
| #define HAVE_LINK 1
| #define HAVE_LSEEK 1
| #define HAVE_MMAP 1
| #define HAVE_MUNMAP 1
| #define HAVE_PIPE 1
| #define HAVE_POSIX_FALLOCATE 1
| #define HAVE_PREAD 1
| #define HAVE_RMDIR 1
| #define HAVE_SETREGID 1
| #define HAVE_SETREUID 1
| #define HAVE_SETGID 1
| #define HAVE_SETUID 1
| #define HAVE_SIGACTION 1
| #define HAVE_SIGPROCMASK 1
| #define HAVE_STAT 1
| #define HAVE_STRSIGNAL 1
| #define HAVE_SYMLINK 1
| #define HAVE_TCDRAIN 1
| #define HAVE_TCFLOW 1
| #define HAVE_TCFLUSH 1
| #define HAVE_TCGETATTR 1
| #define HAVE_TCGETPGRP 1
| #define HAVE_TCSENDBREAK 1
| #define HAVE_TCSETATTR 1
| #define HAVE_TCSETPGRP 1
| #define HAVE_TIME 1
| #define HAVE_TRUNCATE 1
| #define HAVE_UMASK 1
| #define HAVE_UNLINK 1
| #define HAVE_UTIME 1
| #define HAVE_DLFCN_H 1
| #define HAVE_DIRENT_H 1
| #define HAVE_STRUCT_STAT_ST_BLKSIZE 1
| #define HAVE_ST_BLKSIZE 1
| #define HAVE_STRUCT_STAT_ST_BLOCKS 1
| #define HAVE_ST_BLOCKS 1
| #define HAVE_STRUCT_STAT_ST_RDEV 1
| #define HAVE_ST_RDEV 1
| #define HAVE_STRUCT_TM_TM_ZONE 1
| #define HAVE_TM_ZONE 1
| #define HAVE_STRUCT_STAT_ST_DEV 1
| #define HAVE_STRUCT_STAT_ST_INO 1
| #define HAVE_STRUCT_STAT_ST_MODE 1
| #define HAVE_STRUCT_STAT_ST_NLINK 1
| #define HAVE_STRUCT_STAT_ST_UID 1
| #define HAVE_STRUCT_STAT_ST_GID 1
| #define HAVE_STRUCT_STAT_ST_RDEV 1
| #define HAVE_STRUCT_STAT_ST_SIZE 1
| #define HAVE_STRUCT_STAT_ST_BLKSIZE 1
| #define HAVE_STRUCT_STAT_ST_BLOCKS 1
| #define HAVE_STRUCT_STAT_ST_ATIME 1
| #define HAVE_STRUCT_STAT_ST_MTIME 1
| #define HAVE_STRUCT_STAT_ST_CTIME 1
| #define HAVE___INT128 1
| #define HAVE_SOCKLEN_T 1
| #define GETGROUPS_T gid_t
| #define RETSIGTYPE void
| #define ENABLE_NLS 1
| #define HAVE_DLFCN_H 1
| #define LT_OBJDIR ".libs/"
| #define HAVE_LIBNSL 1
| #define HAVE_LIBM 1
| #define HAVE_LIBM 1
| #define HAVE_LIBDL 1
| #define PACKAGE "sim"
| #define VERSION "0"
| #define WITH_ALIGNMENT 0
| #define WITH_ASSERT 1
| #define WITH_DEBUG 0
| #define WITH_TARGET_BYTE_ORDER BFD_ENDIAN_UNKNOWN
| #define WITH_ENVIRONMENT ALL_ENVIRONMENT
| #define PROFILE 1
| #define WITH_PROFILE -1
| #define WITH_RESERVED_BITS 1
| #define WITH_SCACHE 16384
| #define WITH_STDIO 0
| #define WITH_TRACE ~TRACE_debug
| /* end confdefs.h.  */
| 
| int
| main ()
| {
| 
|   ;
|   return 0;
| }
configure:16035: gcc -c -g -O2     -Werror -Wformat-nonliteral  conftest.c >&5
configure:16035: $? = 0
configure:16042: result:  -Wall -Wdeclaration-after-statement -Wpointer-arith -Wno-unused -Wunused-value -Wunused-function -Wno-switch -Wno-char-subscripts -Wempty-body -Wunused-but-set-parameter -Wno-error=maybe-uninitialized -Wmissing-declarations -Wmissing-prototypes -Wdeclaration-after-statement -Wmissing-parameter-type -Wpointer-sign -Wold-style-declaration -Wformat-nonliteral -Werror
configure:16050: checking whether sim frv should dump cpu state on unknown traps
configure:16066: result: no
configure:16071: checking whether sim rx should be cycle accurate
configure:16083: result: yes
configure:16204: checking that generated files are newer than configure
configure:16210: result: done
configure:16369: creating ./config.status

## ---------------------- ##
## Running config.status. ##
## ---------------------- ##

This file was extended by sim config.status 0, which was
generated by GNU Autoconf 2.69.  Invocation command line was

  CONFIG_FILES    = 
  CONFIG_HEADERS  = 
  CONFIG_LINKS    = 
  CONFIG_COMMANDS = 
  $ ./config.status 

on ubuntu

config.status:1548: creating Make-common.sim
config.status:1548: creating arch-subdir.mk
config.status:1548: creating Makefile
config.status:1548: creating config.h
config.status:1729: config.h is unchanged
config.status:1777: executing libtool commands
config.status:1777: executing depfiles commands

## ---------------- ##
## Cache variables. ##
## ---------------- ##

ac_cv_build=x86_64-pc-linux-gnu
ac_cv_c_bigendian=no
ac_cv_c_compiler_gnu=yes
ac_cv_env_AS_FOR_TARGET_AARCH64_set=
ac_cv_env_AS_FOR_TARGET_AARCH64_value=
ac_cv_env_AS_FOR_TARGET_ARM_set=
ac_cv_env_AS_FOR_TARGET_ARM_value=
ac_cv_env_AS_FOR_TARGET_AVR_set=
ac_cv_env_AS_FOR_TARGET_AVR_value=
ac_cv_env_AS_FOR_TARGET_BFIN_set=
ac_cv_env_AS_FOR_TARGET_BFIN_value=
ac_cv_env_AS_FOR_TARGET_BPF_set=
ac_cv_env_AS_FOR_TARGET_BPF_value=
ac_cv_env_AS_FOR_TARGET_CR16_set=
ac_cv_env_AS_FOR_TARGET_CR16_value=
ac_cv_env_AS_FOR_TARGET_CRIS_set=
ac_cv_env_AS_FOR_TARGET_CRIS_value=
ac_cv_env_AS_FOR_TARGET_D10V_set=
ac_cv_env_AS_FOR_TARGET_D10V_value=
ac_cv_env_AS_FOR_TARGET_ERC32_set=
ac_cv_env_AS_FOR_TARGET_ERC32_value=
ac_cv_env_AS_FOR_TARGET_EXAMPLE_SYNACOR_set=
ac_cv_env_AS_FOR_TARGET_EXAMPLE_SYNACOR_value=
ac_cv_env_AS_FOR_TARGET_FRV_set=
ac_cv_env_AS_FOR_TARGET_FRV_value=
ac_cv_env_AS_FOR_TARGET_FT32_set=
ac_cv_env_AS_FOR_TARGET_FT32_value=
ac_cv_env_AS_FOR_TARGET_H8300_set=
ac_cv_env_AS_FOR_TARGET_H8300_value=
ac_cv_env_AS_FOR_TARGET_IQ2000_set=
ac_cv_env_AS_FOR_TARGET_IQ2000_value=
ac_cv_env_AS_FOR_TARGET_LM32_set=
ac_cv_env_AS_FOR_TARGET_LM32_value=
ac_cv_env_AS_FOR_TARGET_M32C_set=
ac_cv_env_AS_FOR_TARGET_M32C_value=
ac_cv_env_AS_FOR_TARGET_M32R_set=
ac_cv_env_AS_FOR_TARGET_M32R_value=
ac_cv_env_AS_FOR_TARGET_M68HC11_set=
ac_cv_env_AS_FOR_TARGET_M68HC11_value=
ac_cv_env_AS_FOR_TARGET_MCORE_set=
ac_cv_env_AS_FOR_TARGET_MCORE_value=
ac_cv_env_AS_FOR_TARGET_MICROBLAZE_set=
ac_cv_env_AS_FOR_TARGET_MICROBLAZE_value=
ac_cv_env_AS_FOR_TARGET_MIPS_set=
ac_cv_env_AS_FOR_TARGET_MIPS_value=
ac_cv_env_AS_FOR_TARGET_MN10300_set=
ac_cv_env_AS_FOR_TARGET_MN10300_value=
ac_cv_env_AS_FOR_TARGET_MOXIE_set=
ac_cv_env_AS_FOR_TARGET_MOXIE_value=
ac_cv_env_AS_FOR_TARGET_MSP430_set=
ac_cv_env_AS_FOR_TARGET_MSP430_value=
ac_cv_env_AS_FOR_TARGET_OR1K_set=
ac_cv_env_AS_FOR_TARGET_OR1K_value=
ac_cv_env_AS_FOR_TARGET_PPC_set=
ac_cv_env_AS_FOR_TARGET_PPC_value=
ac_cv_env_AS_FOR_TARGET_PRU_set=
ac_cv_env_AS_FOR_TARGET_PRU_value=
ac_cv_env_AS_FOR_TARGET_RISCV_set=
ac_cv_env_AS_FOR_TARGET_RISCV_value=
ac_cv_env_AS_FOR_TARGET_RL78_set=
ac_cv_env_AS_FOR_TARGET_RL78_value=
ac_cv_env_AS_FOR_TARGET_RX_set=
ac_cv_env_AS_FOR_TARGET_RX_value=
ac_cv_env_AS_FOR_TARGET_SH_set=
ac_cv_env_AS_FOR_TARGET_SH_value=
ac_cv_env_AS_FOR_TARGET_V850_set=
ac_cv_env_AS_FOR_TARGET_V850_value=
ac_cv_env_CC_FOR_TARGET_AARCH64_set=
ac_cv_env_CC_FOR_TARGET_AARCH64_value=
ac_cv_env_CC_FOR_TARGET_ARM_set=
ac_cv_env_CC_FOR_TARGET_ARM_value=
ac_cv_env_CC_FOR_TARGET_AVR_set=
ac_cv_env_CC_FOR_TARGET_AVR_value=
ac_cv_env_CC_FOR_TARGET_BFIN_set=
ac_cv_env_CC_FOR_TARGET_BFIN_value=
ac_cv_env_CC_FOR_TARGET_BPF_set=
ac_cv_env_CC_FOR_TARGET_BPF_value=
ac_cv_env_CC_FOR_TARGET_CR16_set=
ac_cv_env_CC_FOR_TARGET_CR16_value=
ac_cv_env_CC_FOR_TARGET_CRIS_set=
ac_cv_env_CC_FOR_TARGET_CRIS_value=
ac_cv_env_CC_FOR_TARGET_D10V_set=
ac_cv_env_CC_FOR_TARGET_D10V_value=
ac_cv_env_CC_FOR_TARGET_ERC32_set=
ac_cv_env_CC_FOR_TARGET_ERC32_value=
ac_cv_env_CC_FOR_TARGET_EXAMPLE_SYNACOR_set=
ac_cv_env_CC_FOR_TARGET_EXAMPLE_SYNACOR_value=
ac_cv_env_CC_FOR_TARGET_FRV_set=
ac_cv_env_CC_FOR_TARGET_FRV_value=
ac_cv_env_CC_FOR_TARGET_FT32_set=
ac_cv_env_CC_FOR_TARGET_FT32_value=
ac_cv_env_CC_FOR_TARGET_H8300_set=
ac_cv_env_CC_FOR_TARGET_H8300_value=
ac_cv_env_CC_FOR_TARGET_IQ2000_set=
ac_cv_env_CC_FOR_TARGET_IQ2000_value=
ac_cv_env_CC_FOR_TARGET_LM32_set=
ac_cv_env_CC_FOR_TARGET_LM32_value=
ac_cv_env_CC_FOR_TARGET_M32C_set=
ac_cv_env_CC_FOR_TARGET_M32C_value=
ac_cv_env_CC_FOR_TARGET_M32R_set=
ac_cv_env_CC_FOR_TARGET_M32R_value=
ac_cv_env_CC_FOR_TARGET_M68HC11_set=
ac_cv_env_CC_FOR_TARGET_M68HC11_value=
ac_cv_env_CC_FOR_TARGET_MCORE_set=
ac_cv_env_CC_FOR_TARGET_MCORE_value=
ac_cv_env_CC_FOR_TARGET_MICROBLAZE_set=
ac_cv_env_CC_FOR_TARGET_MICROBLAZE_value=
ac_cv_env_CC_FOR_TARGET_MIPS_set=
ac_cv_env_CC_FOR_TARGET_MIPS_value=
ac_cv_env_CC_FOR_TARGET_MN10300_set=
ac_cv_env_CC_FOR_TARGET_MN10300_value=
ac_cv_env_CC_FOR_TARGET_MOXIE_set=
ac_cv_env_CC_FOR_TARGET_MOXIE_value=
ac_cv_env_CC_FOR_TARGET_MSP430_set=
ac_cv_env_CC_FOR_TARGET_MSP430_value=
ac_cv_env_CC_FOR_TARGET_OR1K_set=
ac_cv_env_CC_FOR_TARGET_OR1K_value=
ac_cv_env_CC_FOR_TARGET_PPC_set=
ac_cv_env_CC_FOR_TARGET_PPC_value=
ac_cv_env_CC_FOR_TARGET_PRU_set=
ac_cv_env_CC_FOR_TARGET_PRU_value=
ac_cv_env_CC_FOR_TARGET_RISCV_set=
ac_cv_env_CC_FOR_TARGET_RISCV_value=
ac_cv_env_CC_FOR_TARGET_RL78_set=
ac_cv_env_CC_FOR_TARGET_RL78_value=
ac_cv_env_CC_FOR_TARGET_RX_set=
ac_cv_env_CC_FOR_TARGET_RX_value=
ac_cv_env_CC_FOR_TARGET_SH_set=
ac_cv_env_CC_FOR_TARGET_SH_value=
ac_cv_env_CC_FOR_TARGET_V850_set=
ac_cv_env_CC_FOR_TARGET_V850_value=
ac_cv_env_CC_set=set
ac_cv_env_CC_value=gcc
ac_cv_env_CFLAGS_set=set
ac_cv_env_CFLAGS_value='-g -O2    '
ac_cv_env_CPPFLAGS_set=
ac_cv_env_CPPFLAGS_value=
ac_cv_env_CPP_set=
ac_cv_env_CPP_value=
ac_cv_env_LDFLAGS_set=set
ac_cv_env_LDFLAGS_value=' '
ac_cv_env_LD_FOR_TARGET_AARCH64_set=
ac_cv_env_LD_FOR_TARGET_AARCH64_value=
ac_cv_env_LD_FOR_TARGET_ARM_set=
ac_cv_env_LD_FOR_TARGET_ARM_value=
ac_cv_env_LD_FOR_TARGET_AVR_set=
ac_cv_env_LD_FOR_TARGET_AVR_value=
ac_cv_env_LD_FOR_TARGET_BFIN_set=
ac_cv_env_LD_FOR_TARGET_BFIN_value=
ac_cv_env_LD_FOR_TARGET_BPF_set=
ac_cv_env_LD_FOR_TARGET_BPF_value=
ac_cv_env_LD_FOR_TARGET_CR16_set=
ac_cv_env_LD_FOR_TARGET_CR16_value=
ac_cv_env_LD_FOR_TARGET_CRIS_set=
ac_cv_env_LD_FOR_TARGET_CRIS_value=
ac_cv_env_LD_FOR_TARGET_D10V_set=
ac_cv_env_LD_FOR_TARGET_D10V_value=
ac_cv_env_LD_FOR_TARGET_ERC32_set=
ac_cv_env_LD_FOR_TARGET_ERC32_value=
ac_cv_env_LD_FOR_TARGET_EXAMPLE_SYNACOR_set=
ac_cv_env_LD_FOR_TARGET_EXAMPLE_SYNACOR_value=
ac_cv_env_LD_FOR_TARGET_FRV_set=
ac_cv_env_LD_FOR_TARGET_FRV_value=
ac_cv_env_LD_FOR_TARGET_FT32_set=
ac_cv_env_LD_FOR_TARGET_FT32_value=
ac_cv_env_LD_FOR_TARGET_H8300_set=
ac_cv_env_LD_FOR_TARGET_H8300_value=
ac_cv_env_LD_FOR_TARGET_IQ2000_set=
ac_cv_env_LD_FOR_TARGET_IQ2000_value=
ac_cv_env_LD_FOR_TARGET_LM32_set=
ac_cv_env_LD_FOR_TARGET_LM32_value=
ac_cv_env_LD_FOR_TARGET_M32C_set=
ac_cv_env_LD_FOR_TARGET_M32C_value=
ac_cv_env_LD_FOR_TARGET_M32R_set=
ac_cv_env_LD_FOR_TARGET_M32R_value=
ac_cv_env_LD_FOR_TARGET_M68HC11_set=
ac_cv_env_LD_FOR_TARGET_M68HC11_value=
ac_cv_env_LD_FOR_TARGET_MCORE_set=
ac_cv_env_LD_FOR_TARGET_MCORE_value=
ac_cv_env_LD_FOR_TARGET_MICROBLAZE_set=
ac_cv_env_LD_FOR_TARGET_MICROBLAZE_value=
ac_cv_env_LD_FOR_TARGET_MIPS_set=
ac_cv_env_LD_FOR_TARGET_MIPS_value=
ac_cv_env_LD_FOR_TARGET_MN10300_set=
ac_cv_env_LD_FOR_TARGET_MN10300_value=
ac_cv_env_LD_FOR_TARGET_MOXIE_set=
ac_cv_env_LD_FOR_TARGET_MOXIE_value=
ac_cv_env_LD_FOR_TARGET_MSP430_set=
ac_cv_env_LD_FOR_TARGET_MSP430_value=
ac_cv_env_LD_FOR_TARGET_OR1K_set=
ac_cv_env_LD_FOR_TARGET_OR1K_value=
ac_cv_env_LD_FOR_TARGET_PPC_set=
ac_cv_env_LD_FOR_TARGET_PPC_value=
ac_cv_env_LD_FOR_TARGET_PRU_set=
ac_cv_env_LD_FOR_TARGET_PRU_value=
ac_cv_env_LD_FOR_TARGET_RISCV_set=
ac_cv_env_LD_FOR_TARGET_RISCV_value=
ac_cv_env_LD_FOR_TARGET_RL78_set=
ac_cv_env_LD_FOR_TARGET_RL78_value=
ac_cv_env_LD_FOR_TARGET_RX_set=
ac_cv_env_LD_FOR_TARGET_RX_value=
ac_cv_env_LD_FOR_TARGET_SH_set=
ac_cv_env_LD_FOR_TARGET_SH_value=
ac_cv_env_LD_FOR_TARGET_V850_set=
ac_cv_env_LD_FOR_TARGET_V850_value=
ac_cv_env_LIBS_set=
ac_cv_env_LIBS_value=
ac_cv_env_PKG_CONFIG_LIBDIR_set=
ac_cv_env_PKG_CONFIG_LIBDIR_value=
ac_cv_env_PKG_CONFIG_PATH_set=
ac_cv_env_PKG_CONFIG_PATH_value=
ac_cv_env_PKG_CONFIG_set=
ac_cv_env_PKG_CONFIG_value=
ac_cv_env_SDL_CFLAGS_set=
ac_cv_env_SDL_CFLAGS_value=
ac_cv_env_SDL_LIBS_set=
ac_cv_env_SDL_LIBS_value=
ac_cv_env_build_alias_set=set
ac_cv_env_build_alias_value=x86_64-pc-linux-gnu
ac_cv_env_host_alias_set=set
ac_cv_env_host_alias_value=x86_64-pc-linux-gnu
ac_cv_env_target_alias_set=set
ac_cv_env_target_alias_value=x86_64-pc-linux-gnu
ac_cv_func___setfpucw=no
ac_cv_func_access=yes
ac_cv_func_aint=no
ac_cv_func_anint=no
ac_cv_func_cfgetispeed=yes
ac_cv_func_cfgetospeed=yes
ac_cv_func_cfsetispeed=yes
ac_cv_func_cfsetospeed=yes
ac_cv_func_chdir=yes
ac_cv_func_chmod=yes
ac_cv_func_dlopen=yes
ac_cv_func_dup2=yes
ac_cv_func_dup=yes
ac_cv_func_execv=yes
ac_cv_func_execve=yes
ac_cv_func_fcntl=yes
ac_cv_func_fork=yes
ac_cv_func_fstat=yes
ac_cv_func_fstatfs=yes
ac_cv_func_ftruncate=yes
ac_cv_func_getdirentries=yes
ac_cv_func_getegid=yes
ac_cv_func_geteuid=yes
ac_cv_func_getgid=yes
ac_cv_func_getpid=yes
ac_cv_func_getppid=yes
ac_cv_func_getrusage=yes
ac_cv_func_gettimeofday=yes
ac_cv_func_getuid=yes
ac_cv_func_ioctl=yes
ac_cv_func_kill=yes
ac_cv_func_link=yes
ac_cv_func_lseek=yes
ac_cv_func_mmap=yes
ac_cv_func_munmap=yes
ac_cv_func_pipe=yes
ac_cv_func_posix_fallocate=yes
ac_cv_func_pread=yes
ac_cv_func_rmdir=yes
ac_cv_func_setgid=yes
ac_cv_func_setregid=yes
ac_cv_func_setreuid=yes
ac_cv_func_setuid=yes
ac_cv_func_shl_load=no
ac_cv_func_sigaction=yes
ac_cv_func_sigprocmask=yes
ac_cv_func_sqrt=no
ac_cv_func_stat=yes
ac_cv_func_strsignal=yes
ac_cv_func_symlink=yes
ac_cv_func_tcdrain=yes
ac_cv_func_tcflow=yes
ac_cv_func_tcflush=yes
ac_cv_func_tcgetattr=yes
ac_cv_func_tcgetpgrp=yes
ac_cv_func_tcsendbreak=yes
ac_cv_func_tcsetattr=yes
ac_cv_func_tcsetpgrp=yes
ac_cv_func_time=yes
ac_cv_func_truncate=yes
ac_cv_func_umask=yes
ac_cv_func_unlink=yes
ac_cv_func_utime=yes
ac_cv_header_dirent_dirent_h=yes
ac_cv_header_dlfcn_h=yes
ac_cv_header_fcntl_h=yes
ac_cv_header_fpu_control_h=yes
ac_cv_header_inttypes_h=yes
ac_cv_header_linux_if_tun_h=yes
ac_cv_header_linux_mii_h=yes
ac_cv_header_linux_types_h=yes
ac_cv_header_memory_h=yes
ac_cv_header_minix_config_h=no
ac_cv_header_net_if_h=yes
ac_cv_header_netinet_in_h=yes
ac_cv_header_netinet_tcp_h=yes
ac_cv_header_stdc=yes
ac_cv_header_stdint_h=yes
ac_cv_header_stdlib_h=yes
ac_cv_header_string_h=yes
ac_cv_header_strings_h=yes
ac_cv_header_sys_ioctl_h=yes
ac_cv_header_sys_mman_h=yes
ac_cv_header_sys_mount_h=yes
ac_cv_header_sys_param_h=yes
ac_cv_header_sys_resource_h=yes
ac_cv_header_sys_socket_h=yes
ac_cv_header_sys_stat_h=yes
ac_cv_header_sys_statfs_h=yes
ac_cv_header_sys_termio_h=no
ac_cv_header_sys_termios_h=yes
ac_cv_header_sys_types_h=yes
ac_cv_header_sys_vfs_h=yes
ac_cv_header_termios_h=yes
ac_cv_header_unistd_h=yes
ac_cv_header_utime_h=yes
ac_cv_header_windows_h=no
ac_cv_host=x86_64-pc-linux-gnu
ac_cv_lib_dl_dlopen=yes
ac_cv_lib_dld_shl_load=no
ac_cv_lib_m_fabs=yes
ac_cv_lib_m_log2=yes
ac_cv_lib_nsl_gethostbyname=yes
ac_cv_lib_socket_bind=no
ac_cv_member_struct_stat_st_atime=yes
ac_cv_member_struct_stat_st_blksize=yes
ac_cv_member_struct_stat_st_blocks=yes
ac_cv_member_struct_stat_st_ctime=yes
ac_cv_member_struct_stat_st_dev=yes
ac_cv_member_struct_stat_st_gid=yes
ac_cv_member_struct_stat_st_ino=yes
ac_cv_member_struct_stat_st_mode=yes
ac_cv_member_struct_stat_st_mtime=yes
ac_cv_member_struct_stat_st_nlink=yes
ac_cv_member_struct_stat_st_rdev=yes
ac_cv_member_struct_stat_st_size=yes
ac_cv_member_struct_stat_st_uid=yes
ac_cv_member_struct_tm_tm_zone=yes
ac_cv_objext=o
ac_cv_path_EGREP='/usr/bin/grep -E'
ac_cv_path_FGREP='/usr/bin/grep -F'
ac_cv_path_GREP=/usr/bin/grep
ac_cv_path_PKG_CONFIG=/usr/bin/x86_64-pc-linux-gnu-pkg-config
ac_cv_path_SED=/usr/bin/sed
ac_cv_path_mkdir=/usr/bin/mkdir
ac_cv_prog_AR='ar --plugin /usr/lib/gcc/x86_64-linux-gnu/9/liblto_plugin.so'
ac_cv_prog_AWK=mawk
ac_cv_prog_CC=gcc
ac_cv_prog_CPP='gcc -E'
ac_cv_prog_OBJDUMP=objdump
ac_cv_prog_RANLIB='ranlib --plugin /usr/lib/gcc/x86_64-linux-gnu/9/liblto_plugin.so'
ac_cv_prog_ac_ct_STRIP=strip
ac_cv_prog_cc_c89=
ac_cv_prog_cc_g=yes
ac_cv_prog_make_make_set=yes
ac_cv_safe_to_define___extensions__=yes
ac_cv_search_dlsym=-ldl
ac_cv_search_opendir='none required'
ac_cv_search_tgetent=no
ac_cv_struct_tm=time.h
ac_cv_target=x86_64-pc-linux-gnu
ac_cv_type___int128=yes
ac_cv_type_getgroups=gid_t
ac_cv_type_mode_t=yes
ac_cv_type_off_t=yes
ac_cv_type_pid_t=yes
ac_cv_type_signal=void
ac_cv_type_size_t=yes
ac_cv_type_socklen_t=yes
ac_cv_type_uid_t=yes
am_cv_CC_dependencies_compiler_type=gcc3
am_cv_make_support_nested_variables=yes
am_cv_prog_cc_c_o=yes
lt_cv_archive_cmds_need_lc=no
lt_cv_deplibs_check_method=pass_all
lt_cv_dlopen=dlopen
lt_cv_dlopen_libs=
lt_cv_dlopen_self=yes
lt_cv_dlopen_self_static=no
lt_cv_file_magic_cmd='$MAGIC_CMD'
lt_cv_file_magic_test_file=
lt_cv_ld_reload_flag=-r
lt_cv_nm_interface='BSD nm'
lt_cv_objdir=.libs
lt_cv_path_LD=ld
lt_cv_path_NM='/usr/bin/nm -B'
lt_cv_prog_compiler_c_o=yes
lt_cv_prog_compiler_pic_works=yes
lt_cv_prog_compiler_rtti_exceptions=no
lt_cv_prog_compiler_static_works=yes
lt_cv_prog_gnu_ld=yes
lt_cv_shlibpath_overrides_runpath=yes
lt_cv_sys_global_symbol_pipe='sed -n -e '\''s/^.*[	 ]\([ABCDGIRSTW][ABCDGIRSTW]*\)[	 ][	 ]*\([_A-Za-z][_A-Za-z0-9]*\)$/\1 \2 \2/p'\'''
lt_cv_sys_global_symbol_to_c_name_address='sed -n -e '\''s/^: \([^ ]*\) $/  {\"\1\", (void *) 0},/p'\'' -e '\''s/^[ABCDGIRSTW]* \([^ ]*\) \([^ ]*\)$/  {"\2", (void *) \&\2},/p'\'''
lt_cv_sys_global_symbol_to_c_name_address_lib_prefix='sed -n -e '\''s/^: \([^ ]*\) $/  {\"\1\", (void *) 0},/p'\'' -e '\''s/^[ABCDGIRSTW]* \([^ ]*\) \(lib[^ ]*\)$/  {"\2", (void *) \&\2},/p'\'' -e '\''s/^[ABCDGIRSTW]* \([^ ]*\) \([^ ]*\)$/  {"lib\2", (void *) \&\2},/p'\'''
lt_cv_sys_global_symbol_to_cdecl='sed -n -e '\''s/^T .* \(.*\)$/extern int \1();/p'\'' -e '\''s/^[ABCDGIRSTW]* .* \(.*\)$/extern char \1;/p'\'''
lt_cv_sys_max_cmd_len=1572864
sim_cv_os_cygwin=no

## ----------------- ##
## Output variables. ##
## ----------------- ##

ACLOCAL='${SHELL} /home/rjhd/Desktop/insight/bundle/missing aclocal-1.15'
AMDEPBACKSLASH='\'
AMDEP_FALSE='#'
AMDEP_TRUE=''
AMTAR='$${TAR-tar}'
AM_BACKSLASH='\'
AM_DEFAULT_V='$(AM_DEFAULT_VERBOSITY)'
AM_DEFAULT_VERBOSITY='0'
AM_V='$(V)'
AR='ar --plugin /usr/lib/gcc/x86_64-linux-gnu/9/liblto_plugin.so --plugin /usr/lib/gcc/x86_64-linux-gnu/9/liblto_plugin.so'
AR_FOR_BUILD='$(AR)'
AS_FOR_TARGET_AARCH64=''
AS_FOR_TARGET_ARM=''
AS_FOR_TARGET_AVR=''
AS_FOR_TARGET_BFIN=''
AS_FOR_TARGET_BPF=''
AS_FOR_TARGET_CR16=''
AS_FOR_TARGET_CRIS=''
AS_FOR_TARGET_D10V=''
AS_FOR_TARGET_ERC32=''
AS_FOR_TARGET_EXAMPLE_SYNACOR=''
AS_FOR_TARGET_FRV=''
AS_FOR_TARGET_FT32=''
AS_FOR_TARGET_H8300=''
AS_FOR_TARGET_IQ2000=''
AS_FOR_TARGET_LM32=''
AS_FOR_TARGET_M32C=''
AS_FOR_TARGET_M32R=''
AS_FOR_TARGET_M68HC11=''
AS_FOR_TARGET_MCORE=''
AS_FOR_TARGET_MICROBLAZE=''
AS_FOR_TARGET_MIPS=''
AS_FOR_TARGET_MN10300=''
AS_FOR_TARGET_MOXIE=''
AS_FOR_TARGET_MSP430=''
AS_FOR_TARGET_OR1K=''
AS_FOR_TARGET_PPC=''
AS_FOR_TARGET_PRU=''
AS_FOR_TARGET_RISCV=''
AS_FOR_TARGET_RL78=''
AS_FOR_TARGET_RX=''
AS_FOR_TARGET_SH=''
AS_FOR_TARGET_V850=''
AUTOCONF='${SHELL} /home/rjhd/Desktop/insight/bundle/missing autoconf'
AUTOHEADER='${SHELL} /home/rjhd/Desktop/insight/bundle/missing autoheader'
AUTOMAKE='${SHELL} /home/rjhd/Desktop/insight/bundle/missing automake-1.15'
AWK='mawk'
CATALOGS=''
CATOBJEXT='.gmo'
CC='gcc'
CCDEPMODE='depmode=gcc3'
CC_FOR_BUILD='gcc'
CC_FOR_TARGET_AARCH64=''
CC_FOR_TARGET_ARM=''
CC_FOR_TARGET_AVR=''
CC_FOR_TARGET_BFIN=''
CC_FOR_TARGET_BPF=''
CC_FOR_TARGET_CR16=''
CC_FOR_TARGET_CRIS=''
CC_FOR_TARGET_D10V=''
CC_FOR_TARGET_ERC32=''
CC_FOR_TARGET_EXAMPLE_SYNACOR=''
CC_FOR_TARGET_FRV=''
CC_FOR_TARGET_FT32=''
CC_FOR_TARGET_H8300=''
CC_FOR_TARGET_IQ2000=''
CC_FOR_TARGET_LM32=''
CC_FOR_TARGET_M32C=''
CC_FOR_TARGET_M32R=''
CC_FOR_TARGET_M68HC11=''
CC_FOR_TARGET_MCORE=''
CC_FOR_TARGET_MICROBLAZE=''
CC_FOR_TARGET_MIPS=''
CC_FOR_TARGET_MN10300=''
CC_FOR_TARGET_MOXIE=''
CC_FOR_TARGET_MSP430=''
CC_FOR_TARGET_OR1K=''
CC_FOR_TARGET_PPC=''
CC_FOR_TARGET_PRU=''
CC_FOR_TARGET_RISCV=''
CC_FOR_TARGET_RL78=''
CC_FOR_TARGET_RX=''
CC_FOR_TARGET_SH=''
CC_FOR_TARGET_V850=''
CFLAGS='-g -O2    '
CFLAGS_FOR_BUILD='-g -O2'
CGEN_MAINT='#'
CPP='gcc -E'
CPPFLAGS=''
CYGPATH_W='echo'
C_DIALECT=''
DATADIRNAME='share'
DEFS='-DHAVE_CONFIG_H'
DEPDIR='.deps'
DSYMUTIL='@DSYMUTIL@'
DTC=''
DUMPBIN=''
ECHO_C=''
ECHO_N='-n'
ECHO_T=''
EGREP='/usr/bin/grep -E'
ENABLE_SIM_FALSE=''
ENABLE_SIM_TRUE='#'
EXEEXT=''
FGREP='/usr/bin/grep -F'
GENCAT='gencat'
GMSGFMT=':'
GREP='/usr/bin/grep'
INCINTL=''
INSTALL_DATA='/usr/bin/install -c -m 644'
INSTALL_PROGRAM='/usr/bin/install -c'
INSTALL_SCRIPT='/usr/bin/install -c'
INSTALL_STRIP_PROGRAM='$(install_sh) -c -s'
INSTOBJEXT='.mo'
LD='ld -m elf_x86_64'
LDFLAGS=' '
LDFLAGS_FOR_BUILD='$(LDFLAGS)'
LD_FOR_TARGET_AARCH64=''
LD_FOR_TARGET_ARM=''
LD_FOR_TARGET_AVR=''
LD_FOR_TARGET_BFIN=''
LD_FOR_TARGET_BPF=''
LD_FOR_TARGET_CR16=''
LD_FOR_TARGET_CRIS=''
LD_FOR_TARGET_D10V=''
LD_FOR_TARGET_ERC32=''
LD_FOR_TARGET_EXAMPLE_SYNACOR=''
LD_FOR_TARGET_FRV=''
LD_FOR_TARGET_FT32=''
LD_FOR_TARGET_H8300=''
LD_FOR_TARGET_IQ2000=''
LD_FOR_TARGET_LM32=''
LD_FOR_TARGET_M32C=''
LD_FOR_TARGET_M32R=''
LD_FOR_TARGET_M68HC11=''
LD_FOR_TARGET_MCORE=''
LD_FOR_TARGET_MICROBLAZE=''
LD_FOR_TARGET_MIPS=''
LD_FOR_TARGET_MN10300=''
LD_FOR_TARGET_MOXIE=''
LD_FOR_TARGET_MSP430=''
LD_FOR_TARGET_OR1K=''
LD_FOR_TARGET_PPC=''
LD_FOR_TARGET_PRU=''
LD_FOR_TARGET_RISCV=''
LD_FOR_TARGET_RL78=''
LD_FOR_TARGET_RX=''
LD_FOR_TARGET_SH=''
LD_FOR_TARGET_V850=''
LIBINTL=''
LIBINTL_DEP=''
LIBOBJS=''
LIBS='-ldl -lm -lm -lnsl -ldl '
LIBTOOL='$(SHELL) $(top_builddir)/libtool'
LIPO=''
LN_S='ln -s'
LTLIBOBJS=''
MAINT='#'
MAINTAINER_MODE_FALSE=''
MAINTAINER_MODE_TRUE='#'
MAKEINFO='makeinfo --split-size=5000000'
MKDIR_P='/usr/bin/mkdir -p'
NM='/usr/bin/nm -B'
NMEDIT=''
OBJDUMP='objdump'
OBJEXT='o'
OTOOL64=''
OTOOL='@OTOOL@'
PACKAGE='sim'
PACKAGE_BUGREPORT='https://sourceware.org/bugzilla/enter_bug.cgi?product=gdb&component=sim'
PACKAGE_NAME='sim'
PACKAGE_STRING='sim 0'
PACKAGE_TARNAME='sim'
PACKAGE_URL='https://sourceware.org/gdb/wiki/Sim/'
PACKAGE_VERSION='0'
PATH_SEPARATOR=':'
PKGVERSION='(SIM) '
PKG_CONFIG='/usr/bin/x86_64-pc-linux-gnu-pkg-config'
PKG_CONFIG_LIBDIR=''
PKG_CONFIG_PATH=''
PLUGINS_FALSE='#'
PLUGINS_TRUE=''
POSUB='po'
RANLIB='ranlib --plugin /usr/lib/gcc/x86_64-linux-gnu/9/liblto_plugin.so --plugin /usr/lib/gcc/x86_64-linux-gnu/9/liblto_plugin.so'
RANLIB_FOR_BUILD='$(RANLIB)'
READLINE_CFLAGS='-I$(READLINE_SRC)/..'
READLINE_LIB='../../readline/readline/libreadline.a'
REPORT_BUGS_TEXI='@uref{https://sourceware.org/bugzilla/enter_bug.cgi?product=gdb&component=sim}'
REPORT_BUGS_TO='<https://sourceware.org/bugzilla/enter_bug.cgi?product=gdb&component=sim>'
SDL_CFLAGS=''
SDL_LIBS=''
SED='/usr/bin/sed'
SET_MAKE=''
SHELL='/bin/bash'
SIM_COMMON_BUILD_FALSE='#'
SIM_COMMON_BUILD_TRUE=''
SIM_ENABLE_ARCH_aarch64_FALSE=''
SIM_ENABLE_ARCH_aarch64_TRUE='#'
SIM_ENABLE_ARCH_arm_FALSE=''
SIM_ENABLE_ARCH_arm_TRUE='#'
SIM_ENABLE_ARCH_avr_FALSE=''
SIM_ENABLE_ARCH_avr_TRUE='#'
SIM_ENABLE_ARCH_bfin_FALSE=''
SIM_ENABLE_ARCH_bfin_TRUE='#'
SIM_ENABLE_ARCH_bpf_FALSE=''
SIM_ENABLE_ARCH_bpf_TRUE='#'
SIM_ENABLE_ARCH_cr16_FALSE=''
SIM_ENABLE_ARCH_cr16_TRUE='#'
SIM_ENABLE_ARCH_cris_FALSE=''
SIM_ENABLE_ARCH_cris_TRUE='#'
SIM_ENABLE_ARCH_d10v_FALSE=''
SIM_ENABLE_ARCH_d10v_TRUE='#'
SIM_ENABLE_ARCH_erc32_FALSE=''
SIM_ENABLE_ARCH_erc32_TRUE='#'
SIM_ENABLE_ARCH_frv_FALSE=''
SIM_ENABLE_ARCH_frv_TRUE='#'
SIM_ENABLE_ARCH_ft32_FALSE=''
SIM_ENABLE_ARCH_ft32_TRUE='#'
SIM_ENABLE_ARCH_h8300_FALSE=''
SIM_ENABLE_ARCH_h8300_TRUE='#'
SIM_ENABLE_ARCH_iq2000_FALSE=''
SIM_ENABLE_ARCH_iq2000_TRUE='#'
SIM_ENABLE_ARCH_lm32_FALSE=''
SIM_ENABLE_ARCH_lm32_TRUE='#'
SIM_ENABLE_ARCH_m32c_FALSE=''
SIM_ENABLE_ARCH_m32c_TRUE='#'
SIM_ENABLE_ARCH_m32r_FALSE=''
SIM_ENABLE_ARCH_m32r_TRUE='#'
SIM_ENABLE_ARCH_m68hc11_FALSE=''
SIM_ENABLE_ARCH_m68hc11_TRUE='#'
SIM_ENABLE_ARCH_mcore_FALSE=''
SIM_ENABLE_ARCH_mcore_TRUE='#'
SIM_ENABLE_ARCH_microblaze_FALSE=''
SIM_ENABLE_ARCH_microblaze_TRUE='#'
SIM_ENABLE_ARCH_mips_FALSE=''
SIM_ENABLE_ARCH_mips_TRUE='#'
SIM_ENABLE_ARCH_mn10300_FALSE=''
SIM_ENABLE_ARCH_mn10300_TRUE='#'
SIM_ENABLE_ARCH_moxie_FALSE=''
SIM_ENABLE_ARCH_moxie_TRUE='#'
SIM_ENABLE_ARCH_msp430_FALSE=''
SIM_ENABLE_ARCH_msp430_TRUE='#'
SIM_ENABLE_ARCH_or1k_FALSE=''
SIM_ENABLE_ARCH_or1k_TRUE='#'
SIM_ENABLE_ARCH_ppc_FALSE=''
SIM_ENABLE_ARCH_ppc_TRUE='#'
SIM_ENABLE_ARCH_pru_FALSE=''
SIM_ENABLE_ARCH_pru_TRUE='#'
SIM_ENABLE_ARCH_riscv_FALSE=''
SIM_ENABLE_ARCH_riscv_TRUE='#'
SIM_ENABLE_ARCH_rl78_FALSE=''
SIM_ENABLE_ARCH_rl78_TRUE='#'
SIM_ENABLE_ARCH_rx_FALSE=''
SIM_ENABLE_ARCH_rx_TRUE='#'
SIM_ENABLE_ARCH_sh_FALSE=''
SIM_ENABLE_ARCH_sh_TRUE='#'
SIM_ENABLE_ARCH_v850_FALSE=''
SIM_ENABLE_ARCH_v850_TRUE='#'
SIM_ENABLE_HW_FALSE='#'
SIM_ENABLE_HW_TRUE=''
SIM_ENABLE_IGEN_FALSE=''
SIM_ENABLE_IGEN_TRUE='#'
SIM_FRV_TRAPDUMP_FLAGS='-DTRAPDUMP=0'
SIM_INLINE='-DDEFAULT_INLINE=0'
SIM_PRIMARY_TARGET=''
SIM_RX_CYCLE_ACCURATE_FLAGS='-DCYCLE_ACCURATE'
SIM_SUBDIRS=''
SIM_TOOLCHAIN_VARS=' AS_FOR_TARGET_AARCH64 LD_FOR_TARGET_AARCH64 CC_FOR_TARGET_AARCH64 AS_FOR_TARGET_ARM LD_FOR_TARGET_ARM CC_FOR_TARGET_ARM AS_FOR_TARGET_AVR LD_FOR_TARGET_AVR CC_FOR_TARGET_AVR AS_FOR_TARGET_BFIN LD_FOR_TARGET_BFIN CC_FOR_TARGET_BFIN AS_FOR_TARGET_BPF LD_FOR_TARGET_BPF CC_FOR_TARGET_BPF AS_FOR_TARGET_CR16 LD_FOR_TARGET_CR16 CC_FOR_TARGET_CR16 AS_FOR_TARGET_CRIS LD_FOR_TARGET_CRIS CC_FOR_TARGET_CRIS AS_FOR_TARGET_D10V LD_FOR_TARGET_D10V CC_FOR_TARGET_D10V AS_FOR_TARGET_FRV LD_FOR_TARGET_FRV CC_FOR_TARGET_FRV AS_FOR_TARGET_FT32 LD_FOR_TARGET_FT32 CC_FOR_TARGET_FT32 AS_FOR_TARGET_H8300 LD_FOR_TARGET_H8300 CC_FOR_TARGET_H8300 AS_FOR_TARGET_IQ2000 LD_FOR_TARGET_IQ2000 CC_FOR_TARGET_IQ2000 AS_FOR_TARGET_LM32 LD_FOR_TARGET_LM32 CC_FOR_TARGET_LM32 AS_FOR_TARGET_M32C LD_FOR_TARGET_M32C CC_FOR_TARGET_M32C AS_FOR_TARGET_M32R LD_FOR_TARGET_M32R CC_FOR_TARGET_M32R AS_FOR_TARGET_M68HC11 LD_FOR_TARGET_M68HC11 CC_FOR_TARGET_M68HC11 AS_FOR_TARGET_MCORE LD_FOR_TARGET_MCORE CC_FOR_TARGET_MCORE AS_FOR_TARGET_MICROBLAZE LD_FOR_TARGET_MICROBLAZE CC_FOR_TARGET_MICROBLAZE AS_FOR_TARGET_MIPS LD_FOR_TARGET_MIPS CC_FOR_TARGET_MIPS AS_FOR_TARGET_MN10300 LD_FOR_TARGET_MN10300 CC_FOR_TARGET_MN10300 AS_FOR_TARGET_MOXIE LD_FOR_TARGET_MOXIE CC_FOR_TARGET_MOXIE AS_FOR_TARGET_MSP430 LD_FOR_TARGET_MSP430 CC_FOR_TARGET_MSP430 AS_FOR_TARGET_OR1K LD_FOR_TARGET_OR1K CC_FOR_TARGET_OR1K AS_FOR_TARGET_PPC LD_FOR_TARGET_PPC CC_FOR_TARGET_PPC AS_FOR_TARGET_PRU LD_FOR_TARGET_PRU CC_FOR_TARGET_PRU AS_FOR_TARGET_RISCV LD_FOR_TARGET_RISCV CC_FOR_TARGET_RISCV AS_FOR_TARGET_RL78 LD_FOR_TARGET_RL78 CC_FOR_TARGET_RL78 AS_FOR_TARGET_RX LD_FOR_TARGET_RX CC_FOR_TARGET_RX AS_FOR_TARGET_SH LD_FOR_TARGET_SH CC_FOR_TARGET_SH AS_FOR_TARGET_ERC32 LD_FOR_TARGET_ERC32 CC_FOR_TARGET_ERC32 AS_FOR_TARGET_V850 LD_FOR_TARGET_V850 CC_FOR_TARGET_V850'
STRIP='strip'
TERMCAP_LIB=''
USE_NLS='yes'
VERSION='0'
WARN_CFLAGS=' -Wall -Wdeclaration-after-statement -Wpointer-arith -Wno-unused -Wunused-value -Wunused-function -Wno-switch -Wno-char-subscripts -Wempty-body -Wunused-but-set-parameter -Wno-error=maybe-uninitialized -Wmissing-declarations -Wmissing-prototypes -Wdeclaration-after-statement -Wmissing-parameter-type -Wpointer-sign -Wold-style-declaration -Wformat-nonliteral'
WERROR_CFLAGS='-Werror'
XGETTEXT=':'
ac_ct_CC=''
ac_ct_DUMPBIN=''
am__EXEEXT_FALSE=''
am__EXEEXT_TRUE='#'
am__fastdepCC_FALSE='#'
am__fastdepCC_TRUE=''
am__include='include'
am__isrc=''
am__leading_dot='.'
am__nodep='_no'
am__quote=''
am__tar='$${TAR-tar} chof - "$$tardir"'
am__untar='$${TAR-tar} xf -'
bindir='${exec_prefix}/bin'
build='x86_64-pc-linux-gnu'
build_alias='x86_64-pc-linux-gnu'
build_cpu='x86_64'
build_os='linux-gnu'
build_vendor='pc'
cgen='guile'
cgendir='$(srcdir)/../../cgen'
datadir='${datarootdir}'
datarootdir='${prefix}/share'
docdir='${datarootdir}/doc/${PACKAGE_TARNAME}'
dvidir='${docdir}'
exec_prefix='${prefix}'
host='x86_64-pc-linux-gnu'
host_alias='x86_64-pc-linux-gnu'
host_cpu='x86_64'
host_os='linux-gnu'
host_vendor='pc'
htmldir='${docdir}'
includedir='${prefix}/include'
infodir='${datarootdir}/info'
install_sh='${SHELL} /home/rjhd/Desktop/insight/bundle/install-sh'
libdir='${exec_prefix}/lib'
libexecdir='${exec_prefix}/libexec'
localedir='${datarootdir}/locale'
localstatedir='${prefix}/var'
lt_cv_dlopen_libs=''
mandir='${datarootdir}/man'
mkdir_p='$(MKDIR_P)'
oldincludedir='/usr/include'
pdfdir='${docdir}'
prefix='/usr/local'
program_transform_name='s,y,y,'
psdir='${docdir}'
sbindir='${exec_prefix}/sbin'
sharedstatedir='${prefix}/com'
sim_bitsize=''
sim_float=''
sim_hw_cflags='-DWITH_HW=1 -DHAVE_DV_SOCKSER'
sim_hw_sockser='dv-sockser.o'
subdirs=''
sysconfdir='${prefix}/etc'
target='x86_64-pc-linux-gnu'
target_alias='x86_64-pc-linux-gnu'
target_cpu='x86_64'
target_os='linux-gnu'
target_vendor='pc'
zlibdir='-L$(top_builddir)/../zlib'
zlibinc='-I$(top_srcdir)/../zlib'

## ----------- ##
## confdefs.h. ##
## ----------- ##

/* confdefs.h */
#define PACKAGE_NAME "sim"
#define PACKAGE_TARNAME "sim"
#define PACKAGE_VERSION "0"
#define PACKAGE_STRING "sim 0"
#define PACKAGE_BUGREPORT "https://sourceware.org/bugzilla/enter_bug.cgi?product=gdb&component=sim"
#define PACKAGE_URL "https://sourceware.org/gdb/wiki/Sim/"
#define PKGVERSION "(SIM) "
#define REPORT_BUGS_TO "<https://sourceware.org/bugzilla/enter_bug.cgi?product=gdb&component=sim>"
#define STDC_HEADERS 1
#define HAVE_SYS_TYPES_H 1
#define HAVE_SYS_STAT_H 1
#define HAVE_STDLIB_H 1
#define HAVE_STRING_H 1
#define HAVE_MEMORY_H 1
#define HAVE_STRINGS_H 1
#define HAVE_INTTYPES_H 1
#define HAVE_STDINT_H 1
#define HAVE_UNISTD_H 1
#define __EXTENSIONS__ 1
#define _ALL_SOURCE 1
#define _GNU_SOURCE 1
#define _POSIX_PTHREAD_SEMANTICS 1
#define _TANDEM_SOURCE 1
#define HAVE_DLFCN_H 1
#define HAVE_FCNTL_H 1
#define HAVE_FPU_CONTROL_H 1
#define HAVE_TERMIOS_H 1
#define HAVE_UNISTD_H 1
#define HAVE_UTIME_H 1
#define HAVE_LINUX_IF_TUN_H 1
#define HAVE_LINUX_MII_H 1
#define HAVE_LINUX_TYPES_H 1
#define HAVE_NET_IF_H 1
#define HAVE_NETINET_IN_H 1
#define HAVE_NETINET_TCP_H 1
#define HAVE_SYS_IOCTL_H 1
#define HAVE_SYS_MMAN_H 1
#define HAVE_SYS_MOUNT_H 1
#define HAVE_SYS_PARAM_H 1
#define HAVE_SYS_RESOURCE_H 1
#define HAVE_SYS_SOCKET_H 1
#define HAVE_SYS_STAT_H 1
#define HAVE_SYS_STATFS_H 1
#define HAVE_SYS_TERMIOS_H 1
#define HAVE_SYS_TYPES_H 1
#define HAVE_SYS_VFS_H 1
#define HAVE_ACCESS 1
#define HAVE_CFGETISPEED 1
#define HAVE_CFGETOSPEED 1
#define HAVE_CFSETISPEED 1
#define HAVE_CFSETOSPEED 1
#define HAVE_CHDIR 1
#define HAVE_CHMOD 1
#define HAVE_DUP 1
#define HAVE_DUP2 1
#define HAVE_EXECV 1
#define HAVE_EXECVE 1
#define HAVE_FCNTL 1
#define HAVE_FORK 1
#define HAVE_FSTAT 1
#define HAVE_FSTATFS 1
#define HAVE_FTRUNCATE 1
#define HAVE_GETDIRENTRIES 1
#define HAVE_GETEGID 1
#define HAVE_GETEUID 1
#define HAVE_GETGID 1
#define HAVE_GETPID 1
#define HAVE_GETPPID 1
#define HAVE_GETRUSAGE 1
#define HAVE_GETTIMEOFDAY 1
#define HAVE_GETUID 1
#define HAVE_IOCTL 1
#define HAVE_KILL 1
#define HAVE_LINK 1
#define HAVE_LSEEK 1
#define HAVE_MMAP 1
#define HAVE_MUNMAP 1
#define HAVE_PIPE 1
#define HAVE_POSIX_FALLOCATE 1
#define HAVE_PREAD 1
#define HAVE_RMDIR 1
#define HAVE_SETREGID 1
#define HAVE_SETREUID 1
#define HAVE_SETGID 1
#define HAVE_SETUID 1
#define HAVE_SIGACTION 1
#define HAVE_SIGPROCMASK 1
#define HAVE_STAT 1
#define HAVE_STRSIGNAL 1
#define HAVE_SYMLINK 1
#define HAVE_TCDRAIN 1
#define HAVE_TCFLOW 1
#define HAVE_TCFLUSH 1
#define HAVE_TCGETATTR 1
#define HAVE_TCGETPGRP 1
#define HAVE_TCSENDBREAK 1
#define HAVE_TCSETATTR 1
#define HAVE_TCSETPGRP 1
#define HAVE_TIME 1
#define HAVE_TRUNCATE 1
#define HAVE_UMASK 1
#define HAVE_UNLINK 1
#define HAVE_UTIME 1
#define HAVE_DLFCN_H 1
#define HAVE_DIRENT_H 1
#define HAVE_STRUCT_STAT_ST_BLKSIZE 1
#define HAVE_ST_BLKSIZE 1
#define HAVE_STRUCT_STAT_ST_BLOCKS 1
#define HAVE_ST_BLOCKS 1
#define HAVE_STRUCT_STAT_ST_RDEV 1
#define HAVE_ST_RDEV 1
#define HAVE_STRUCT_TM_TM_ZONE 1
#define HAVE_TM_ZONE 1
#define HAVE_STRUCT_STAT_ST_DEV 1
#define HAVE_STRUCT_STAT_ST_INO 1
#define HAVE_STRUCT_STAT_ST_MODE 1
#define HAVE_STRUCT_STAT_ST_NLINK 1
#define HAVE_STRUCT_STAT_ST_UID 1
#define HAVE_STRUCT_STAT_ST_GID 1
#define HAVE_STRUCT_STAT_ST_RDEV 1
#define HAVE_STRUCT_STAT_ST_SIZE 1
#define HAVE_STRUCT_STAT_ST_BLKSIZE 1
#define HAVE_STRUCT_STAT_ST_BLOCKS 1
#define HAVE_STRUCT_STAT_ST_ATIME 1
#define HAVE_STRUCT_STAT_ST_MTIME 1
#define HAVE_STRUCT_STAT_ST_CTIME 1
#define HAVE___INT128 1
#define HAVE_SOCKLEN_T 1
#define GETGROUPS_T gid_t
#define RETSIGTYPE void
#define ENABLE_NLS 1
#define HAVE_DLFCN_H 1
#define LT_OBJDIR ".libs/"
#define HAVE_LIBNSL 1
#define HAVE_LIBM 1
#define HAVE_LIBM 1
#define HAVE_LIBDL 1
#define PACKAGE "sim"
#define VERSION "0"
#define WITH_ALIGNMENT 0
#define WITH_ASSERT 1
#define WITH_DEBUG 0
#define WITH_TARGET_BYTE_ORDER BFD_ENDIAN_UNKNOWN
#define WITH_ENVIRONMENT ALL_ENVIRONMENT
#define PROFILE 1
#define WITH_PROFILE -1
#define WITH_RESERVED_BITS 1
#define WITH_SCACHE 16384
#define WITH_STDIO 0
#define WITH_TRACE ~TRACE_debug

configure: exit 0
